{"C:\\Users\\grknc\\Desktop\\bmök\\Proje2\\mini-crm\\src\\app.js": {"path":"C:\\Users\\grknc\\Desktop\\bmök\\Proje2\\mini-crm\\src\\app.js","statementMap":{"0":{"start":{"line":4,"column":16},"end":{"line":4,"column":34}},"1":{"start":{"line":5,"column":15},"end":{"line":5,"column":38}},"2":{"start":{"line":6,"column":23},"end":{"line":6,"column":62}},"3":{"start":{"line":8,"column":24},"end":{"line":8,"column":53}},"4":{"start":{"line":9,"column":21},"end":{"line":9,"column":47}},"5":{"start":{"line":11,"column":12},"end":{"line":11,"column":21}},"6":{"start":{"line":13,"column":0},"end":{"line":13,"column":24}},"7":{"start":{"line":14,"column":0},"end":{"line":14,"column":24}},"8":{"start":{"line":17,"column":0},"end":{"line":39,"column":1}},"9":{"start":{"line":18,"column":2},"end":{"line":38,"column":5}},"10":{"start":{"line":19,"column":18},"end":{"line":19,"column":28}},"11":{"start":{"line":21,"column":4},"end":{"line":25,"column":7}},"12":{"start":{"line":27,"column":4},"end":{"line":35,"column":7}},"13":{"start":{"line":28,"column":6},"end":{"line":34,"column":9}},"14":{"start":{"line":37,"column":4},"end":{"line":37,"column":11}},"15":{"start":{"line":41,"column":0},"end":{"line":41,"column":43}},"16":{"start":{"line":42,"column":0},"end":{"line":42,"column":37}},"17":{"start":{"line":44,"column":0},"end":{"line":59,"column":3}},"18":{"start":{"line":45,"column":21},"end":{"line":45,"column":51}},"19":{"start":{"line":47,"column":2},"end":{"line":52,"column":5}},"20":{"start":{"line":54,"column":2},"end":{"line":58,"column":5}},"21":{"start":{"line":61,"column":0},"end":{"line":61,"column":21}}},"fnMap":{"0":{"name":"(anonymous_0)","decl":{"start":{"line":18,"column":10},"end":{"line":18,"column":11}},"loc":{"start":{"line":18,"column":30},"end":{"line":38,"column":3}},"line":18},"1":{"name":"(anonymous_1)","decl":{"start":{"line":27,"column":21},"end":{"line":27,"column":22}},"loc":{"start":{"line":27,"column":27},"end":{"line":35,"column":5}},"line":27},"2":{"name":"(anonymous_2)","decl":{"start":{"line":44,"column":8},"end":{"line":44,"column":9}},"loc":{"start":{"line":44,"column":33},"end":{"line":59,"column":1}},"line":44}},"branchMap":{"0":{"loc":{"start":{"line":17,"column":0},"end":{"line":39,"column":1}},"type":"if","locations":[{"start":{"line":17,"column":0},"end":{"line":39,"column":1}},{"start":{},"end":{}}],"line":17},"1":{"loc":{"start":{"line":45,"column":21},"end":{"line":45,"column":51}},"type":"binary-expr","locations":[{"start":{"line":45,"column":21},"end":{"line":45,"column":44}},{"start":{"line":45,"column":48},"end":{"line":45,"column":51}}],"line":45},"2":{"loc":{"start":{"line":55,"column":13},"end":{"line":55,"column":46}},"type":"binary-expr","locations":[{"start":{"line":55,"column":13},"end":{"line":55,"column":25}},{"start":{"line":55,"column":29},"end":{"line":55,"column":46}}],"line":55}},"s":{"0":1,"1":1,"2":1,"3":1,"4":1,"5":1,"6":1,"7":1,"8":1,"9":0,"10":0,"11":0,"12":0,"13":0,"14":0,"15":1,"16":1,"17":1,"18":3,"19":3,"20":3,"21":1},"f":{"0":0,"1":0,"2":3},"b":{"0":[0,1],"1":[3,0],"2":[3,0]},"_coverageSchema":"1a1c01bbd47fc00a2c39e90264f33305004495a9","hash":"df868cbf014f990a1afaad96767bd31fd04ed7ae"}
,"C:\\Users\\grknc\\Desktop\\bmök\\Proje2\\mini-crm\\src\\config\\index.js": {"path":"C:\\Users\\grknc\\Desktop\\bmök\\Proje2\\mini-crm\\src\\config\\index.js","statementMap":{"0":{"start":{"line":4,"column":15},"end":{"line":4,"column":32}},"1":{"start":{"line":6,"column":0},"end":{"line":6,"column":16}},"2":{"start":{"line":8,"column":12},"end":{"line":8,"column":49}},"3":{"start":{"line":10,"column":14},"end":{"line":13,"column":1}},"4":{"start":{"line":11,"column":12},"end":{"line":11,"column":21}},"5":{"start":{"line":12,"column":2},"end":{"line":12,"column":43}},"6":{"start":{"line":15,"column":15},"end":{"line":19,"column":1}},"7":{"start":{"line":16,"column":2},"end":{"line":16,"column":65}},"8":{"start":{"line":16,"column":49},"end":{"line":16,"column":65}},"9":{"start":{"line":17,"column":12},"end":{"line":17,"column":35}},"10":{"start":{"line":18,"column":2},"end":{"line":18,"column":35}},"11":{"start":{"line":21,"column":14},"end":{"line":21,"column":47}},"12":{"start":{"line":23,"column":20},"end":{"line":25,"column":8}},"13":{"start":{"line":27,"column":16},"end":{"line":33,"column":1}},"14":{"start":{"line":35,"column":0},"end":{"line":56,"column":2}}},"fnMap":{"0":{"name":"(anonymous_0)","decl":{"start":{"line":10,"column":14},"end":{"line":10,"column":15}},"loc":{"start":{"line":10,"column":31},"end":{"line":13,"column":1}},"line":10},"1":{"name":"(anonymous_1)","decl":{"start":{"line":15,"column":15},"end":{"line":15,"column":16}},"loc":{"start":{"line":15,"column":40},"end":{"line":19,"column":1}},"line":15}},"branchMap":{"0":{"loc":{"start":{"line":8,"column":12},"end":{"line":8,"column":49}},"type":"binary-expr","locations":[{"start":{"line":8,"column":12},"end":{"line":8,"column":32}},{"start":{"line":8,"column":36},"end":{"line":8,"column":49}}],"line":8},"1":{"loc":{"start":{"line":12,"column":9},"end":{"line":12,"column":42}},"type":"cond-expr","locations":[{"start":{"line":12,"column":30},"end":{"line":12,"column":31}},{"start":{"line":12,"column":34},"end":{"line":12,"column":42}}],"line":12},"2":{"loc":{"start":{"line":15,"column":19},"end":{"line":15,"column":35}},"type":"default-arg","locations":[{"start":{"line":15,"column":30},"end":{"line":15,"column":35}}],"line":15},"3":{"loc":{"start":{"line":16,"column":2},"end":{"line":16,"column":65}},"type":"if","locations":[{"start":{"line":16,"column":2},"end":{"line":16,"column":65}},{"start":{},"end":{}}],"line":16},"4":{"loc":{"start":{"line":16,"column":6},"end":{"line":16,"column":47}},"type":"binary-expr","locations":[{"start":{"line":16,"column":6},"end":{"line":16,"column":21}},{"start":{"line":16,"column":25},"end":{"line":16,"column":35}},{"start":{"line":16,"column":39},"end":{"line":16,"column":47}}],"line":16},"5":{"loc":{"start":{"line":18,"column":9},"end":{"line":18,"column":34}},"type":"binary-expr","locations":[{"start":{"line":18,"column":9},"end":{"line":18,"column":21}},{"start":{"line":18,"column":25},"end":{"line":18,"column":34}}],"line":18},"6":{"loc":{"start":{"line":23,"column":20},"end":{"line":25,"column":8}},"type":"cond-expr","locations":[{"start":{"line":24,"column":4},"end":{"line":24,"column":43}},{"start":{"line":25,"column":4},"end":{"line":25,"column":8}}],"line":23},"7":{"loc":{"start":{"line":28,"column":8},"end":{"line":28,"column":42}},"type":"binary-expr","locations":[{"start":{"line":28,"column":8},"end":{"line":28,"column":27}},{"start":{"line":28,"column":31},"end":{"line":28,"column":42}}],"line":28},"8":{"loc":{"start":{"line":30,"column":12},"end":{"line":30,"column":49}},"type":"binary-expr","locations":[{"start":{"line":30,"column":12},"end":{"line":30,"column":31}},{"start":{"line":30,"column":35},"end":{"line":30,"column":49}}],"line":30},"9":{"loc":{"start":{"line":31,"column":12},"end":{"line":31,"column":45}},"type":"binary-expr","locations":[{"start":{"line":31,"column":12},"end":{"line":31,"column":31}},{"start":{"line":31,"column":35},"end":{"line":31,"column":45}}],"line":31},"10":{"loc":{"start":{"line":32,"column":12},"end":{"line":32,"column":39}},"type":"binary-expr","locations":[{"start":{"line":32,"column":12},"end":{"line":32,"column":31}},{"start":{"line":32,"column":35},"end":{"line":32,"column":39}}],"line":32},"11":{"loc":{"start":{"line":42,"column":6},"end":{"line":43,"column":73}},"type":"binary-expr","locations":[{"start":{"line":42,"column":6},"end":{"line":42,"column":27}},{"start":{"line":43,"column":7},"end":{"line":43,"column":72}}],"line":42},"12":{"loc":{"start":{"line":43,"column":7},"end":{"line":43,"column":72}},"type":"cond-expr","locations":[{"start":{"line":43,"column":30},"end":{"line":43,"column":36}},{"start":{"line":43,"column":39},"end":{"line":43,"column":72}}],"line":43},"13":{"loc":{"start":{"line":43,"column":39},"end":{"line":43,"column":72}},"type":"cond-expr","locations":[{"start":{"line":43,"column":56},"end":{"line":43,"column":62}},{"start":{"line":43,"column":65},"end":{"line":43,"column":72}}],"line":43},"14":{"loc":{"start":{"line":50,"column":22},"end":{"line":52,"column":12}},"type":"cond-expr","locations":[{"start":{"line":51,"column":10},"end":{"line":51,"column":63}},{"start":{"line":52,"column":10},"end":{"line":52,"column":12}}],"line":50}},"s":{"0":1,"1":1,"2":1,"3":1,"4":2,"5":2,"6":1,"7":1,"8":0,"9":1,"10":1,"11":1,"12":1,"13":1,"14":1},"f":{"0":2,"1":1},"b":{"0":[1,0],"1":[2,0],"2":[0],"3":[0,1],"4":[1,1,1],"5":[1,0],"6":[1,0],"7":[1,0],"8":[1,0],"9":[1,0],"10":[1,0],"11":[1,0],"12":[0,0],"13":[0,0],"14":[1,0]},"_coverageSchema":"1a1c01bbd47fc00a2c39e90264f33305004495a9","hash":"ca885dc7296877a35ee8fcc7b6bbcb13cde29348"}
,"C:\\Users\\grknc\\Desktop\\bmök\\Proje2\\mini-crm\\src\\helpers\\customerNormalizer.js": {"path":"C:\\Users\\grknc\\Desktop\\bmök\\Proje2\\mini-crm\\src\\helpers\\customerNormalizer.js","statementMap":{"0":{"start":{"line":4,"column":2},"end":{"line":4,"column":57}},"1":{"start":{"line":4,"column":45},"end":{"line":4,"column":57}},"2":{"start":{"line":6,"column":14},"end":{"line":6,"column":34}},"3":{"start":{"line":7,"column":2},"end":{"line":7,"column":24}},"4":{"start":{"line":7,"column":12},"end":{"line":7,"column":24}},"5":{"start":{"line":9,"column":15},"end":{"line":9,"column":37}},"6":{"start":{"line":10,"column":2},"end":{"line":10,"column":27}},"7":{"start":{"line":10,"column":15},"end":{"line":10,"column":27}},"8":{"start":{"line":12,"column":2},"end":{"line":12,"column":58}},"9":{"start":{"line":12,"column":33},"end":{"line":12,"column":58}},"10":{"start":{"line":13,"column":2},"end":{"line":13,"column":55}},"11":{"start":{"line":13,"column":30},"end":{"line":13,"column":55}},"12":{"start":{"line":14,"column":2},"end":{"line":14,"column":56}},"13":{"start":{"line":14,"column":31},"end":{"line":14,"column":56}},"14":{"start":{"line":16,"column":2},"end":{"line":16,"column":40}},"15":{"start":{"line":16,"column":28},"end":{"line":16,"column":40}},"16":{"start":{"line":18,"column":2},"end":{"line":18,"column":24}},"17":{"start":{"line":22,"column":2},"end":{"line":22,"column":57}},"18":{"start":{"line":22,"column":45},"end":{"line":22,"column":57}},"19":{"start":{"line":24,"column":16},"end":{"line":24,"column":50}},"20":{"start":{"line":25,"column":2},"end":{"line":25,"column":26}},"21":{"start":{"line":25,"column":14},"end":{"line":25,"column":26}},"22":{"start":{"line":28,"column":4},"end":{"line":31,"column":25}},"23":{"start":{"line":33,"column":2},"end":{"line":33,"column":27}},"24":{"start":{"line":36,"column":0},"end":{"line":36,"column":52}}},"fnMap":{"0":{"name":"normalizePhone","decl":{"start":{"line":3,"column":9},"end":{"line":3,"column":23}},"loc":{"start":{"line":3,"column":31},"end":{"line":19,"column":1}},"line":3},"1":{"name":"normalizeEmail","decl":{"start":{"line":21,"column":9},"end":{"line":21,"column":23}},"loc":{"start":{"line":21,"column":31},"end":{"line":34,"column":1}},"line":21}},"branchMap":{"0":{"loc":{"start":{"line":4,"column":2},"end":{"line":4,"column":57}},"type":"if","locations":[{"start":{"line":4,"column":2},"end":{"line":4,"column":57}},{"start":{},"end":{}}],"line":4},"1":{"loc":{"start":{"line":4,"column":6},"end":{"line":4,"column":43}},"type":"binary-expr","locations":[{"start":{"line":4,"column":6},"end":{"line":4,"column":25}},{"start":{"line":4,"column":29},"end":{"line":4,"column":43}}],"line":4},"2":{"loc":{"start":{"line":7,"column":2},"end":{"line":7,"column":24}},"type":"if","locations":[{"start":{"line":7,"column":2},"end":{"line":7,"column":24}},{"start":{},"end":{}}],"line":7},"3":{"loc":{"start":{"line":10,"column":2},"end":{"line":10,"column":27}},"type":"if","locations":[{"start":{"line":10,"column":2},"end":{"line":10,"column":27}},{"start":{},"end":{}}],"line":10},"4":{"loc":{"start":{"line":12,"column":2},"end":{"line":12,"column":58}},"type":"if","locations":[{"start":{"line":12,"column":2},"end":{"line":12,"column":58}},{"start":{},"end":{}}],"line":12},"5":{"loc":{"start":{"line":13,"column":2},"end":{"line":13,"column":55}},"type":"if","locations":[{"start":{"line":13,"column":2},"end":{"line":13,"column":55}},{"start":{},"end":{}}],"line":13},"6":{"loc":{"start":{"line":14,"column":2},"end":{"line":14,"column":56}},"type":"if","locations":[{"start":{"line":14,"column":2},"end":{"line":14,"column":56}},{"start":{},"end":{}}],"line":14},"7":{"loc":{"start":{"line":16,"column":2},"end":{"line":16,"column":40}},"type":"if","locations":[{"start":{"line":16,"column":2},"end":{"line":16,"column":40}},{"start":{},"end":{}}],"line":16},"8":{"loc":{"start":{"line":22,"column":2},"end":{"line":22,"column":57}},"type":"if","locations":[{"start":{"line":22,"column":2},"end":{"line":22,"column":57}},{"start":{},"end":{}}],"line":22},"9":{"loc":{"start":{"line":22,"column":6},"end":{"line":22,"column":43}},"type":"binary-expr","locations":[{"start":{"line":22,"column":6},"end":{"line":22,"column":25}},{"start":{"line":22,"column":29},"end":{"line":22,"column":43}}],"line":22},"10":{"loc":{"start":{"line":25,"column":2},"end":{"line":25,"column":26}},"type":"if","locations":[{"start":{"line":25,"column":2},"end":{"line":25,"column":26}},{"start":{},"end":{}}],"line":25},"11":{"loc":{"start":{"line":28,"column":4},"end":{"line":31,"column":25}},"type":"binary-expr","locations":[{"start":{"line":28,"column":4},"end":{"line":28,"column":44}},{"start":{"line":29,"column":4},"end":{"line":29,"column":26}},{"start":{"line":30,"column":4},"end":{"line":30,"column":24}},{"start":{"line":31,"column":4},"end":{"line":31,"column":25}}],"line":28},"12":{"loc":{"start":{"line":33,"column":9},"end":{"line":33,"column":26}},"type":"cond-expr","locations":[{"start":{"line":33,"column":14},"end":{"line":33,"column":19}},{"start":{"line":33,"column":22},"end":{"line":33,"column":26}}],"line":33}},"s":{"0":16,"1":8,"2":8,"3":8,"4":1,"5":7,"6":7,"7":0,"8":7,"9":1,"10":7,"11":2,"12":7,"13":3,"14":7,"15":2,"16":5,"17":16,"18":4,"19":12,"20":12,"21":1,"22":11,"23":11,"24":2},"f":{"0":16,"1":16},"b":{"0":[8,8],"1":[16,9],"2":[1,7],"3":[0,7],"4":[1,6],"5":[2,5],"6":[3,4],"7":[2,5],"8":[4,12],"9":[16,13],"10":[1,11],"11":[11,9,8,7],"12":[6,5]},"_coverageSchema":"1a1c01bbd47fc00a2c39e90264f33305004495a9","hash":"4928649bf612bb1c7cb5933fd32d96436e922118"}
,"C:\\Users\\grknc\\Desktop\\bmök\\Proje2\\mini-crm\\src\\lib\\logger.js": {"path":"C:\\Users\\grknc\\Desktop\\bmök\\Proje2\\mini-crm\\src\\lib\\logger.js","statementMap":{"0":{"start":{"line":3,"column":16},"end":{"line":3,"column":34}},"1":{"start":{"line":4,"column":18},"end":{"line":4,"column":46}},"2":{"start":{"line":5,"column":13},"end":{"line":5,"column":28}},"3":{"start":{"line":6,"column":11},"end":{"line":6,"column":24}},"4":{"start":{"line":8,"column":16},"end":{"line":8,"column":20}},"5":{"start":{"line":9,"column":0},"end":{"line":13,"column":1}},"6":{"start":{"line":10,"column":2},"end":{"line":10,"column":41}},"7":{"start":{"line":15,"column":15},"end":{"line":15,"column":50}},"8":{"start":{"line":16,"column":0},"end":{"line":16,"column":42}},"9":{"start":{"line":20,"column":4},"end":{"line":20,"column":16}},"10":{"start":{"line":21,"column":4},"end":{"line":21,"column":44}},"11":{"start":{"line":22,"column":4},"end":{"line":22,"column":43}},"12":{"start":{"line":26,"column":4},"end":{"line":26,"column":50}},"13":{"start":{"line":26,"column":23},"end":{"line":26,"column":48}},"14":{"start":{"line":28,"column":4},"end":{"line":58,"column":5}},"15":{"start":{"line":29,"column":20},"end":{"line":29,"column":58}},"16":{"start":{"line":31,"column":6},"end":{"line":33,"column":7}},"17":{"start":{"line":32,"column":8},"end":{"line":32,"column":26}},"18":{"start":{"line":35,"column":22},"end":{"line":35,"column":40}},"19":{"start":{"line":36,"column":22},"end":{"line":36,"column":59}},"20":{"start":{"line":37,"column":50},"end":{"line":37,"column":54}},"21":{"start":{"line":39,"column":6},"end":{"line":55,"column":33}},"22":{"start":{"line":54,"column":20},"end":{"line":54,"column":30}},"23":{"start":{"line":55,"column":21},"end":{"line":55,"column":31}},"24":{"start":{"line":57,"column":6},"end":{"line":57,"column":17}},"25":{"start":{"line":62,"column":15},"end":{"line":94,"column":2}},"26":{"start":{"line":96,"column":0},"end":{"line":96,"column":24}}},"fnMap":{"0":{"name":"(anonymous_0)","decl":{"start":{"line":19,"column":2},"end":{"line":19,"column":3}},"loc":{"start":{"line":19,"column":25},"end":{"line":23,"column":3}},"line":19},"1":{"name":"(anonymous_1)","decl":{"start":{"line":25,"column":2},"end":{"line":25,"column":3}},"loc":{"start":{"line":25,"column":22},"end":{"line":59,"column":3}},"line":25},"2":{"name":"(anonymous_2)","decl":{"start":{"line":26,"column":17},"end":{"line":26,"column":18}},"loc":{"start":{"line":26,"column":23},"end":{"line":26,"column":48}},"line":26},"3":{"name":"(anonymous_3)","decl":{"start":{"line":54,"column":14},"end":{"line":54,"column":15}},"loc":{"start":{"line":54,"column":20},"end":{"line":54,"column":30}},"line":54},"4":{"name":"(anonymous_4)","decl":{"start":{"line":55,"column":15},"end":{"line":55,"column":16}},"loc":{"start":{"line":55,"column":21},"end":{"line":55,"column":31}},"line":55}},"branchMap":{"0":{"loc":{"start":{"line":19,"column":14},"end":{"line":19,"column":23}},"type":"default-arg","locations":[{"start":{"line":19,"column":21},"end":{"line":19,"column":23}}],"line":19},"1":{"loc":{"start":{"line":21,"column":21},"end":{"line":21,"column":43}},"type":"binary-expr","locations":[{"start":{"line":21,"column":21},"end":{"line":21,"column":35}},{"start":{"line":21,"column":39},"end":{"line":21,"column":43}}],"line":21},"2":{"loc":{"start":{"line":29,"column":27},"end":{"line":29,"column":43}},"type":"binary-expr","locations":[{"start":{"line":29,"column":27},"end":{"line":29,"column":37}},{"start":{"line":29,"column":41},"end":{"line":29,"column":43}}],"line":29},"3":{"loc":{"start":{"line":31,"column":6},"end":{"line":33,"column":7}},"type":"if","locations":[{"start":{"line":31,"column":6},"end":{"line":33,"column":7}},{"start":{},"end":{}}],"line":31},"4":{"loc":{"start":{"line":31,"column":10},"end":{"line":31,"column":66}},"type":"binary-expr","locations":[{"start":{"line":31,"column":10},"end":{"line":31,"column":23}},{"start":{"line":31,"column":28},"end":{"line":31,"column":45}},{"start":{"line":31,"column":49},"end":{"line":31,"column":65}}],"line":31},"5":{"loc":{"start":{"line":35,"column":22},"end":{"line":35,"column":40}},"type":"binary-expr","locations":[{"start":{"line":35,"column":22},"end":{"line":35,"column":34}},{"start":{"line":35,"column":38},"end":{"line":35,"column":40}}],"line":35},"6":{"loc":{"start":{"line":36,"column":22},"end":{"line":36,"column":59}},"type":"binary-expr","locations":[{"start":{"line":36,"column":22},"end":{"line":36,"column":35}},{"start":{"line":36,"column":39},"end":{"line":36,"column":51}},{"start":{"line":36,"column":55},"end":{"line":36,"column":59}}],"line":36},"7":{"loc":{"start":{"line":63,"column":9},"end":{"line":63,"column":40}},"type":"binary-expr","locations":[{"start":{"line":63,"column":9},"end":{"line":63,"column":30}},{"start":{"line":63,"column":34},"end":{"line":63,"column":40}}],"line":63},"8":{"loc":{"start":{"line":65,"column":13},"end":{"line":65,"column":51}},"type":"binary-expr","locations":[{"start":{"line":65,"column":13},"end":{"line":65,"column":37}},{"start":{"line":65,"column":41},"end":{"line":65,"column":51}}],"line":65},"9":{"loc":{"start":{"line":66,"column":9},"end":{"line":66,"column":46}},"type":"binary-expr","locations":[{"start":{"line":66,"column":9},"end":{"line":66,"column":29}},{"start":{"line":66,"column":33},"end":{"line":66,"column":46}}],"line":66}},"s":{"0":1,"1":1,"2":1,"3":1,"4":1,"5":1,"6":1,"7":1,"8":1,"9":1,"10":1,"11":1,"12":12,"13":12,"14":12,"15":12,"16":12,"17":9,"18":3,"19":3,"20":3,"21":3,"22":3,"23":0,"24":0,"25":1,"26":1},"f":{"0":1,"1":12,"2":12,"3":3,"4":0},"b":{"0":[0],"1":[1,0],"2":[12,0],"3":[9,3],"4":[12,12,9],"5":[3,0],"6":[3,0,0],"7":[1,0],"8":[1,1],"9":[1,0]},"_coverageSchema":"1a1c01bbd47fc00a2c39e90264f33305004495a9","hash":"b09aff6a4e52de1c8e2ffa3c032dbee8e896299e"}
,"C:\\Users\\grknc\\Desktop\\bmök\\Proje2\\mini-crm\\src\\middlewares\\requestContext.js": {"path":"C:\\Users\\grknc\\Desktop\\bmök\\Proje2\\mini-crm\\src\\middlewares\\requestContext.js","statementMap":{"0":{"start":{"line":3,"column":15},"end":{"line":3,"column":32}},"1":{"start":{"line":5,"column":0},"end":{"line":15,"column":2}},"2":{"start":{"line":6,"column":19},"end":{"line":6,"column":45}},"3":{"start":{"line":8,"column":4},"end":{"line":10,"column":27}},"4":{"start":{"line":12,"column":2},"end":{"line":12,"column":19}},"5":{"start":{"line":13,"column":2},"end":{"line":13,"column":36}},"6":{"start":{"line":14,"column":2},"end":{"line":14,"column":9}}},"fnMap":{"0":{"name":"requestContext","decl":{"start":{"line":5,"column":26},"end":{"line":5,"column":40}},"loc":{"start":{"line":5,"column":57},"end":{"line":15,"column":1}},"line":5}},"branchMap":{"0":{"loc":{"start":{"line":8,"column":4},"end":{"line":10,"column":27}},"type":"cond-expr","locations":[{"start":{"line":9,"column":8},"end":{"line":9,"column":31}},{"start":{"line":10,"column":8},"end":{"line":10,"column":27}}],"line":8},"1":{"loc":{"start":{"line":8,"column":4},"end":{"line":8,"column":39}},"type":"binary-expr","locations":[{"start":{"line":8,"column":4},"end":{"line":8,"column":12}},{"start":{"line":8,"column":16},"end":{"line":8,"column":39}}],"line":8}},"s":{"0":1,"1":1,"2":14,"3":14,"4":14,"5":14,"6":14},"f":{"0":14},"b":{"0":[0,14],"1":[14,0]},"_coverageSchema":"1a1c01bbd47fc00a2c39e90264f33305004495a9","hash":"049a394092c2a9ad223b5960d70e95f5cea1ff97"}
,"C:\\Users\\grknc\\Desktop\\bmök\\Proje2\\mini-crm\\src\\models\\customer.js": {"path":"C:\\Users\\grknc\\Desktop\\bmök\\Proje2\\mini-crm\\src\\models\\customer.js","statementMap":{"0":{"start":{"line":3,"column":0},"end":{"line":57,"column":2}},"1":{"start":{"line":4,"column":19},"end":{"line":54,"column":3}},"2":{"start":{"line":56,"column":2},"end":{"line":56,"column":18}}},"fnMap":{"0":{"name":"(anonymous_0)","decl":{"start":{"line":3,"column":17},"end":{"line":3,"column":18}},"loc":{"start":{"line":3,"column":43},"end":{"line":57,"column":1}},"line":3}},"branchMap":{},"s":{"0":1,"1":1,"2":1},"f":{"0":1},"b":{},"_coverageSchema":"1a1c01bbd47fc00a2c39e90264f33305004495a9","hash":"1f943428778d3faf6e1c3acde15195f62bb15c28"}
,"C:\\Users\\grknc\\Desktop\\bmök\\Proje2\\mini-crm\\src\\models\\index.js": {"path":"C:\\Users\\grknc\\Desktop\\bmök\\Proje2\\mini-crm\\src\\models\\index.js","statementMap":{"0":{"start":{"line":3,"column":22},"end":{"line":3,"column":42}},"1":{"start":{"line":4,"column":15},"end":{"line":4,"column":35}},"2":{"start":{"line":5,"column":15},"end":{"line":5,"column":39}},"3":{"start":{"line":8,"column":2},"end":{"line":10,"column":74}},"4":{"start":{"line":10,"column":15},"end":{"line":10,"column":74}},"5":{"start":{"line":12,"column":18},"end":{"line":29,"column":5}},"6":{"start":{"line":31,"column":11},"end":{"line":31,"column":13}},"7":{"start":{"line":33,"column":0},"end":{"line":33,"column":25}},"8":{"start":{"line":34,"column":0},"end":{"line":34,"column":25}},"9":{"start":{"line":36,"column":0},"end":{"line":36,"column":68}},"10":{"start":{"line":37,"column":0},"end":{"line":37,"column":62}},"11":{"start":{"line":40,"column":0},"end":{"line":40,"column":60}},"12":{"start":{"line":41,"column":0},"end":{"line":41,"column":62}},"13":{"start":{"line":43,"column":0},"end":{"line":43,"column":20}}},"fnMap":{"0":{"name":"(anonymous_0)","decl":{"start":{"line":10,"column":6},"end":{"line":10,"column":7}},"loc":{"start":{"line":10,"column":15},"end":{"line":10,"column":74}},"line":10}},"branchMap":{"0":{"loc":{"start":{"line":8,"column":2},"end":{"line":10,"column":74}},"type":"cond-expr","locations":[{"start":{"line":9,"column":6},"end":{"line":9,"column":11}},{"start":{"line":10,"column":6},"end":{"line":10,"column":74}}],"line":8},"1":{"loc":{"start":{"line":12,"column":18},"end":{"line":29,"column":5}},"type":"cond-expr","locations":[{"start":{"line":13,"column":4},"end":{"line":17,"column":6}},{"start":{"line":18,"column":4},"end":{"line":29,"column":5}}],"line":12}},"s":{"0":1,"1":1,"2":1,"3":1,"4":0,"5":1,"6":1,"7":1,"8":1,"9":1,"10":1,"11":1,"12":1,"13":1},"f":{"0":0},"b":{"0":[1,0],"1":[1,0]},"_coverageSchema":"1a1c01bbd47fc00a2c39e90264f33305004495a9","hash":"875f056f4fe6722f72c4d42dd2243b470b6930a9"}
,"C:\\Users\\grknc\\Desktop\\bmök\\Proje2\\mini-crm\\src\\models\\order.js": {"path":"C:\\Users\\grknc\\Desktop\\bmök\\Proje2\\mini-crm\\src\\models\\order.js","statementMap":{"0":{"start":{"line":3,"column":0},"end":{"line":37,"column":2}},"1":{"start":{"line":4,"column":16},"end":{"line":34,"column":3}},"2":{"start":{"line":36,"column":2},"end":{"line":36,"column":15}}},"fnMap":{"0":{"name":"(anonymous_0)","decl":{"start":{"line":3,"column":17},"end":{"line":3,"column":18}},"loc":{"start":{"line":3,"column":43},"end":{"line":37,"column":1}},"line":3}},"branchMap":{},"s":{"0":1,"1":1,"2":1},"f":{"0":1},"b":{},"_coverageSchema":"1a1c01bbd47fc00a2c39e90264f33305004495a9","hash":"cd27548fcbae71d36b9246ce1f44d7179c9c5638"}
,"C:\\Users\\grknc\\Desktop\\bmök\\Proje2\\mini-crm\\src\\routes\\customers.js": {"path":"C:\\Users\\grknc\\Desktop\\bmök\\Proje2\\mini-crm\\src\\routes\\customers.js","statementMap":{"0":{"start":{"line":3,"column":16},"end":{"line":3,"column":34}},"1":{"start":{"line":4,"column":15},"end":{"line":4,"column":31}},"2":{"start":{"line":5,"column":24},"end":{"line":5,"column":62}},"3":{"start":{"line":8,"column":0},"end":{"line":16,"column":3}},"4":{"start":{"line":9,"column":2},"end":{"line":15,"column":3}},"5":{"start":{"line":10,"column":30},"end":{"line":10,"column":39}},"6":{"start":{"line":11,"column":22},"end":{"line":11,"column":76}},"7":{"start":{"line":12,"column":4},"end":{"line":12,"column":24}},"8":{"start":{"line":14,"column":4},"end":{"line":14,"column":14}},"9":{"start":{"line":19,"column":0},"end":{"line":31,"column":3}},"10":{"start":{"line":20,"column":2},"end":{"line":30,"column":3}},"11":{"start":{"line":21,"column":15},"end":{"line":21,"column":36}},"12":{"start":{"line":22,"column":4},"end":{"line":24,"column":5}},"13":{"start":{"line":23,"column":6},"end":{"line":23,"column":70}},"14":{"start":{"line":26,"column":21},"end":{"line":26,"column":62}},"15":{"start":{"line":27,"column":4},"end":{"line":27,"column":23}},"16":{"start":{"line":29,"column":4},"end":{"line":29,"column":14}},"17":{"start":{"line":34,"column":0},"end":{"line":41,"column":3}},"18":{"start":{"line":35,"column":2},"end":{"line":40,"column":3}},"19":{"start":{"line":36,"column":21},"end":{"line":36,"column":67}},"20":{"start":{"line":37,"column":4},"end":{"line":37,"column":35}},"21":{"start":{"line":39,"column":4},"end":{"line":39,"column":14}},"22":{"start":{"line":44,"column":0},"end":{"line":56,"column":3}},"23":{"start":{"line":45,"column":2},"end":{"line":55,"column":3}},"24":{"start":{"line":46,"column":15},"end":{"line":46,"column":36}},"25":{"start":{"line":47,"column":4},"end":{"line":49,"column":5}},"26":{"start":{"line":48,"column":6},"end":{"line":48,"column":70}},"27":{"start":{"line":51,"column":21},"end":{"line":51,"column":71}},"28":{"start":{"line":52,"column":4},"end":{"line":52,"column":23}},"29":{"start":{"line":54,"column":4},"end":{"line":54,"column":14}},"30":{"start":{"line":59,"column":0},"end":{"line":71,"column":3}},"31":{"start":{"line":60,"column":2},"end":{"line":70,"column":3}},"32":{"start":{"line":61,"column":15},"end":{"line":61,"column":36}},"33":{"start":{"line":62,"column":4},"end":{"line":64,"column":5}},"34":{"start":{"line":63,"column":6},"end":{"line":63,"column":70}},"35":{"start":{"line":66,"column":19},"end":{"line":66,"column":59}},"36":{"start":{"line":67,"column":4},"end":{"line":67,"column":21}},"37":{"start":{"line":69,"column":4},"end":{"line":69,"column":14}},"38":{"start":{"line":73,"column":0},"end":{"line":73,"column":24}}},"fnMap":{"0":{"name":"(anonymous_0)","decl":{"start":{"line":8,"column":16},"end":{"line":8,"column":17}},"loc":{"start":{"line":8,"column":42},"end":{"line":16,"column":1}},"line":8},"1":{"name":"(anonymous_1)","decl":{"start":{"line":19,"column":19},"end":{"line":19,"column":20}},"loc":{"start":{"line":19,"column":45},"end":{"line":31,"column":1}},"line":19},"2":{"name":"(anonymous_2)","decl":{"start":{"line":34,"column":17},"end":{"line":34,"column":18}},"loc":{"start":{"line":34,"column":43},"end":{"line":41,"column":1}},"line":34},"3":{"name":"(anonymous_3)","decl":{"start":{"line":44,"column":19},"end":{"line":44,"column":20}},"loc":{"start":{"line":44,"column":45},"end":{"line":56,"column":1}},"line":44},"4":{"name":"(anonymous_4)","decl":{"start":{"line":59,"column":22},"end":{"line":59,"column":23}},"loc":{"start":{"line":59,"column":48},"end":{"line":71,"column":1}},"line":59}},"branchMap":{"0":{"loc":{"start":{"line":22,"column":4},"end":{"line":24,"column":5}},"type":"if","locations":[{"start":{"line":22,"column":4},"end":{"line":24,"column":5}},{"start":{},"end":{}}],"line":22},"1":{"loc":{"start":{"line":22,"column":8},"end":{"line":22,"column":39}},"type":"binary-expr","locations":[{"start":{"line":22,"column":8},"end":{"line":22,"column":28}},{"start":{"line":22,"column":32},"end":{"line":22,"column":39}}],"line":22},"2":{"loc":{"start":{"line":47,"column":4},"end":{"line":49,"column":5}},"type":"if","locations":[{"start":{"line":47,"column":4},"end":{"line":49,"column":5}},{"start":{},"end":{}}],"line":47},"3":{"loc":{"start":{"line":47,"column":8},"end":{"line":47,"column":39}},"type":"binary-expr","locations":[{"start":{"line":47,"column":8},"end":{"line":47,"column":28}},{"start":{"line":47,"column":32},"end":{"line":47,"column":39}}],"line":47},"4":{"loc":{"start":{"line":62,"column":4},"end":{"line":64,"column":5}},"type":"if","locations":[{"start":{"line":62,"column":4},"end":{"line":64,"column":5}},{"start":{},"end":{}}],"line":62},"5":{"loc":{"start":{"line":62,"column":8},"end":{"line":62,"column":39}},"type":"binary-expr","locations":[{"start":{"line":62,"column":8},"end":{"line":62,"column":28}},{"start":{"line":62,"column":32},"end":{"line":62,"column":39}}],"line":62}},"s":{"0":1,"1":1,"2":1,"3":1,"4":2,"5":2,"6":2,"7":2,"8":0,"9":1,"10":0,"11":0,"12":0,"13":0,"14":0,"15":0,"16":0,"17":1,"18":7,"19":7,"20":5,"21":2,"22":1,"23":0,"24":0,"25":0,"26":0,"27":0,"28":0,"29":0,"30":1,"31":1,"32":1,"33":1,"34":0,"35":1,"36":1,"37":0,"38":1},"f":{"0":2,"1":0,"2":7,"3":0,"4":1},"b":{"0":[0,0],"1":[0,0],"2":[0,0],"3":[0,0],"4":[0,1],"5":[1,1]},"_coverageSchema":"1a1c01bbd47fc00a2c39e90264f33305004495a9","hash":"74454f79b714e9b41bf35a540494a0198577bdbf"}
,"C:\\Users\\grknc\\Desktop\\bmök\\Proje2\\mini-crm\\src\\routes\\orders.js": {"path":"C:\\Users\\grknc\\Desktop\\bmök\\Proje2\\mini-crm\\src\\routes\\orders.js","statementMap":{"0":{"start":{"line":3,"column":16},"end":{"line":3,"column":34}},"1":{"start":{"line":4,"column":15},"end":{"line":4,"column":31}},"2":{"start":{"line":5,"column":21},"end":{"line":5,"column":56}},"3":{"start":{"line":8,"column":0},"end":{"line":15,"column":3}},"4":{"start":{"line":9,"column":2},"end":{"line":14,"column":3}},"5":{"start":{"line":10,"column":19},"end":{"line":10,"column":50}},"6":{"start":{"line":11,"column":4},"end":{"line":11,"column":21}},"7":{"start":{"line":13,"column":4},"end":{"line":13,"column":14}},"8":{"start":{"line":18,"column":0},"end":{"line":25,"column":3}},"9":{"start":{"line":19,"column":2},"end":{"line":24,"column":3}},"10":{"start":{"line":20,"column":18},"end":{"line":20,"column":58}},"11":{"start":{"line":21,"column":4},"end":{"line":21,"column":32}},"12":{"start":{"line":23,"column":4},"end":{"line":23,"column":14}},"13":{"start":{"line":27,"column":0},"end":{"line":27,"column":24}}},"fnMap":{"0":{"name":"(anonymous_0)","decl":{"start":{"line":8,"column":16},"end":{"line":8,"column":17}},"loc":{"start":{"line":8,"column":42},"end":{"line":15,"column":1}},"line":8},"1":{"name":"(anonymous_1)","decl":{"start":{"line":18,"column":17},"end":{"line":18,"column":18}},"loc":{"start":{"line":18,"column":43},"end":{"line":25,"column":1}},"line":18}},"branchMap":{},"s":{"0":1,"1":1,"2":1,"3":1,"4":1,"5":1,"6":1,"7":0,"8":1,"9":3,"10":3,"11":2,"12":1,"13":1},"f":{"0":1,"1":3},"b":{},"_coverageSchema":"1a1c01bbd47fc00a2c39e90264f33305004495a9","hash":"4c8463264f5bf39b0e4769b810cb79179815d6f3"}
,"C:\\Users\\grknc\\Desktop\\bmök\\Proje2\\mini-crm\\src\\services\\customerService.js": {"path":"C:\\Users\\grknc\\Desktop\\bmök\\Proje2\\mini-crm\\src\\services\\customerService.js","statementMap":{"0":{"start":{"line":3,"column":15},"end":{"line":3,"column":35}},"1":{"start":{"line":4,"column":21},"end":{"line":4,"column":41}},"2":{"start":{"line":5,"column":15},"end":{"line":5,"column":39}},"3":{"start":{"line":6,"column":43},"end":{"line":6,"column":83}},"4":{"start":{"line":9,"column":14},"end":{"line":9,"column":32}},"5":{"start":{"line":10,"column":2},"end":{"line":10,"column":30}},"6":{"start":{"line":11,"column":2},"end":{"line":11,"column":51}},"7":{"start":{"line":11,"column":29},"end":{"line":11,"column":51}},"8":{"start":{"line":12,"column":2},"end":{"line":12,"column":13}},"9":{"start":{"line":16,"column":20},"end":{"line":16,"column":67}},"10":{"start":{"line":17,"column":21},"end":{"line":17,"column":53}},"11":{"start":{"line":19,"column":2},"end":{"line":24,"column":5}},"12":{"start":{"line":28,"column":19},"end":{"line":30,"column":4}},"13":{"start":{"line":32,"column":2},"end":{"line":34,"column":3}},"14":{"start":{"line":33,"column":4},"end":{"line":33,"column":47}},"15":{"start":{"line":36,"column":2},"end":{"line":36,"column":18}},"16":{"start":{"line":40,"column":2},"end":{"line":42,"column":3}},"17":{"start":{"line":41,"column":4},"end":{"line":41,"column":51}},"18":{"start":{"line":44,"column":20},"end":{"line":44,"column":58}},"19":{"start":{"line":45,"column":2},"end":{"line":47,"column":3}},"20":{"start":{"line":46,"column":4},"end":{"line":46,"column":49}},"21":{"start":{"line":50,"column":4},"end":{"line":52,"column":47}},"22":{"start":{"line":54,"column":16},"end":{"line":54,"column":45}},"23":{"start":{"line":55,"column":16},"end":{"line":55,"column":45}},"24":{"start":{"line":57,"column":2},"end":{"line":59,"column":3}},"25":{"start":{"line":58,"column":4},"end":{"line":58,"column":81}},"26":{"start":{"line":62,"column":20},"end":{"line":62,"column":22}},"27":{"start":{"line":63,"column":4},"end":{"line":63,"column":39}},"28":{"start":{"line":63,"column":15},"end":{"line":63,"column":39}},"29":{"start":{"line":64,"column":4},"end":{"line":64,"column":39}},"30":{"start":{"line":64,"column":15},"end":{"line":64,"column":39}},"31":{"start":{"line":66,"column":21},"end":{"line":71,"column":6}},"32":{"start":{"line":73,"column":4},"end":{"line":78,"column":5}},"33":{"start":{"line":74,"column":6},"end":{"line":77,"column":8}},"34":{"start":{"line":81,"column":2},"end":{"line":84,"column":5}},"35":{"start":{"line":86,"column":19},"end":{"line":93,"column":4}},"36":{"start":{"line":95,"column":2},"end":{"line":95,"column":18}},"37":{"start":{"line":99,"column":2},"end":{"line":101,"column":3}},"38":{"start":{"line":100,"column":4},"end":{"line":100,"column":51}},"39":{"start":{"line":103,"column":19},"end":{"line":103,"column":44}},"40":{"start":{"line":104,"column":15},"end":{"line":104,"column":17}},"41":{"start":{"line":106,"column":2},"end":{"line":110,"column":3}},"42":{"start":{"line":107,"column":14},"end":{"line":107,"column":52}},"43":{"start":{"line":108,"column":4},"end":{"line":108,"column":57}},"44":{"start":{"line":108,"column":12},"end":{"line":108,"column":57}},"45":{"start":{"line":109,"column":4},"end":{"line":109,"column":23}},"46":{"start":{"line":112,"column":2},"end":{"line":115,"column":3}},"47":{"start":{"line":113,"column":14},"end":{"line":113,"column":80}},"48":{"start":{"line":114,"column":4},"end":{"line":114,"column":30}},"49":{"start":{"line":117,"column":2},"end":{"line":119,"column":3}},"50":{"start":{"line":118,"column":4},"end":{"line":118,"column":47}},"51":{"start":{"line":121,"column":2},"end":{"line":123,"column":3}},"52":{"start":{"line":122,"column":4},"end":{"line":122,"column":47}},"53":{"start":{"line":125,"column":2},"end":{"line":127,"column":3}},"54":{"start":{"line":126,"column":4},"end":{"line":126,"column":43}},"55":{"start":{"line":129,"column":2},"end":{"line":131,"column":3}},"56":{"start":{"line":130,"column":4},"end":{"line":130,"column":37}},"57":{"start":{"line":135,"column":4},"end":{"line":135,"column":58}},"58":{"start":{"line":137,"column":4},"end":{"line":137,"column":58}},"59":{"start":{"line":139,"column":2},"end":{"line":141,"column":3}},"60":{"start":{"line":140,"column":4},"end":{"line":140,"column":81}},"61":{"start":{"line":142,"column":2},"end":{"line":161,"column":3}},"62":{"start":{"line":143,"column":20},"end":{"line":143,"column":22}},"63":{"start":{"line":144,"column":4},"end":{"line":144,"column":56}},"64":{"start":{"line":144,"column":20},"end":{"line":144,"column":56}},"65":{"start":{"line":145,"column":4},"end":{"line":145,"column":56}},"66":{"start":{"line":145,"column":20},"end":{"line":145,"column":56}},"67":{"start":{"line":147,"column":16},"end":{"line":153,"column":6}},"68":{"start":{"line":155,"column":4},"end":{"line":160,"column":5}},"69":{"start":{"line":156,"column":6},"end":{"line":159,"column":8}},"70":{"start":{"line":163,"column":2},"end":{"line":163,"column":63}},"71":{"start":{"line":165,"column":2},"end":{"line":165,"column":30}},"72":{"start":{"line":166,"column":2},"end":{"line":166,"column":18}},"73":{"start":{"line":170,"column":19},"end":{"line":170,"column":44}},"74":{"start":{"line":172,"column":2},"end":{"line":172,"column":63}},"75":{"start":{"line":174,"column":2},"end":{"line":174,"column":45}},"76":{"start":{"line":175,"column":2},"end":{"line":175,"column":27}},"77":{"start":{"line":178,"column":0},"end":{"line":184,"column":2}}},"fnMap":{"0":{"name":"httpError","decl":{"start":{"line":8,"column":9},"end":{"line":8,"column":18}},"loc":{"start":{"line":8,"column":61},"end":{"line":13,"column":1}},"line":8},"1":{"name":"listCustomers","decl":{"start":{"line":15,"column":15},"end":{"line":15,"column":28}},"loc":{"start":{"line":15,"column":62},"end":{"line":25,"column":1}},"line":15},"2":{"name":"getCustomerById","decl":{"start":{"line":27,"column":15},"end":{"line":27,"column":30}},"loc":{"start":{"line":27,"column":35},"end":{"line":37,"column":1}},"line":27},"3":{"name":"createCustomer","decl":{"start":{"line":39,"column":15},"end":{"line":39,"column":29}},"loc":{"start":{"line":39,"column":39},"end":{"line":96,"column":1}},"line":39},"4":{"name":"updateCustomer","decl":{"start":{"line":98,"column":15},"end":{"line":98,"column":29}},"loc":{"start":{"line":98,"column":43},"end":{"line":167,"column":1}},"line":98},"5":{"name":"deleteCustomer","decl":{"start":{"line":169,"column":15},"end":{"line":169,"column":29}},"loc":{"start":{"line":169,"column":34},"end":{"line":176,"column":1}},"line":169}},"branchMap":{"0":{"loc":{"start":{"line":8,"column":40},"end":{"line":8,"column":59}},"type":"default-arg","locations":[{"start":{"line":8,"column":50},"end":{"line":8,"column":59}}],"line":8},"1":{"loc":{"start":{"line":11,"column":2},"end":{"line":11,"column":51}},"type":"if","locations":[{"start":{"line":11,"column":2},"end":{"line":11,"column":51}},{"start":{},"end":{}}],"line":11},"2":{"loc":{"start":{"line":15,"column":29},"end":{"line":15,"column":60}},"type":"default-arg","locations":[{"start":{"line":15,"column":58},"end":{"line":15,"column":60}}],"line":15},"3":{"loc":{"start":{"line":15,"column":31},"end":{"line":15,"column":41}},"type":"default-arg","locations":[{"start":{"line":15,"column":39},"end":{"line":15,"column":41}}],"line":15},"4":{"loc":{"start":{"line":15,"column":43},"end":{"line":15,"column":53}},"type":"default-arg","locations":[{"start":{"line":15,"column":52},"end":{"line":15,"column":53}}],"line":15},"5":{"loc":{"start":{"line":16,"column":38},"end":{"line":16,"column":57}},"type":"binary-expr","locations":[{"start":{"line":16,"column":38},"end":{"line":16,"column":51}},{"start":{"line":16,"column":55},"end":{"line":16,"column":57}}],"line":16},"6":{"loc":{"start":{"line":17,"column":30},"end":{"line":17,"column":49}},"type":"binary-expr","locations":[{"start":{"line":17,"column":30},"end":{"line":17,"column":44}},{"start":{"line":17,"column":48},"end":{"line":17,"column":49}}],"line":17},"7":{"loc":{"start":{"line":32,"column":2},"end":{"line":34,"column":3}},"type":"if","locations":[{"start":{"line":32,"column":2},"end":{"line":34,"column":3}},{"start":{},"end":{}}],"line":32},"8":{"loc":{"start":{"line":40,"column":2},"end":{"line":42,"column":3}},"type":"if","locations":[{"start":{"line":40,"column":2},"end":{"line":42,"column":3}},{"start":{},"end":{}}],"line":40},"9":{"loc":{"start":{"line":40,"column":6},"end":{"line":40,"column":45}},"type":"binary-expr","locations":[{"start":{"line":40,"column":6},"end":{"line":40,"column":14}},{"start":{"line":40,"column":18},"end":{"line":40,"column":45}}],"line":40},"10":{"loc":{"start":{"line":44,"column":27},"end":{"line":44,"column":50}},"type":"binary-expr","locations":[{"start":{"line":44,"column":27},"end":{"line":44,"column":44}},{"start":{"line":44,"column":48},"end":{"line":44,"column":50}}],"line":44},"11":{"loc":{"start":{"line":45,"column":2},"end":{"line":47,"column":3}},"type":"if","locations":[{"start":{"line":45,"column":2},"end":{"line":47,"column":3}},{"start":{},"end":{}}],"line":45},"12":{"loc":{"start":{"line":50,"column":4},"end":{"line":52,"column":47}},"type":"cond-expr","locations":[{"start":{"line":51,"column":8},"end":{"line":51,"column":12}},{"start":{"line":52,"column":8},"end":{"line":52,"column":47}}],"line":50},"13":{"loc":{"start":{"line":50,"column":4},"end":{"line":50,"column":63}},"type":"binary-expr","locations":[{"start":{"line":50,"column":4},"end":{"line":50,"column":34}},{"start":{"line":50,"column":38},"end":{"line":50,"column":63}}],"line":50},"14":{"loc":{"start":{"line":52,"column":8},"end":{"line":52,"column":47}},"type":"binary-expr","locations":[{"start":{"line":52,"column":8},"end":{"line":52,"column":39}},{"start":{"line":52,"column":43},"end":{"line":52,"column":47}}],"line":52},"15":{"loc":{"start":{"line":57,"column":2},"end":{"line":59,"column":3}},"type":"if","locations":[{"start":{"line":57,"column":2},"end":{"line":59,"column":3}},{"start":{},"end":{}}],"line":57},"16":{"loc":{"start":{"line":57,"column":6},"end":{"line":57,"column":22}},"type":"binary-expr","locations":[{"start":{"line":57,"column":6},"end":{"line":57,"column":12}},{"start":{"line":57,"column":16},"end":{"line":57,"column":22}}],"line":57},"17":{"loc":{"start":{"line":63,"column":4},"end":{"line":63,"column":39}},"type":"if","locations":[{"start":{"line":63,"column":4},"end":{"line":63,"column":39}},{"start":{},"end":{}}],"line":63},"18":{"loc":{"start":{"line":64,"column":4},"end":{"line":64,"column":39}},"type":"if","locations":[{"start":{"line":64,"column":4},"end":{"line":64,"column":39}},{"start":{},"end":{}}],"line":64},"19":{"loc":{"start":{"line":73,"column":4},"end":{"line":78,"column":5}},"type":"if","locations":[{"start":{"line":73,"column":4},"end":{"line":78,"column":5}},{"start":{},"end":{}}],"line":73},"20":{"loc":{"start":{"line":91,"column":13},"end":{"line":91,"column":36}},"type":"binary-expr","locations":[{"start":{"line":91,"column":13},"end":{"line":91,"column":28}},{"start":{"line":91,"column":32},"end":{"line":91,"column":36}}],"line":91},"21":{"loc":{"start":{"line":92,"column":10},"end":{"line":92,"column":30}},"type":"binary-expr","locations":[{"start":{"line":92,"column":10},"end":{"line":92,"column":22}},{"start":{"line":92,"column":26},"end":{"line":92,"column":30}}],"line":92},"22":{"loc":{"start":{"line":99,"column":2},"end":{"line":101,"column":3}},"type":"if","locations":[{"start":{"line":99,"column":2},"end":{"line":101,"column":3}},{"start":{},"end":{}}],"line":99},"23":{"loc":{"start":{"line":99,"column":6},"end":{"line":99,"column":45}},"type":"binary-expr","locations":[{"start":{"line":99,"column":6},"end":{"line":99,"column":14}},{"start":{"line":99,"column":18},"end":{"line":99,"column":45}}],"line":99},"24":{"loc":{"start":{"line":106,"column":2},"end":{"line":110,"column":3}},"type":"if","locations":[{"start":{"line":106,"column":2},"end":{"line":110,"column":3}},{"start":{},"end":{}}],"line":106},"25":{"loc":{"start":{"line":107,"column":21},"end":{"line":107,"column":44}},"type":"binary-expr","locations":[{"start":{"line":107,"column":21},"end":{"line":107,"column":38}},{"start":{"line":107,"column":42},"end":{"line":107,"column":44}}],"line":107},"26":{"loc":{"start":{"line":108,"column":4},"end":{"line":108,"column":57}},"type":"if","locations":[{"start":{"line":108,"column":4},"end":{"line":108,"column":57}},{"start":{},"end":{}}],"line":108},"27":{"loc":{"start":{"line":112,"column":2},"end":{"line":115,"column":3}},"type":"if","locations":[{"start":{"line":112,"column":2},"end":{"line":115,"column":3}},{"start":{},"end":{}}],"line":112},"28":{"loc":{"start":{"line":113,"column":14},"end":{"line":113,"column":80}},"type":"cond-expr","locations":[{"start":{"line":113,"column":42},"end":{"line":113,"column":46}},{"start":{"line":113,"column":49},"end":{"line":113,"column":80}}],"line":113},"29":{"loc":{"start":{"line":114,"column":20},"end":{"line":114,"column":29}},"type":"binary-expr","locations":[{"start":{"line":114,"column":20},"end":{"line":114,"column":21}},{"start":{"line":114,"column":25},"end":{"line":114,"column":29}}],"line":114},"30":{"loc":{"start":{"line":117,"column":2},"end":{"line":119,"column":3}},"type":"if","locations":[{"start":{"line":117,"column":2},"end":{"line":119,"column":3}},{"start":{},"end":{}}],"line":117},"31":{"loc":{"start":{"line":121,"column":2},"end":{"line":123,"column":3}},"type":"if","locations":[{"start":{"line":121,"column":2},"end":{"line":123,"column":3}},{"start":{},"end":{}}],"line":121},"32":{"loc":{"start":{"line":125,"column":2},"end":{"line":127,"column":3}},"type":"if","locations":[{"start":{"line":125,"column":2},"end":{"line":127,"column":3}},{"start":{},"end":{}}],"line":125},"33":{"loc":{"start":{"line":126,"column":19},"end":{"line":126,"column":42}},"type":"binary-expr","locations":[{"start":{"line":126,"column":19},"end":{"line":126,"column":34}},{"start":{"line":126,"column":38},"end":{"line":126,"column":42}}],"line":126},"34":{"loc":{"start":{"line":129,"column":2},"end":{"line":131,"column":3}},"type":"if","locations":[{"start":{"line":129,"column":2},"end":{"line":131,"column":3}},{"start":{},"end":{}}],"line":129},"35":{"loc":{"start":{"line":130,"column":16},"end":{"line":130,"column":36}},"type":"binary-expr","locations":[{"start":{"line":130,"column":16},"end":{"line":130,"column":28}},{"start":{"line":130,"column":32},"end":{"line":130,"column":36}}],"line":130},"36":{"loc":{"start":{"line":135,"column":4},"end":{"line":135,"column":58}},"type":"cond-expr","locations":[{"start":{"line":135,"column":31},"end":{"line":135,"column":41}},{"start":{"line":135,"column":44},"end":{"line":135,"column":58}}],"line":135},"37":{"loc":{"start":{"line":137,"column":4},"end":{"line":137,"column":58}},"type":"cond-expr","locations":[{"start":{"line":137,"column":31},"end":{"line":137,"column":41}},{"start":{"line":137,"column":44},"end":{"line":137,"column":58}}],"line":137},"38":{"loc":{"start":{"line":139,"column":2},"end":{"line":141,"column":3}},"type":"if","locations":[{"start":{"line":139,"column":2},"end":{"line":141,"column":3}},{"start":{},"end":{}}],"line":139},"39":{"loc":{"start":{"line":139,"column":6},"end":{"line":139,"column":32}},"type":"binary-expr","locations":[{"start":{"line":139,"column":6},"end":{"line":139,"column":17}},{"start":{"line":139,"column":21},"end":{"line":139,"column":32}}],"line":139},"40":{"loc":{"start":{"line":142,"column":2},"end":{"line":161,"column":3}},"type":"if","locations":[{"start":{"line":142,"column":2},"end":{"line":161,"column":3}},{"start":{},"end":{}}],"line":142},"41":{"loc":{"start":{"line":142,"column":6},"end":{"line":142,"column":30}},"type":"binary-expr","locations":[{"start":{"line":142,"column":6},"end":{"line":142,"column":16}},{"start":{"line":142,"column":20},"end":{"line":142,"column":30}}],"line":142},"42":{"loc":{"start":{"line":144,"column":4},"end":{"line":144,"column":56}},"type":"if","locations":[{"start":{"line":144,"column":4},"end":{"line":144,"column":56}},{"start":{},"end":{}}],"line":144},"43":{"loc":{"start":{"line":145,"column":4},"end":{"line":145,"column":56}},"type":"if","locations":[{"start":{"line":145,"column":4},"end":{"line":145,"column":56}},{"start":{},"end":{}}],"line":145},"44":{"loc":{"start":{"line":155,"column":4},"end":{"line":160,"column":5}},"type":"if","locations":[{"start":{"line":155,"column":4},"end":{"line":160,"column":5}},{"start":{},"end":{}}],"line":155}},"s":{"0":1,"1":1,"2":1,"3":1,"4":2,"5":2,"6":2,"7":0,"8":2,"9":2,"10":2,"11":2,"12":1,"13":1,"14":0,"15":1,"16":7,"17":0,"18":7,"19":7,"20":0,"21":7,"22":7,"23":7,"24":7,"25":1,"26":6,"27":6,"28":5,"29":6,"30":1,"31":6,"32":6,"33":1,"34":5,"35":5,"36":5,"37":0,"38":0,"39":0,"40":0,"41":0,"42":0,"43":0,"44":0,"45":0,"46":0,"47":0,"48":0,"49":0,"50":0,"51":0,"52":0,"53":0,"54":0,"55":0,"56":0,"57":0,"58":0,"59":0,"60":0,"61":0,"62":0,"63":0,"64":0,"65":0,"66":0,"67":0,"68":0,"69":0,"70":0,"71":0,"72":0,"73":1,"74":1,"75":1,"76":1,"77":1},"f":{"0":2,"1":2,"2":1,"3":7,"4":0,"5":1},"b":{"0":[2],"1":[0,2],"2":[0],"3":[2],"4":[2],"5":[2,0],"6":[2,2],"7":[0,1],"8":[0,7],"9":[7,7],"10":[7,0],"11":[0,7],"12":[7,0],"13":[7,0],"14":[0,0],"15":[1,6],"16":[7,2],"17":[5,1],"18":[1,5],"19":[1,5],"20":[5,5],"21":[5,5],"22":[0,0],"23":[0,0],"24":[0,0],"25":[0,0],"26":[0,0],"27":[0,0],"28":[0,0],"29":[0,0],"30":[0,0],"31":[0,0],"32":[0,0],"33":[0,0],"34":[0,0],"35":[0,0],"36":[0,0],"37":[0,0],"38":[0,0],"39":[0,0],"40":[0,0],"41":[0,0],"42":[0,0],"43":[0,0],"44":[0,0]},"_coverageSchema":"1a1c01bbd47fc00a2c39e90264f33305004495a9","hash":"83355ed78adcc7f285249823d4fc1fb96c7d93f1"}
,"C:\\Users\\grknc\\Desktop\\bmök\\Proje2\\mini-crm\\src\\services\\orderService.js": {"path":"C:\\Users\\grknc\\Desktop\\bmök\\Proje2\\mini-crm\\src\\services\\orderService.js","statementMap":{"0":{"start":{"line":3,"column":28},"end":{"line":3,"column":48}},"1":{"start":{"line":4,"column":15},"end":{"line":4,"column":39}},"2":{"start":{"line":7,"column":2},"end":{"line":10,"column":5}},"3":{"start":{"line":14,"column":56},"end":{"line":14,"column":63}},"4":{"start":{"line":16,"column":24},"end":{"line":16,"column":34}},"5":{"start":{"line":18,"column":2},"end":{"line":38,"column":3}},"6":{"start":{"line":19,"column":4},"end":{"line":23,"column":5}},"7":{"start":{"line":20,"column":18},"end":{"line":20,"column":76}},"8":{"start":{"line":21,"column":6},"end":{"line":21,"column":27}},"9":{"start":{"line":22,"column":6},"end":{"line":22,"column":16}},"10":{"start":{"line":25,"column":28},"end":{"line":31,"column":6}},"11":{"start":{"line":33,"column":4},"end":{"line":33,"column":41}},"12":{"start":{"line":35,"column":4},"end":{"line":37,"column":7}},"13":{"start":{"line":40,"column":16},"end":{"line":44,"column":4}},"14":{"start":{"line":46,"column":2},"end":{"line":49,"column":5}},"15":{"start":{"line":51,"column":2},"end":{"line":51,"column":15}},"16":{"start":{"line":54,"column":0},"end":{"line":57,"column":2}}},"fnMap":{"0":{"name":"listOrders","decl":{"start":{"line":6,"column":15},"end":{"line":6,"column":25}},"loc":{"start":{"line":6,"column":28},"end":{"line":11,"column":1}},"line":6},"1":{"name":"createOrder","decl":{"start":{"line":13,"column":15},"end":{"line":13,"column":26}},"loc":{"start":{"line":13,"column":36},"end":{"line":52,"column":1}},"line":13}},"branchMap":{"0":{"loc":{"start":{"line":18,"column":2},"end":{"line":38,"column":3}},"type":"if","locations":[{"start":{"line":18,"column":2},"end":{"line":38,"column":3}},{"start":{},"end":{}}],"line":18},"1":{"loc":{"start":{"line":19,"column":4},"end":{"line":23,"column":5}},"type":"if","locations":[{"start":{"line":19,"column":4},"end":{"line":23,"column":5}},{"start":{},"end":{}}],"line":19},"2":{"loc":{"start":{"line":19,"column":8},"end":{"line":19,"column":40}},"type":"binary-expr","locations":[{"start":{"line":19,"column":8},"end":{"line":19,"column":17}},{"start":{"line":19,"column":21},"end":{"line":19,"column":40}}],"line":19},"3":{"loc":{"start":{"line":27,"column":16},"end":{"line":27,"column":41}},"type":"binary-expr","locations":[{"start":{"line":27,"column":16},"end":{"line":27,"column":33}},{"start":{"line":27,"column":37},"end":{"line":27,"column":41}}],"line":27},"4":{"loc":{"start":{"line":28,"column":13},"end":{"line":28,"column":35}},"type":"binary-expr","locations":[{"start":{"line":28,"column":13},"end":{"line":28,"column":27}},{"start":{"line":28,"column":31},"end":{"line":28,"column":35}}],"line":28},"5":{"loc":{"start":{"line":29,"column":13},"end":{"line":29,"column":35}},"type":"binary-expr","locations":[{"start":{"line":29,"column":13},"end":{"line":29,"column":27}},{"start":{"line":29,"column":31},"end":{"line":29,"column":35}}],"line":29},"6":{"loc":{"start":{"line":30,"column":15},"end":{"line":30,"column":39}},"type":"binary-expr","locations":[{"start":{"line":30,"column":15},"end":{"line":30,"column":31}},{"start":{"line":30,"column":35},"end":{"line":30,"column":39}}],"line":30},"7":{"loc":{"start":{"line":42,"column":17},"end":{"line":42,"column":36}},"type":"binary-expr","locations":[{"start":{"line":42,"column":17},"end":{"line":42,"column":28}},{"start":{"line":42,"column":32},"end":{"line":42,"column":36}}],"line":42},"8":{"loc":{"start":{"line":43,"column":12},"end":{"line":43,"column":31}},"type":"binary-expr","locations":[{"start":{"line":43,"column":12},"end":{"line":43,"column":18}},{"start":{"line":43,"column":22},"end":{"line":43,"column":31}}],"line":43}},"s":{"0":1,"1":1,"2":1,"3":3,"4":3,"5":3,"6":2,"7":1,"8":1,"9":1,"10":1,"11":1,"12":1,"13":2,"14":2,"15":2,"16":1},"f":{"0":1,"1":3},"b":{"0":[2,1],"1":[1,1],"2":[2,2],"3":[1,1],"4":[1,1],"5":[1,0],"6":[1,1],"7":[2,0],"8":[2,1]},"_coverageSchema":"1a1c01bbd47fc00a2c39e90264f33305004495a9","hash":"e5de5151fadef758166613e85f869607a4ef28fe"}
}
