{"C:\\Users\\grknc\\Desktop\\bmök\\Proje2\\mini-crm\\src\\app.js": {"path":"C:\\Users\\grknc\\Desktop\\bmök\\Proje2\\mini-crm\\src\\app.js","statementMap":{"0":{"start":{"line":4,"column":16},"end":{"line":4,"column":34}},"1":{"start":{"line":5,"column":15},"end":{"line":5,"column":38}},"2":{"start":{"line":6,"column":23},"end":{"line":6,"column":62}},"3":{"start":{"line":8,"column":24},"end":{"line":8,"column":53}},"4":{"start":{"line":9,"column":21},"end":{"line":9,"column":47}},"5":{"start":{"line":10,"column":23},"end":{"line":10,"column":51}},"6":{"start":{"line":12,"column":12},"end":{"line":12,"column":21}},"7":{"start":{"line":14,"column":0},"end":{"line":14,"column":24}},"8":{"start":{"line":15,"column":0},"end":{"line":15,"column":24}},"9":{"start":{"line":18,"column":0},"end":{"line":40,"column":1}},"10":{"start":{"line":19,"column":2},"end":{"line":39,"column":5}},"11":{"start":{"line":20,"column":18},"end":{"line":20,"column":28}},"12":{"start":{"line":22,"column":4},"end":{"line":26,"column":7}},"13":{"start":{"line":28,"column":4},"end":{"line":36,"column":7}},"14":{"start":{"line":29,"column":6},"end":{"line":35,"column":9}},"15":{"start":{"line":38,"column":4},"end":{"line":38,"column":11}},"16":{"start":{"line":42,"column":0},"end":{"line":42,"column":43}},"17":{"start":{"line":43,"column":0},"end":{"line":43,"column":37}},"18":{"start":{"line":44,"column":0},"end":{"line":44,"column":41}},"19":{"start":{"line":46,"column":0},"end":{"line":61,"column":3}},"20":{"start":{"line":47,"column":21},"end":{"line":47,"column":51}},"21":{"start":{"line":49,"column":2},"end":{"line":54,"column":5}},"22":{"start":{"line":56,"column":2},"end":{"line":60,"column":5}},"23":{"start":{"line":63,"column":0},"end":{"line":63,"column":21}}},"fnMap":{"0":{"name":"(anonymous_0)","decl":{"start":{"line":19,"column":10},"end":{"line":19,"column":11}},"loc":{"start":{"line":19,"column":30},"end":{"line":39,"column":3}},"line":19},"1":{"name":"(anonymous_1)","decl":{"start":{"line":28,"column":21},"end":{"line":28,"column":22}},"loc":{"start":{"line":28,"column":27},"end":{"line":36,"column":5}},"line":28},"2":{"name":"(anonymous_2)","decl":{"start":{"line":46,"column":8},"end":{"line":46,"column":9}},"loc":{"start":{"line":46,"column":33},"end":{"line":61,"column":1}},"line":46}},"branchMap":{"0":{"loc":{"start":{"line":18,"column":0},"end":{"line":40,"column":1}},"type":"if","locations":[{"start":{"line":18,"column":0},"end":{"line":40,"column":1}},{"start":{},"end":{}}],"line":18},"1":{"loc":{"start":{"line":47,"column":21},"end":{"line":47,"column":51}},"type":"binary-expr","locations":[{"start":{"line":47,"column":21},"end":{"line":47,"column":44}},{"start":{"line":47,"column":48},"end":{"line":47,"column":51}}],"line":47},"2":{"loc":{"start":{"line":57,"column":13},"end":{"line":57,"column":46}},"type":"binary-expr","locations":[{"start":{"line":57,"column":13},"end":{"line":57,"column":25}},{"start":{"line":57,"column":29},"end":{"line":57,"column":46}}],"line":57}},"s":{"0":1,"1":1,"2":1,"3":1,"4":1,"5":1,"6":1,"7":1,"8":1,"9":1,"10":0,"11":0,"12":0,"13":0,"14":0,"15":0,"16":1,"17":1,"18":1,"19":1,"20":5,"21":5,"22":5,"23":1},"f":{"0":0,"1":0,"2":5},"b":{"0":[0,1],"1":[5,0],"2":[5,0]},"_coverageSchema":"1a1c01bbd47fc00a2c39e90264f33305004495a9","hash":"3046a7cf7246c7117bc574574524712b07b95d51"}
,"C:\\Users\\grknc\\Desktop\\bmök\\Proje2\\mini-crm\\src\\config\\index.js": {"path":"C:\\Users\\grknc\\Desktop\\bmök\\Proje2\\mini-crm\\src\\config\\index.js","statementMap":{"0":{"start":{"line":4,"column":15},"end":{"line":4,"column":32}},"1":{"start":{"line":6,"column":0},"end":{"line":6,"column":16}},"2":{"start":{"line":8,"column":12},"end":{"line":8,"column":49}},"3":{"start":{"line":10,"column":14},"end":{"line":13,"column":1}},"4":{"start":{"line":11,"column":12},"end":{"line":11,"column":21}},"5":{"start":{"line":12,"column":2},"end":{"line":12,"column":43}},"6":{"start":{"line":15,"column":15},"end":{"line":19,"column":1}},"7":{"start":{"line":16,"column":2},"end":{"line":16,"column":65}},"8":{"start":{"line":16,"column":49},"end":{"line":16,"column":65}},"9":{"start":{"line":17,"column":12},"end":{"line":17,"column":35}},"10":{"start":{"line":18,"column":2},"end":{"line":18,"column":35}},"11":{"start":{"line":21,"column":14},"end":{"line":21,"column":47}},"12":{"start":{"line":23,"column":20},"end":{"line":23,"column":93}},"13":{"start":{"line":25,"column":16},"end":{"line":31,"column":1}},"14":{"start":{"line":33,"column":0},"end":{"line":51,"column":2}}},"fnMap":{"0":{"name":"(anonymous_0)","decl":{"start":{"line":10,"column":14},"end":{"line":10,"column":15}},"loc":{"start":{"line":10,"column":31},"end":{"line":13,"column":1}},"line":10},"1":{"name":"(anonymous_1)","decl":{"start":{"line":15,"column":15},"end":{"line":15,"column":16}},"loc":{"start":{"line":15,"column":40},"end":{"line":19,"column":1}},"line":15}},"branchMap":{"0":{"loc":{"start":{"line":8,"column":12},"end":{"line":8,"column":49}},"type":"binary-expr","locations":[{"start":{"line":8,"column":12},"end":{"line":8,"column":32}},{"start":{"line":8,"column":36},"end":{"line":8,"column":49}}],"line":8},"1":{"loc":{"start":{"line":12,"column":9},"end":{"line":12,"column":42}},"type":"cond-expr","locations":[{"start":{"line":12,"column":30},"end":{"line":12,"column":31}},{"start":{"line":12,"column":34},"end":{"line":12,"column":42}}],"line":12},"2":{"loc":{"start":{"line":15,"column":19},"end":{"line":15,"column":35}},"type":"default-arg","locations":[{"start":{"line":15,"column":30},"end":{"line":15,"column":35}}],"line":15},"3":{"loc":{"start":{"line":16,"column":2},"end":{"line":16,"column":65}},"type":"if","locations":[{"start":{"line":16,"column":2},"end":{"line":16,"column":65}},{"start":{},"end":{}}],"line":16},"4":{"loc":{"start":{"line":16,"column":6},"end":{"line":16,"column":47}},"type":"binary-expr","locations":[{"start":{"line":16,"column":6},"end":{"line":16,"column":21}},{"start":{"line":16,"column":25},"end":{"line":16,"column":35}},{"start":{"line":16,"column":39},"end":{"line":16,"column":47}}],"line":16},"5":{"loc":{"start":{"line":18,"column":9},"end":{"line":18,"column":34}},"type":"binary-expr","locations":[{"start":{"line":18,"column":9},"end":{"line":18,"column":21}},{"start":{"line":18,"column":25},"end":{"line":18,"column":34}}],"line":18},"6":{"loc":{"start":{"line":23,"column":20},"end":{"line":23,"column":93}},"type":"cond-expr","locations":[{"start":{"line":23,"column":47},"end":{"line":23,"column":86}},{"start":{"line":23,"column":89},"end":{"line":23,"column":93}}],"line":23},"7":{"loc":{"start":{"line":26,"column":8},"end":{"line":26,"column":42}},"type":"binary-expr","locations":[{"start":{"line":26,"column":8},"end":{"line":26,"column":27}},{"start":{"line":26,"column":31},"end":{"line":26,"column":42}}],"line":26},"8":{"loc":{"start":{"line":28,"column":12},"end":{"line":28,"column":49}},"type":"binary-expr","locations":[{"start":{"line":28,"column":12},"end":{"line":28,"column":31}},{"start":{"line":28,"column":35},"end":{"line":28,"column":49}}],"line":28},"9":{"loc":{"start":{"line":29,"column":12},"end":{"line":29,"column":45}},"type":"binary-expr","locations":[{"start":{"line":29,"column":12},"end":{"line":29,"column":31}},{"start":{"line":29,"column":35},"end":{"line":29,"column":45}}],"line":29},"10":{"loc":{"start":{"line":30,"column":12},"end":{"line":30,"column":39}},"type":"binary-expr","locations":[{"start":{"line":30,"column":12},"end":{"line":30,"column":31}},{"start":{"line":30,"column":35},"end":{"line":30,"column":39}}],"line":30},"11":{"loc":{"start":{"line":40,"column":6},"end":{"line":40,"column":98}},"type":"binary-expr","locations":[{"start":{"line":40,"column":6},"end":{"line":40,"column":27}},{"start":{"line":40,"column":32},"end":{"line":40,"column":97}}],"line":40},"12":{"loc":{"start":{"line":40,"column":32},"end":{"line":40,"column":97}},"type":"cond-expr","locations":[{"start":{"line":40,"column":55},"end":{"line":40,"column":61}},{"start":{"line":40,"column":64},"end":{"line":40,"column":97}}],"line":40},"13":{"loc":{"start":{"line":40,"column":64},"end":{"line":40,"column":97}},"type":"cond-expr","locations":[{"start":{"line":40,"column":81},"end":{"line":40,"column":87}},{"start":{"line":40,"column":90},"end":{"line":40,"column":97}}],"line":40},"14":{"loc":{"start":{"line":47,"column":22},"end":{"line":47,"column":88}},"type":"cond-expr","locations":[{"start":{"line":47,"column":30},"end":{"line":47,"column":83}},{"start":{"line":47,"column":86},"end":{"line":47,"column":88}}],"line":47}},"s":{"0":1,"1":1,"2":1,"3":1,"4":2,"5":2,"6":1,"7":1,"8":0,"9":1,"10":1,"11":1,"12":1,"13":1,"14":1},"f":{"0":2,"1":1},"b":{"0":[1,0],"1":[2,0],"2":[0],"3":[0,1],"4":[1,1,1],"5":[1,0],"6":[1,0],"7":[1,0],"8":[1,0],"9":[1,0],"10":[1,0],"11":[1,0],"12":[0,0],"13":[0,0],"14":[1,0]},"_coverageSchema":"1a1c01bbd47fc00a2c39e90264f33305004495a9","hash":"b9c751b4ed813989011d727a217940148bda97c1"}
,"C:\\Users\\grknc\\Desktop\\bmök\\Proje2\\mini-crm\\src\\helpers\\customerNormalizer.js": {"path":"C:\\Users\\grknc\\Desktop\\bmök\\Proje2\\mini-crm\\src\\helpers\\customerNormalizer.js","statementMap":{"0":{"start":{"line":4,"column":2},"end":{"line":4,"column":57}},"1":{"start":{"line":4,"column":45},"end":{"line":4,"column":57}},"2":{"start":{"line":6,"column":14},"end":{"line":6,"column":34}},"3":{"start":{"line":7,"column":2},"end":{"line":7,"column":24}},"4":{"start":{"line":7,"column":12},"end":{"line":7,"column":24}},"5":{"start":{"line":9,"column":15},"end":{"line":9,"column":37}},"6":{"start":{"line":10,"column":2},"end":{"line":10,"column":27}},"7":{"start":{"line":10,"column":15},"end":{"line":10,"column":27}},"8":{"start":{"line":12,"column":2},"end":{"line":12,"column":58}},"9":{"start":{"line":12,"column":33},"end":{"line":12,"column":58}},"10":{"start":{"line":13,"column":2},"end":{"line":13,"column":55}},"11":{"start":{"line":13,"column":30},"end":{"line":13,"column":55}},"12":{"start":{"line":14,"column":2},"end":{"line":14,"column":56}},"13":{"start":{"line":14,"column":31},"end":{"line":14,"column":56}},"14":{"start":{"line":16,"column":2},"end":{"line":16,"column":40}},"15":{"start":{"line":16,"column":28},"end":{"line":16,"column":40}},"16":{"start":{"line":18,"column":2},"end":{"line":18,"column":24}},"17":{"start":{"line":22,"column":2},"end":{"line":22,"column":57}},"18":{"start":{"line":22,"column":45},"end":{"line":22,"column":57}},"19":{"start":{"line":24,"column":16},"end":{"line":24,"column":50}},"20":{"start":{"line":25,"column":2},"end":{"line":25,"column":26}},"21":{"start":{"line":25,"column":14},"end":{"line":25,"column":26}},"22":{"start":{"line":28,"column":4},"end":{"line":31,"column":25}},"23":{"start":{"line":33,"column":2},"end":{"line":33,"column":27}},"24":{"start":{"line":36,"column":0},"end":{"line":36,"column":52}}},"fnMap":{"0":{"name":"normalizePhone","decl":{"start":{"line":3,"column":9},"end":{"line":3,"column":23}},"loc":{"start":{"line":3,"column":31},"end":{"line":19,"column":1}},"line":3},"1":{"name":"normalizeEmail","decl":{"start":{"line":21,"column":9},"end":{"line":21,"column":23}},"loc":{"start":{"line":21,"column":31},"end":{"line":34,"column":1}},"line":21}},"branchMap":{"0":{"loc":{"start":{"line":4,"column":2},"end":{"line":4,"column":57}},"type":"if","locations":[{"start":{"line":4,"column":2},"end":{"line":4,"column":57}},{"start":{},"end":{}}],"line":4},"1":{"loc":{"start":{"line":4,"column":6},"end":{"line":4,"column":43}},"type":"binary-expr","locations":[{"start":{"line":4,"column":6},"end":{"line":4,"column":25}},{"start":{"line":4,"column":29},"end":{"line":4,"column":43}}],"line":4},"2":{"loc":{"start":{"line":7,"column":2},"end":{"line":7,"column":24}},"type":"if","locations":[{"start":{"line":7,"column":2},"end":{"line":7,"column":24}},{"start":{},"end":{}}],"line":7},"3":{"loc":{"start":{"line":10,"column":2},"end":{"line":10,"column":27}},"type":"if","locations":[{"start":{"line":10,"column":2},"end":{"line":10,"column":27}},{"start":{},"end":{}}],"line":10},"4":{"loc":{"start":{"line":12,"column":2},"end":{"line":12,"column":58}},"type":"if","locations":[{"start":{"line":12,"column":2},"end":{"line":12,"column":58}},{"start":{},"end":{}}],"line":12},"5":{"loc":{"start":{"line":13,"column":2},"end":{"line":13,"column":55}},"type":"if","locations":[{"start":{"line":13,"column":2},"end":{"line":13,"column":55}},{"start":{},"end":{}}],"line":13},"6":{"loc":{"start":{"line":14,"column":2},"end":{"line":14,"column":56}},"type":"if","locations":[{"start":{"line":14,"column":2},"end":{"line":14,"column":56}},{"start":{},"end":{}}],"line":14},"7":{"loc":{"start":{"line":16,"column":2},"end":{"line":16,"column":40}},"type":"if","locations":[{"start":{"line":16,"column":2},"end":{"line":16,"column":40}},{"start":{},"end":{}}],"line":16},"8":{"loc":{"start":{"line":22,"column":2},"end":{"line":22,"column":57}},"type":"if","locations":[{"start":{"line":22,"column":2},"end":{"line":22,"column":57}},{"start":{},"end":{}}],"line":22},"9":{"loc":{"start":{"line":22,"column":6},"end":{"line":22,"column":43}},"type":"binary-expr","locations":[{"start":{"line":22,"column":6},"end":{"line":22,"column":25}},{"start":{"line":22,"column":29},"end":{"line":22,"column":43}}],"line":22},"10":{"loc":{"start":{"line":25,"column":2},"end":{"line":25,"column":26}},"type":"if","locations":[{"start":{"line":25,"column":2},"end":{"line":25,"column":26}},{"start":{},"end":{}}],"line":25},"11":{"loc":{"start":{"line":28,"column":4},"end":{"line":31,"column":25}},"type":"binary-expr","locations":[{"start":{"line":28,"column":4},"end":{"line":28,"column":44}},{"start":{"line":29,"column":4},"end":{"line":29,"column":26}},{"start":{"line":30,"column":4},"end":{"line":30,"column":24}},{"start":{"line":31,"column":4},"end":{"line":31,"column":25}}],"line":28},"12":{"loc":{"start":{"line":33,"column":9},"end":{"line":33,"column":26}},"type":"cond-expr","locations":[{"start":{"line":33,"column":14},"end":{"line":33,"column":19}},{"start":{"line":33,"column":22},"end":{"line":33,"column":26}}],"line":33}},"s":{"0":18,"1":10,"2":8,"3":8,"4":1,"5":7,"6":7,"7":0,"8":7,"9":1,"10":7,"11":2,"12":7,"13":3,"14":7,"15":2,"16":5,"17":18,"18":4,"19":14,"20":14,"21":1,"22":13,"23":13,"24":2},"f":{"0":18,"1":18},"b":{"0":[10,8],"1":[18,9],"2":[1,7],"3":[0,7],"4":[1,6],"5":[2,5],"6":[3,4],"7":[2,5],"8":[4,14],"9":[18,15],"10":[1,13],"11":[13,11,10,9],"12":[8,5]},"_coverageSchema":"1a1c01bbd47fc00a2c39e90264f33305004495a9","hash":"4928649bf612bb1c7cb5933fd32d96436e922118"}
,"C:\\Users\\grknc\\Desktop\\bmök\\Proje2\\mini-crm\\src\\lib\\logger.js": {"path":"C:\\Users\\grknc\\Desktop\\bmök\\Proje2\\mini-crm\\src\\lib\\logger.js","statementMap":{"0":{"start":{"line":3,"column":16},"end":{"line":3,"column":34}},"1":{"start":{"line":4,"column":18},"end":{"line":4,"column":46}},"2":{"start":{"line":5,"column":13},"end":{"line":5,"column":28}},"3":{"start":{"line":6,"column":11},"end":{"line":6,"column":24}},"4":{"start":{"line":8,"column":16},"end":{"line":8,"column":20}},"5":{"start":{"line":9,"column":0},"end":{"line":11,"column":14}},"6":{"start":{"line":10,"column":2},"end":{"line":10,"column":41}},"7":{"start":{"line":13,"column":15},"end":{"line":13,"column":50}},"8":{"start":{"line":14,"column":0},"end":{"line":14,"column":42}},"9":{"start":{"line":18,"column":4},"end":{"line":18,"column":16}},"10":{"start":{"line":19,"column":4},"end":{"line":19,"column":44}},"11":{"start":{"line":20,"column":4},"end":{"line":20,"column":43}},"12":{"start":{"line":24,"column":4},"end":{"line":24,"column":50}},"13":{"start":{"line":24,"column":23},"end":{"line":24,"column":48}},"14":{"start":{"line":26,"column":4},"end":{"line":56,"column":5}},"15":{"start":{"line":27,"column":20},"end":{"line":27,"column":58}},"16":{"start":{"line":29,"column":6},"end":{"line":31,"column":7}},"17":{"start":{"line":30,"column":8},"end":{"line":30,"column":26}},"18":{"start":{"line":33,"column":22},"end":{"line":33,"column":40}},"19":{"start":{"line":34,"column":22},"end":{"line":34,"column":59}},"20":{"start":{"line":35,"column":50},"end":{"line":35,"column":54}},"21":{"start":{"line":37,"column":6},"end":{"line":53,"column":33}},"22":{"start":{"line":52,"column":20},"end":{"line":52,"column":30}},"23":{"start":{"line":53,"column":21},"end":{"line":53,"column":31}},"24":{"start":{"line":55,"column":6},"end":{"line":55,"column":17}},"25":{"start":{"line":60,"column":15},"end":{"line":92,"column":2}},"26":{"start":{"line":94,"column":0},"end":{"line":94,"column":24}}},"fnMap":{"0":{"name":"(anonymous_0)","decl":{"start":{"line":17,"column":2},"end":{"line":17,"column":3}},"loc":{"start":{"line":17,"column":25},"end":{"line":21,"column":3}},"line":17},"1":{"name":"(anonymous_1)","decl":{"start":{"line":23,"column":2},"end":{"line":23,"column":3}},"loc":{"start":{"line":23,"column":22},"end":{"line":57,"column":3}},"line":23},"2":{"name":"(anonymous_2)","decl":{"start":{"line":24,"column":17},"end":{"line":24,"column":18}},"loc":{"start":{"line":24,"column":23},"end":{"line":24,"column":48}},"line":24},"3":{"name":"(anonymous_3)","decl":{"start":{"line":52,"column":14},"end":{"line":52,"column":15}},"loc":{"start":{"line":52,"column":20},"end":{"line":52,"column":30}},"line":52},"4":{"name":"(anonymous_4)","decl":{"start":{"line":53,"column":15},"end":{"line":53,"column":16}},"loc":{"start":{"line":53,"column":21},"end":{"line":53,"column":31}},"line":53}},"branchMap":{"0":{"loc":{"start":{"line":17,"column":14},"end":{"line":17,"column":23}},"type":"default-arg","locations":[{"start":{"line":17,"column":21},"end":{"line":17,"column":23}}],"line":17},"1":{"loc":{"start":{"line":19,"column":21},"end":{"line":19,"column":43}},"type":"binary-expr","locations":[{"start":{"line":19,"column":21},"end":{"line":19,"column":35}},{"start":{"line":19,"column":39},"end":{"line":19,"column":43}}],"line":19},"2":{"loc":{"start":{"line":27,"column":27},"end":{"line":27,"column":43}},"type":"binary-expr","locations":[{"start":{"line":27,"column":27},"end":{"line":27,"column":37}},{"start":{"line":27,"column":41},"end":{"line":27,"column":43}}],"line":27},"3":{"loc":{"start":{"line":29,"column":6},"end":{"line":31,"column":7}},"type":"if","locations":[{"start":{"line":29,"column":6},"end":{"line":31,"column":7}},{"start":{},"end":{}}],"line":29},"4":{"loc":{"start":{"line":29,"column":10},"end":{"line":29,"column":66}},"type":"binary-expr","locations":[{"start":{"line":29,"column":10},"end":{"line":29,"column":23}},{"start":{"line":29,"column":28},"end":{"line":29,"column":45}},{"start":{"line":29,"column":49},"end":{"line":29,"column":65}}],"line":29},"5":{"loc":{"start":{"line":33,"column":22},"end":{"line":33,"column":40}},"type":"binary-expr","locations":[{"start":{"line":33,"column":22},"end":{"line":33,"column":34}},{"start":{"line":33,"column":38},"end":{"line":33,"column":40}}],"line":33},"6":{"loc":{"start":{"line":34,"column":22},"end":{"line":34,"column":59}},"type":"binary-expr","locations":[{"start":{"line":34,"column":22},"end":{"line":34,"column":35}},{"start":{"line":34,"column":39},"end":{"line":34,"column":51}},{"start":{"line":34,"column":55},"end":{"line":34,"column":59}}],"line":34},"7":{"loc":{"start":{"line":61,"column":9},"end":{"line":61,"column":40}},"type":"binary-expr","locations":[{"start":{"line":61,"column":9},"end":{"line":61,"column":30}},{"start":{"line":61,"column":34},"end":{"line":61,"column":40}}],"line":61},"8":{"loc":{"start":{"line":63,"column":13},"end":{"line":63,"column":51}},"type":"binary-expr","locations":[{"start":{"line":63,"column":13},"end":{"line":63,"column":37}},{"start":{"line":63,"column":41},"end":{"line":63,"column":51}}],"line":63},"9":{"loc":{"start":{"line":64,"column":9},"end":{"line":64,"column":46}},"type":"binary-expr","locations":[{"start":{"line":64,"column":9},"end":{"line":64,"column":29}},{"start":{"line":64,"column":33},"end":{"line":64,"column":46}}],"line":64}},"s":{"0":1,"1":1,"2":1,"3":1,"4":1,"5":1,"6":1,"7":1,"8":1,"9":1,"10":1,"11":1,"12":21,"13":21,"14":21,"15":21,"16":21,"17":16,"18":5,"19":5,"20":5,"21":5,"22":5,"23":0,"24":0,"25":1,"26":1},"f":{"0":1,"1":21,"2":21,"3":5,"4":0},"b":{"0":[0],"1":[1,0],"2":[21,0],"3":[16,5],"4":[21,21,16],"5":[5,0],"6":[5,0,0],"7":[1,0],"8":[1,1],"9":[1,0]},"_coverageSchema":"1a1c01bbd47fc00a2c39e90264f33305004495a9","hash":"4af46d8bc5b06e66e059d566eaa9956c27f26a2f"}
,"C:\\Users\\grknc\\Desktop\\bmök\\Proje2\\mini-crm\\src\\middlewares\\requestContext.js": {"path":"C:\\Users\\grknc\\Desktop\\bmök\\Proje2\\mini-crm\\src\\middlewares\\requestContext.js","statementMap":{"0":{"start":{"line":3,"column":15},"end":{"line":3,"column":32}},"1":{"start":{"line":5,"column":0},"end":{"line":12,"column":2}},"2":{"start":{"line":6,"column":19},"end":{"line":6,"column":45}},"3":{"start":{"line":7,"column":13},"end":{"line":7,"column":96}},"4":{"start":{"line":9,"column":2},"end":{"line":9,"column":19}},"5":{"start":{"line":10,"column":2},"end":{"line":10,"column":36}},"6":{"start":{"line":11,"column":2},"end":{"line":11,"column":9}}},"fnMap":{"0":{"name":"requestContext","decl":{"start":{"line":5,"column":26},"end":{"line":5,"column":40}},"loc":{"start":{"line":5,"column":57},"end":{"line":12,"column":1}},"line":5}},"branchMap":{"0":{"loc":{"start":{"line":7,"column":13},"end":{"line":7,"column":96}},"type":"cond-expr","locations":[{"start":{"line":7,"column":51},"end":{"line":7,"column":74}},{"start":{"line":7,"column":77},"end":{"line":7,"column":96}}],"line":7},"1":{"loc":{"start":{"line":7,"column":13},"end":{"line":7,"column":48}},"type":"binary-expr","locations":[{"start":{"line":7,"column":13},"end":{"line":7,"column":21}},{"start":{"line":7,"column":25},"end":{"line":7,"column":48}}],"line":7}},"s":{"0":1,"1":1,"2":25,"3":25,"4":25,"5":25,"6":25},"f":{"0":25},"b":{"0":[0,25],"1":[25,0]},"_coverageSchema":"1a1c01bbd47fc00a2c39e90264f33305004495a9","hash":"3015f355628bb8da358a1be9b0f2ee7e44981c7a"}
,"C:\\Users\\grknc\\Desktop\\bmök\\Proje2\\mini-crm\\src\\models\\customer.js": {"path":"C:\\Users\\grknc\\Desktop\\bmök\\Proje2\\mini-crm\\src\\models\\customer.js","statementMap":{"0":{"start":{"line":3,"column":0},"end":{"line":57,"column":2}},"1":{"start":{"line":4,"column":19},"end":{"line":54,"column":3}},"2":{"start":{"line":56,"column":2},"end":{"line":56,"column":18}}},"fnMap":{"0":{"name":"(anonymous_0)","decl":{"start":{"line":3,"column":17},"end":{"line":3,"column":18}},"loc":{"start":{"line":3,"column":43},"end":{"line":57,"column":1}},"line":3}},"branchMap":{},"s":{"0":1,"1":1,"2":1},"f":{"0":1},"b":{},"_coverageSchema":"1a1c01bbd47fc00a2c39e90264f33305004495a9","hash":"1f943428778d3faf6e1c3acde15195f62bb15c28"}
,"C:\\Users\\grknc\\Desktop\\bmök\\Proje2\\mini-crm\\src\\models\\index.js": {"path":"C:\\Users\\grknc\\Desktop\\bmök\\Proje2\\mini-crm\\src\\models\\index.js","statementMap":{"0":{"start":{"line":3,"column":22},"end":{"line":3,"column":42}},"1":{"start":{"line":4,"column":15},"end":{"line":4,"column":35}},"2":{"start":{"line":5,"column":15},"end":{"line":5,"column":39}},"3":{"start":{"line":8,"column":2},"end":{"line":10,"column":74}},"4":{"start":{"line":10,"column":15},"end":{"line":10,"column":74}},"5":{"start":{"line":12,"column":18},"end":{"line":29,"column":5}},"6":{"start":{"line":31,"column":11},"end":{"line":31,"column":13}},"7":{"start":{"line":33,"column":0},"end":{"line":33,"column":25}},"8":{"start":{"line":34,"column":0},"end":{"line":34,"column":25}},"9":{"start":{"line":36,"column":0},"end":{"line":36,"column":68}},"10":{"start":{"line":37,"column":0},"end":{"line":37,"column":62}},"11":{"start":{"line":38,"column":0},"end":{"line":38,"column":66}},"12":{"start":{"line":39,"column":0},"end":{"line":39,"column":70}},"13":{"start":{"line":41,"column":0},"end":{"line":41,"column":60}},"14":{"start":{"line":42,"column":0},"end":{"line":42,"column":62}},"15":{"start":{"line":44,"column":0},"end":{"line":44,"column":58}},"16":{"start":{"line":45,"column":0},"end":{"line":45,"column":60}},"17":{"start":{"line":47,"column":0},"end":{"line":47,"column":62}},"18":{"start":{"line":48,"column":0},"end":{"line":48,"column":64}},"19":{"start":{"line":50,"column":0},"end":{"line":50,"column":20}}},"fnMap":{"0":{"name":"(anonymous_0)","decl":{"start":{"line":10,"column":6},"end":{"line":10,"column":7}},"loc":{"start":{"line":10,"column":15},"end":{"line":10,"column":74}},"line":10}},"branchMap":{"0":{"loc":{"start":{"line":8,"column":2},"end":{"line":10,"column":74}},"type":"cond-expr","locations":[{"start":{"line":9,"column":6},"end":{"line":9,"column":11}},{"start":{"line":10,"column":6},"end":{"line":10,"column":74}}],"line":8},"1":{"loc":{"start":{"line":12,"column":18},"end":{"line":29,"column":5}},"type":"cond-expr","locations":[{"start":{"line":13,"column":4},"end":{"line":17,"column":6}},{"start":{"line":18,"column":4},"end":{"line":29,"column":5}}],"line":12}},"s":{"0":1,"1":1,"2":1,"3":1,"4":0,"5":1,"6":1,"7":1,"8":1,"9":1,"10":1,"11":1,"12":1,"13":1,"14":1,"15":1,"16":1,"17":1,"18":1,"19":1},"f":{"0":0},"b":{"0":[1,0],"1":[1,0]},"_coverageSchema":"1a1c01bbd47fc00a2c39e90264f33305004495a9","hash":"62f1982556e2219da0adc3c0d55a9a9386a699aa"}
,"C:\\Users\\grknc\\Desktop\\bmök\\Proje2\\mini-crm\\src\\models\\order.js": {"path":"C:\\Users\\grknc\\Desktop\\bmök\\Proje2\\mini-crm\\src\\models\\order.js","statementMap":{"0":{"start":{"line":3,"column":0},"end":{"line":37,"column":2}},"1":{"start":{"line":4,"column":16},"end":{"line":34,"column":3}},"2":{"start":{"line":36,"column":2},"end":{"line":36,"column":15}}},"fnMap":{"0":{"name":"(anonymous_0)","decl":{"start":{"line":3,"column":17},"end":{"line":3,"column":18}},"loc":{"start":{"line":3,"column":43},"end":{"line":37,"column":1}},"line":3}},"branchMap":{},"s":{"0":1,"1":1,"2":1},"f":{"0":1},"b":{},"_coverageSchema":"1a1c01bbd47fc00a2c39e90264f33305004495a9","hash":"cd27548fcbae71d36b9246ce1f44d7179c9c5638"}
,"C:\\Users\\grknc\\Desktop\\bmök\\Proje2\\mini-crm\\src\\models\\orderItem.js": {"path":"C:\\Users\\grknc\\Desktop\\bmök\\Proje2\\mini-crm\\src\\models\\orderItem.js","statementMap":{"0":{"start":{"line":3,"column":0},"end":{"line":46,"column":2}},"1":{"start":{"line":4,"column":20},"end":{"line":43,"column":3}},"2":{"start":{"line":45,"column":2},"end":{"line":45,"column":19}}},"fnMap":{"0":{"name":"(anonymous_0)","decl":{"start":{"line":3,"column":17},"end":{"line":3,"column":18}},"loc":{"start":{"line":3,"column":43},"end":{"line":46,"column":1}},"line":3}},"branchMap":{},"s":{"0":1,"1":1,"2":1},"f":{"0":1},"b":{},"_coverageSchema":"1a1c01bbd47fc00a2c39e90264f33305004495a9","hash":"46c4ea86cf87b21c6a2e7bfe191bda148070a8f2"}
,"C:\\Users\\grknc\\Desktop\\bmök\\Proje2\\mini-crm\\src\\models\\product.js": {"path":"C:\\Users\\grknc\\Desktop\\bmök\\Proje2\\mini-crm\\src\\models\\product.js","statementMap":{"0":{"start":{"line":3,"column":0},"end":{"line":66,"column":2}},"1":{"start":{"line":4,"column":18},"end":{"line":63,"column":3}},"2":{"start":{"line":65,"column":2},"end":{"line":65,"column":17}}},"fnMap":{"0":{"name":"(anonymous_0)","decl":{"start":{"line":3,"column":17},"end":{"line":3,"column":18}},"loc":{"start":{"line":3,"column":43},"end":{"line":66,"column":1}},"line":3}},"branchMap":{},"s":{"0":1,"1":1,"2":1},"f":{"0":1},"b":{},"_coverageSchema":"1a1c01bbd47fc00a2c39e90264f33305004495a9","hash":"18310b785f0649f08d34a4fc3f2b9f1a33023fbd"}
,"C:\\Users\\grknc\\Desktop\\bmök\\Proje2\\mini-crm\\src\\routes\\customers.js": {"path":"C:\\Users\\grknc\\Desktop\\bmök\\Proje2\\mini-crm\\src\\routes\\customers.js","statementMap":{"0":{"start":{"line":3,"column":16},"end":{"line":3,"column":34}},"1":{"start":{"line":4,"column":15},"end":{"line":4,"column":31}},"2":{"start":{"line":5,"column":24},"end":{"line":5,"column":62}},"3":{"start":{"line":8,"column":0},"end":{"line":16,"column":3}},"4":{"start":{"line":9,"column":2},"end":{"line":15,"column":3}},"5":{"start":{"line":10,"column":30},"end":{"line":10,"column":39}},"6":{"start":{"line":11,"column":22},"end":{"line":11,"column":76}},"7":{"start":{"line":12,"column":4},"end":{"line":12,"column":24}},"8":{"start":{"line":14,"column":4},"end":{"line":14,"column":14}},"9":{"start":{"line":19,"column":0},"end":{"line":31,"column":3}},"10":{"start":{"line":20,"column":2},"end":{"line":30,"column":3}},"11":{"start":{"line":21,"column":15},"end":{"line":21,"column":36}},"12":{"start":{"line":22,"column":4},"end":{"line":24,"column":5}},"13":{"start":{"line":23,"column":6},"end":{"line":23,"column":70}},"14":{"start":{"line":26,"column":21},"end":{"line":26,"column":62}},"15":{"start":{"line":27,"column":4},"end":{"line":27,"column":23}},"16":{"start":{"line":29,"column":4},"end":{"line":29,"column":14}},"17":{"start":{"line":34,"column":0},"end":{"line":41,"column":3}},"18":{"start":{"line":35,"column":2},"end":{"line":40,"column":3}},"19":{"start":{"line":36,"column":21},"end":{"line":36,"column":67}},"20":{"start":{"line":37,"column":4},"end":{"line":37,"column":35}},"21":{"start":{"line":39,"column":4},"end":{"line":39,"column":14}},"22":{"start":{"line":44,"column":0},"end":{"line":56,"column":3}},"23":{"start":{"line":45,"column":2},"end":{"line":55,"column":3}},"24":{"start":{"line":46,"column":15},"end":{"line":46,"column":36}},"25":{"start":{"line":47,"column":4},"end":{"line":49,"column":5}},"26":{"start":{"line":48,"column":6},"end":{"line":48,"column":70}},"27":{"start":{"line":51,"column":21},"end":{"line":51,"column":71}},"28":{"start":{"line":52,"column":4},"end":{"line":52,"column":23}},"29":{"start":{"line":54,"column":4},"end":{"line":54,"column":14}},"30":{"start":{"line":59,"column":0},"end":{"line":71,"column":3}},"31":{"start":{"line":60,"column":2},"end":{"line":70,"column":3}},"32":{"start":{"line":61,"column":15},"end":{"line":61,"column":36}},"33":{"start":{"line":62,"column":4},"end":{"line":64,"column":5}},"34":{"start":{"line":63,"column":6},"end":{"line":63,"column":70}},"35":{"start":{"line":66,"column":19},"end":{"line":66,"column":59}},"36":{"start":{"line":67,"column":4},"end":{"line":67,"column":21}},"37":{"start":{"line":69,"column":4},"end":{"line":69,"column":14}},"38":{"start":{"line":73,"column":0},"end":{"line":73,"column":24}}},"fnMap":{"0":{"name":"(anonymous_0)","decl":{"start":{"line":8,"column":16},"end":{"line":8,"column":17}},"loc":{"start":{"line":8,"column":42},"end":{"line":16,"column":1}},"line":8},"1":{"name":"(anonymous_1)","decl":{"start":{"line":19,"column":19},"end":{"line":19,"column":20}},"loc":{"start":{"line":19,"column":45},"end":{"line":31,"column":1}},"line":19},"2":{"name":"(anonymous_2)","decl":{"start":{"line":34,"column":17},"end":{"line":34,"column":18}},"loc":{"start":{"line":34,"column":43},"end":{"line":41,"column":1}},"line":34},"3":{"name":"(anonymous_3)","decl":{"start":{"line":44,"column":19},"end":{"line":44,"column":20}},"loc":{"start":{"line":44,"column":45},"end":{"line":56,"column":1}},"line":44},"4":{"name":"(anonymous_4)","decl":{"start":{"line":59,"column":22},"end":{"line":59,"column":23}},"loc":{"start":{"line":59,"column":48},"end":{"line":71,"column":1}},"line":59}},"branchMap":{"0":{"loc":{"start":{"line":22,"column":4},"end":{"line":24,"column":5}},"type":"if","locations":[{"start":{"line":22,"column":4},"end":{"line":24,"column":5}},{"start":{},"end":{}}],"line":22},"1":{"loc":{"start":{"line":22,"column":8},"end":{"line":22,"column":39}},"type":"binary-expr","locations":[{"start":{"line":22,"column":8},"end":{"line":22,"column":28}},{"start":{"line":22,"column":32},"end":{"line":22,"column":39}}],"line":22},"2":{"loc":{"start":{"line":47,"column":4},"end":{"line":49,"column":5}},"type":"if","locations":[{"start":{"line":47,"column":4},"end":{"line":49,"column":5}},{"start":{},"end":{}}],"line":47},"3":{"loc":{"start":{"line":47,"column":8},"end":{"line":47,"column":39}},"type":"binary-expr","locations":[{"start":{"line":47,"column":8},"end":{"line":47,"column":28}},{"start":{"line":47,"column":32},"end":{"line":47,"column":39}}],"line":47},"4":{"loc":{"start":{"line":62,"column":4},"end":{"line":64,"column":5}},"type":"if","locations":[{"start":{"line":62,"column":4},"end":{"line":64,"column":5}},{"start":{},"end":{}}],"line":62},"5":{"loc":{"start":{"line":62,"column":8},"end":{"line":62,"column":39}},"type":"binary-expr","locations":[{"start":{"line":62,"column":8},"end":{"line":62,"column":28}},{"start":{"line":62,"column":32},"end":{"line":62,"column":39}}],"line":62}},"s":{"0":1,"1":1,"2":1,"3":1,"4":2,"5":2,"6":2,"7":2,"8":0,"9":1,"10":0,"11":0,"12":0,"13":0,"14":0,"15":0,"16":0,"17":1,"18":9,"19":9,"20":7,"21":2,"22":1,"23":0,"24":0,"25":0,"26":0,"27":0,"28":0,"29":0,"30":1,"31":1,"32":1,"33":1,"34":0,"35":1,"36":1,"37":0,"38":1},"f":{"0":2,"1":0,"2":9,"3":0,"4":1},"b":{"0":[0,0],"1":[0,0],"2":[0,0],"3":[0,0],"4":[0,1],"5":[1,1]},"_coverageSchema":"1a1c01bbd47fc00a2c39e90264f33305004495a9","hash":"74454f79b714e9b41bf35a540494a0198577bdbf"}
,"C:\\Users\\grknc\\Desktop\\bmök\\Proje2\\mini-crm\\src\\routes\\orders.js": {"path":"C:\\Users\\grknc\\Desktop\\bmök\\Proje2\\mini-crm\\src\\routes\\orders.js","statementMap":{"0":{"start":{"line":3,"column":16},"end":{"line":3,"column":34}},"1":{"start":{"line":4,"column":15},"end":{"line":4,"column":31}},"2":{"start":{"line":5,"column":21},"end":{"line":5,"column":56}},"3":{"start":{"line":8,"column":0},"end":{"line":15,"column":3}},"4":{"start":{"line":9,"column":2},"end":{"line":14,"column":3}},"5":{"start":{"line":10,"column":19},"end":{"line":10,"column":50}},"6":{"start":{"line":11,"column":4},"end":{"line":11,"column":21}},"7":{"start":{"line":13,"column":4},"end":{"line":13,"column":14}},"8":{"start":{"line":18,"column":0},"end":{"line":25,"column":3}},"9":{"start":{"line":19,"column":2},"end":{"line":24,"column":3}},"10":{"start":{"line":20,"column":18},"end":{"line":20,"column":58}},"11":{"start":{"line":21,"column":4},"end":{"line":21,"column":32}},"12":{"start":{"line":23,"column":4},"end":{"line":23,"column":14}},"13":{"start":{"line":27,"column":0},"end":{"line":27,"column":24}}},"fnMap":{"0":{"name":"(anonymous_0)","decl":{"start":{"line":8,"column":16},"end":{"line":8,"column":17}},"loc":{"start":{"line":8,"column":42},"end":{"line":15,"column":1}},"line":8},"1":{"name":"(anonymous_1)","decl":{"start":{"line":18,"column":17},"end":{"line":18,"column":18}},"loc":{"start":{"line":18,"column":43},"end":{"line":25,"column":1}},"line":18}},"branchMap":{},"s":{"0":1,"1":1,"2":1,"3":1,"4":1,"5":1,"6":1,"7":0,"8":1,"9":5,"10":5,"11":3,"12":2,"13":1},"f":{"0":1,"1":5},"b":{},"_coverageSchema":"1a1c01bbd47fc00a2c39e90264f33305004495a9","hash":"4c8463264f5bf39b0e4769b810cb79179815d6f3"}
,"C:\\Users\\grknc\\Desktop\\bmök\\Proje2\\mini-crm\\src\\routes\\products.js": {"path":"C:\\Users\\grknc\\Desktop\\bmök\\Proje2\\mini-crm\\src\\routes\\products.js","statementMap":{"0":{"start":{"line":3,"column":16},"end":{"line":3,"column":34}},"1":{"start":{"line":4,"column":15},"end":{"line":4,"column":31}},"2":{"start":{"line":5,"column":23},"end":{"line":5,"column":60}},"3":{"start":{"line":8,"column":0},"end":{"line":15,"column":3}},"4":{"start":{"line":9,"column":2},"end":{"line":14,"column":3}},"5":{"start":{"line":10,"column":21},"end":{"line":10,"column":56}},"6":{"start":{"line":11,"column":4},"end":{"line":11,"column":23}},"7":{"start":{"line":13,"column":4},"end":{"line":13,"column":14}},"8":{"start":{"line":18,"column":0},"end":{"line":25,"column":3}},"9":{"start":{"line":19,"column":2},"end":{"line":24,"column":3}},"10":{"start":{"line":20,"column":20},"end":{"line":20,"column":74}},"11":{"start":{"line":21,"column":4},"end":{"line":21,"column":22}},"12":{"start":{"line":23,"column":4},"end":{"line":23,"column":14}},"13":{"start":{"line":28,"column":0},"end":{"line":35,"column":3}},"14":{"start":{"line":29,"column":2},"end":{"line":34,"column":3}},"15":{"start":{"line":30,"column":20},"end":{"line":30,"column":64}},"16":{"start":{"line":31,"column":4},"end":{"line":31,"column":34}},"17":{"start":{"line":33,"column":4},"end":{"line":33,"column":14}},"18":{"start":{"line":38,"column":0},"end":{"line":45,"column":3}},"19":{"start":{"line":39,"column":2},"end":{"line":44,"column":3}},"20":{"start":{"line":40,"column":20},"end":{"line":40,"column":87}},"21":{"start":{"line":41,"column":4},"end":{"line":41,"column":22}},"22":{"start":{"line":43,"column":4},"end":{"line":43,"column":14}},"23":{"start":{"line":47,"column":0},"end":{"line":47,"column":24}}},"fnMap":{"0":{"name":"(anonymous_0)","decl":{"start":{"line":8,"column":16},"end":{"line":8,"column":17}},"loc":{"start":{"line":8,"column":42},"end":{"line":15,"column":1}},"line":8},"1":{"name":"(anonymous_1)","decl":{"start":{"line":18,"column":19},"end":{"line":18,"column":20}},"loc":{"start":{"line":18,"column":45},"end":{"line":25,"column":1}},"line":18},"2":{"name":"(anonymous_2)","decl":{"start":{"line":28,"column":17},"end":{"line":28,"column":18}},"loc":{"start":{"line":28,"column":43},"end":{"line":35,"column":1}},"line":28},"3":{"name":"(anonymous_3)","decl":{"start":{"line":38,"column":21},"end":{"line":38,"column":22}},"loc":{"start":{"line":38,"column":47},"end":{"line":45,"column":1}},"line":38}},"branchMap":{},"s":{"0":1,"1":1,"2":1,"3":1,"4":0,"5":0,"6":0,"7":0,"8":1,"9":2,"10":2,"11":2,"12":0,"13":1,"14":5,"15":5,"16":4,"17":1,"18":1,"19":0,"20":0,"21":0,"22":0,"23":1},"f":{"0":0,"1":2,"2":5,"3":0},"b":{},"_coverageSchema":"1a1c01bbd47fc00a2c39e90264f33305004495a9","hash":"3a0a373d7ca63cc306bddd8cfd64dd14d46d0329"}
,"C:\\Users\\grknc\\Desktop\\bmök\\Proje2\\mini-crm\\src\\services\\customerService.js": {"path":"C:\\Users\\grknc\\Desktop\\bmök\\Proje2\\mini-crm\\src\\services\\customerService.js","statementMap":{"0":{"start":{"line":3,"column":15},"end":{"line":3,"column":35}},"1":{"start":{"line":4,"column":21},"end":{"line":4,"column":41}},"2":{"start":{"line":5,"column":15},"end":{"line":5,"column":39}},"3":{"start":{"line":6,"column":43},"end":{"line":6,"column":83}},"4":{"start":{"line":9,"column":14},"end":{"line":9,"column":32}},"5":{"start":{"line":10,"column":2},"end":{"line":10,"column":30}},"6":{"start":{"line":11,"column":2},"end":{"line":11,"column":51}},"7":{"start":{"line":11,"column":29},"end":{"line":11,"column":51}},"8":{"start":{"line":12,"column":2},"end":{"line":12,"column":13}},"9":{"start":{"line":16,"column":20},"end":{"line":16,"column":67}},"10":{"start":{"line":17,"column":21},"end":{"line":17,"column":53}},"11":{"start":{"line":19,"column":2},"end":{"line":24,"column":5}},"12":{"start":{"line":28,"column":19},"end":{"line":30,"column":4}},"13":{"start":{"line":32,"column":2},"end":{"line":34,"column":3}},"14":{"start":{"line":33,"column":4},"end":{"line":33,"column":47}},"15":{"start":{"line":36,"column":2},"end":{"line":36,"column":18}},"16":{"start":{"line":40,"column":2},"end":{"line":42,"column":3}},"17":{"start":{"line":41,"column":4},"end":{"line":41,"column":51}},"18":{"start":{"line":44,"column":20},"end":{"line":44,"column":58}},"19":{"start":{"line":45,"column":2},"end":{"line":47,"column":3}},"20":{"start":{"line":46,"column":4},"end":{"line":46,"column":49}},"21":{"start":{"line":50,"column":4},"end":{"line":52,"column":47}},"22":{"start":{"line":54,"column":16},"end":{"line":54,"column":45}},"23":{"start":{"line":55,"column":16},"end":{"line":55,"column":45}},"24":{"start":{"line":57,"column":2},"end":{"line":59,"column":3}},"25":{"start":{"line":58,"column":4},"end":{"line":58,"column":81}},"26":{"start":{"line":62,"column":20},"end":{"line":62,"column":22}},"27":{"start":{"line":63,"column":4},"end":{"line":63,"column":39}},"28":{"start":{"line":63,"column":15},"end":{"line":63,"column":39}},"29":{"start":{"line":64,"column":4},"end":{"line":64,"column":39}},"30":{"start":{"line":64,"column":15},"end":{"line":64,"column":39}},"31":{"start":{"line":66,"column":21},"end":{"line":71,"column":6}},"32":{"start":{"line":73,"column":4},"end":{"line":75,"column":5}},"33":{"start":{"line":74,"column":6},"end":{"line":74,"column":87}},"34":{"start":{"line":78,"column":2},"end":{"line":81,"column":5}},"35":{"start":{"line":83,"column":19},"end":{"line":90,"column":4}},"36":{"start":{"line":92,"column":2},"end":{"line":92,"column":18}},"37":{"start":{"line":96,"column":2},"end":{"line":98,"column":3}},"38":{"start":{"line":97,"column":4},"end":{"line":97,"column":51}},"39":{"start":{"line":100,"column":19},"end":{"line":100,"column":44}},"40":{"start":{"line":101,"column":15},"end":{"line":101,"column":17}},"41":{"start":{"line":103,"column":2},"end":{"line":107,"column":3}},"42":{"start":{"line":104,"column":14},"end":{"line":104,"column":52}},"43":{"start":{"line":105,"column":4},"end":{"line":105,"column":57}},"44":{"start":{"line":105,"column":12},"end":{"line":105,"column":57}},"45":{"start":{"line":106,"column":4},"end":{"line":106,"column":23}},"46":{"start":{"line":109,"column":2},"end":{"line":112,"column":3}},"47":{"start":{"line":110,"column":14},"end":{"line":110,"column":80}},"48":{"start":{"line":111,"column":4},"end":{"line":111,"column":30}},"49":{"start":{"line":114,"column":2},"end":{"line":116,"column":3}},"50":{"start":{"line":115,"column":4},"end":{"line":115,"column":47}},"51":{"start":{"line":118,"column":2},"end":{"line":120,"column":3}},"52":{"start":{"line":119,"column":4},"end":{"line":119,"column":47}},"53":{"start":{"line":122,"column":2},"end":{"line":124,"column":3}},"54":{"start":{"line":123,"column":4},"end":{"line":123,"column":43}},"55":{"start":{"line":126,"column":2},"end":{"line":128,"column":3}},"56":{"start":{"line":127,"column":4},"end":{"line":127,"column":37}},"57":{"start":{"line":131,"column":21},"end":{"line":131,"column":75}},"58":{"start":{"line":132,"column":21},"end":{"line":132,"column":75}},"59":{"start":{"line":134,"column":2},"end":{"line":136,"column":3}},"60":{"start":{"line":135,"column":4},"end":{"line":135,"column":81}},"61":{"start":{"line":137,"column":2},"end":{"line":153,"column":3}},"62":{"start":{"line":138,"column":20},"end":{"line":138,"column":22}},"63":{"start":{"line":139,"column":4},"end":{"line":139,"column":56}},"64":{"start":{"line":139,"column":20},"end":{"line":139,"column":56}},"65":{"start":{"line":140,"column":4},"end":{"line":140,"column":56}},"66":{"start":{"line":140,"column":20},"end":{"line":140,"column":56}},"67":{"start":{"line":142,"column":16},"end":{"line":148,"column":6}},"68":{"start":{"line":150,"column":4},"end":{"line":152,"column":5}},"69":{"start":{"line":151,"column":6},"end":{"line":151,"column":87}},"70":{"start":{"line":155,"column":2},"end":{"line":155,"column":63}},"71":{"start":{"line":157,"column":2},"end":{"line":157,"column":30}},"72":{"start":{"line":158,"column":2},"end":{"line":158,"column":18}},"73":{"start":{"line":162,"column":19},"end":{"line":162,"column":44}},"74":{"start":{"line":164,"column":2},"end":{"line":164,"column":63}},"75":{"start":{"line":166,"column":2},"end":{"line":166,"column":45}},"76":{"start":{"line":167,"column":2},"end":{"line":167,"column":27}},"77":{"start":{"line":170,"column":0},"end":{"line":176,"column":2}}},"fnMap":{"0":{"name":"httpError","decl":{"start":{"line":8,"column":9},"end":{"line":8,"column":18}},"loc":{"start":{"line":8,"column":61},"end":{"line":13,"column":1}},"line":8},"1":{"name":"listCustomers","decl":{"start":{"line":15,"column":15},"end":{"line":15,"column":28}},"loc":{"start":{"line":15,"column":62},"end":{"line":25,"column":1}},"line":15},"2":{"name":"getCustomerById","decl":{"start":{"line":27,"column":15},"end":{"line":27,"column":30}},"loc":{"start":{"line":27,"column":35},"end":{"line":37,"column":1}},"line":27},"3":{"name":"createCustomer","decl":{"start":{"line":39,"column":15},"end":{"line":39,"column":29}},"loc":{"start":{"line":39,"column":39},"end":{"line":93,"column":1}},"line":39},"4":{"name":"updateCustomer","decl":{"start":{"line":95,"column":15},"end":{"line":95,"column":29}},"loc":{"start":{"line":95,"column":43},"end":{"line":159,"column":1}},"line":95},"5":{"name":"deleteCustomer","decl":{"start":{"line":161,"column":15},"end":{"line":161,"column":29}},"loc":{"start":{"line":161,"column":34},"end":{"line":168,"column":1}},"line":161}},"branchMap":{"0":{"loc":{"start":{"line":8,"column":40},"end":{"line":8,"column":59}},"type":"default-arg","locations":[{"start":{"line":8,"column":50},"end":{"line":8,"column":59}}],"line":8},"1":{"loc":{"start":{"line":11,"column":2},"end":{"line":11,"column":51}},"type":"if","locations":[{"start":{"line":11,"column":2},"end":{"line":11,"column":51}},{"start":{},"end":{}}],"line":11},"2":{"loc":{"start":{"line":15,"column":29},"end":{"line":15,"column":60}},"type":"default-arg","locations":[{"start":{"line":15,"column":58},"end":{"line":15,"column":60}}],"line":15},"3":{"loc":{"start":{"line":15,"column":31},"end":{"line":15,"column":41}},"type":"default-arg","locations":[{"start":{"line":15,"column":39},"end":{"line":15,"column":41}}],"line":15},"4":{"loc":{"start":{"line":15,"column":43},"end":{"line":15,"column":53}},"type":"default-arg","locations":[{"start":{"line":15,"column":52},"end":{"line":15,"column":53}}],"line":15},"5":{"loc":{"start":{"line":16,"column":38},"end":{"line":16,"column":57}},"type":"binary-expr","locations":[{"start":{"line":16,"column":38},"end":{"line":16,"column":51}},{"start":{"line":16,"column":55},"end":{"line":16,"column":57}}],"line":16},"6":{"loc":{"start":{"line":17,"column":30},"end":{"line":17,"column":49}},"type":"binary-expr","locations":[{"start":{"line":17,"column":30},"end":{"line":17,"column":44}},{"start":{"line":17,"column":48},"end":{"line":17,"column":49}}],"line":17},"7":{"loc":{"start":{"line":32,"column":2},"end":{"line":34,"column":3}},"type":"if","locations":[{"start":{"line":32,"column":2},"end":{"line":34,"column":3}},{"start":{},"end":{}}],"line":32},"8":{"loc":{"start":{"line":40,"column":2},"end":{"line":42,"column":3}},"type":"if","locations":[{"start":{"line":40,"column":2},"end":{"line":42,"column":3}},{"start":{},"end":{}}],"line":40},"9":{"loc":{"start":{"line":40,"column":6},"end":{"line":40,"column":45}},"type":"binary-expr","locations":[{"start":{"line":40,"column":6},"end":{"line":40,"column":14}},{"start":{"line":40,"column":18},"end":{"line":40,"column":45}}],"line":40},"10":{"loc":{"start":{"line":44,"column":27},"end":{"line":44,"column":50}},"type":"binary-expr","locations":[{"start":{"line":44,"column":27},"end":{"line":44,"column":44}},{"start":{"line":44,"column":48},"end":{"line":44,"column":50}}],"line":44},"11":{"loc":{"start":{"line":45,"column":2},"end":{"line":47,"column":3}},"type":"if","locations":[{"start":{"line":45,"column":2},"end":{"line":47,"column":3}},{"start":{},"end":{}}],"line":45},"12":{"loc":{"start":{"line":50,"column":4},"end":{"line":52,"column":47}},"type":"cond-expr","locations":[{"start":{"line":51,"column":8},"end":{"line":51,"column":12}},{"start":{"line":52,"column":8},"end":{"line":52,"column":47}}],"line":50},"13":{"loc":{"start":{"line":50,"column":4},"end":{"line":50,"column":63}},"type":"binary-expr","locations":[{"start":{"line":50,"column":4},"end":{"line":50,"column":34}},{"start":{"line":50,"column":38},"end":{"line":50,"column":63}}],"line":50},"14":{"loc":{"start":{"line":52,"column":8},"end":{"line":52,"column":47}},"type":"binary-expr","locations":[{"start":{"line":52,"column":8},"end":{"line":52,"column":39}},{"start":{"line":52,"column":43},"end":{"line":52,"column":47}}],"line":52},"15":{"loc":{"start":{"line":57,"column":2},"end":{"line":59,"column":3}},"type":"if","locations":[{"start":{"line":57,"column":2},"end":{"line":59,"column":3}},{"start":{},"end":{}}],"line":57},"16":{"loc":{"start":{"line":57,"column":6},"end":{"line":57,"column":22}},"type":"binary-expr","locations":[{"start":{"line":57,"column":6},"end":{"line":57,"column":12}},{"start":{"line":57,"column":16},"end":{"line":57,"column":22}}],"line":57},"17":{"loc":{"start":{"line":63,"column":4},"end":{"line":63,"column":39}},"type":"if","locations":[{"start":{"line":63,"column":4},"end":{"line":63,"column":39}},{"start":{},"end":{}}],"line":63},"18":{"loc":{"start":{"line":64,"column":4},"end":{"line":64,"column":39}},"type":"if","locations":[{"start":{"line":64,"column":4},"end":{"line":64,"column":39}},{"start":{},"end":{}}],"line":64},"19":{"loc":{"start":{"line":73,"column":4},"end":{"line":75,"column":5}},"type":"if","locations":[{"start":{"line":73,"column":4},"end":{"line":75,"column":5}},{"start":{},"end":{}}],"line":73},"20":{"loc":{"start":{"line":88,"column":13},"end":{"line":88,"column":36}},"type":"binary-expr","locations":[{"start":{"line":88,"column":13},"end":{"line":88,"column":28}},{"start":{"line":88,"column":32},"end":{"line":88,"column":36}}],"line":88},"21":{"loc":{"start":{"line":89,"column":10},"end":{"line":89,"column":30}},"type":"binary-expr","locations":[{"start":{"line":89,"column":10},"end":{"line":89,"column":22}},{"start":{"line":89,"column":26},"end":{"line":89,"column":30}}],"line":89},"22":{"loc":{"start":{"line":96,"column":2},"end":{"line":98,"column":3}},"type":"if","locations":[{"start":{"line":96,"column":2},"end":{"line":98,"column":3}},{"start":{},"end":{}}],"line":96},"23":{"loc":{"start":{"line":96,"column":6},"end":{"line":96,"column":45}},"type":"binary-expr","locations":[{"start":{"line":96,"column":6},"end":{"line":96,"column":14}},{"start":{"line":96,"column":18},"end":{"line":96,"column":45}}],"line":96},"24":{"loc":{"start":{"line":103,"column":2},"end":{"line":107,"column":3}},"type":"if","locations":[{"start":{"line":103,"column":2},"end":{"line":107,"column":3}},{"start":{},"end":{}}],"line":103},"25":{"loc":{"start":{"line":104,"column":21},"end":{"line":104,"column":44}},"type":"binary-expr","locations":[{"start":{"line":104,"column":21},"end":{"line":104,"column":38}},{"start":{"line":104,"column":42},"end":{"line":104,"column":44}}],"line":104},"26":{"loc":{"start":{"line":105,"column":4},"end":{"line":105,"column":57}},"type":"if","locations":[{"start":{"line":105,"column":4},"end":{"line":105,"column":57}},{"start":{},"end":{}}],"line":105},"27":{"loc":{"start":{"line":109,"column":2},"end":{"line":112,"column":3}},"type":"if","locations":[{"start":{"line":109,"column":2},"end":{"line":112,"column":3}},{"start":{},"end":{}}],"line":109},"28":{"loc":{"start":{"line":110,"column":14},"end":{"line":110,"column":80}},"type":"cond-expr","locations":[{"start":{"line":110,"column":42},"end":{"line":110,"column":46}},{"start":{"line":110,"column":49},"end":{"line":110,"column":80}}],"line":110},"29":{"loc":{"start":{"line":111,"column":20},"end":{"line":111,"column":29}},"type":"binary-expr","locations":[{"start":{"line":111,"column":20},"end":{"line":111,"column":21}},{"start":{"line":111,"column":25},"end":{"line":111,"column":29}}],"line":111},"30":{"loc":{"start":{"line":114,"column":2},"end":{"line":116,"column":3}},"type":"if","locations":[{"start":{"line":114,"column":2},"end":{"line":116,"column":3}},{"start":{},"end":{}}],"line":114},"31":{"loc":{"start":{"line":118,"column":2},"end":{"line":120,"column":3}},"type":"if","locations":[{"start":{"line":118,"column":2},"end":{"line":120,"column":3}},{"start":{},"end":{}}],"line":118},"32":{"loc":{"start":{"line":122,"column":2},"end":{"line":124,"column":3}},"type":"if","locations":[{"start":{"line":122,"column":2},"end":{"line":124,"column":3}},{"start":{},"end":{}}],"line":122},"33":{"loc":{"start":{"line":123,"column":19},"end":{"line":123,"column":42}},"type":"binary-expr","locations":[{"start":{"line":123,"column":19},"end":{"line":123,"column":34}},{"start":{"line":123,"column":38},"end":{"line":123,"column":42}}],"line":123},"34":{"loc":{"start":{"line":126,"column":2},"end":{"line":128,"column":3}},"type":"if","locations":[{"start":{"line":126,"column":2},"end":{"line":128,"column":3}},{"start":{},"end":{}}],"line":126},"35":{"loc":{"start":{"line":127,"column":16},"end":{"line":127,"column":36}},"type":"binary-expr","locations":[{"start":{"line":127,"column":16},"end":{"line":127,"column":28}},{"start":{"line":127,"column":32},"end":{"line":127,"column":36}}],"line":127},"36":{"loc":{"start":{"line":131,"column":21},"end":{"line":131,"column":75}},"type":"cond-expr","locations":[{"start":{"line":131,"column":48},"end":{"line":131,"column":58}},{"start":{"line":131,"column":61},"end":{"line":131,"column":75}}],"line":131},"37":{"loc":{"start":{"line":132,"column":21},"end":{"line":132,"column":75}},"type":"cond-expr","locations":[{"start":{"line":132,"column":48},"end":{"line":132,"column":58}},{"start":{"line":132,"column":61},"end":{"line":132,"column":75}}],"line":132},"38":{"loc":{"start":{"line":134,"column":2},"end":{"line":136,"column":3}},"type":"if","locations":[{"start":{"line":134,"column":2},"end":{"line":136,"column":3}},{"start":{},"end":{}}],"line":134},"39":{"loc":{"start":{"line":134,"column":6},"end":{"line":134,"column":32}},"type":"binary-expr","locations":[{"start":{"line":134,"column":6},"end":{"line":134,"column":17}},{"start":{"line":134,"column":21},"end":{"line":134,"column":32}}],"line":134},"40":{"loc":{"start":{"line":137,"column":2},"end":{"line":153,"column":3}},"type":"if","locations":[{"start":{"line":137,"column":2},"end":{"line":153,"column":3}},{"start":{},"end":{}}],"line":137},"41":{"loc":{"start":{"line":137,"column":6},"end":{"line":137,"column":30}},"type":"binary-expr","locations":[{"start":{"line":137,"column":6},"end":{"line":137,"column":16}},{"start":{"line":137,"column":20},"end":{"line":137,"column":30}}],"line":137},"42":{"loc":{"start":{"line":139,"column":4},"end":{"line":139,"column":56}},"type":"if","locations":[{"start":{"line":139,"column":4},"end":{"line":139,"column":56}},{"start":{},"end":{}}],"line":139},"43":{"loc":{"start":{"line":140,"column":4},"end":{"line":140,"column":56}},"type":"if","locations":[{"start":{"line":140,"column":4},"end":{"line":140,"column":56}},{"start":{},"end":{}}],"line":140},"44":{"loc":{"start":{"line":150,"column":4},"end":{"line":152,"column":5}},"type":"if","locations":[{"start":{"line":150,"column":4},"end":{"line":152,"column":5}},{"start":{},"end":{}}],"line":150}},"s":{"0":1,"1":1,"2":1,"3":1,"4":2,"5":2,"6":2,"7":0,"8":2,"9":2,"10":2,"11":2,"12":1,"13":1,"14":0,"15":1,"16":9,"17":0,"18":9,"19":9,"20":0,"21":9,"22":9,"23":9,"24":9,"25":1,"26":8,"27":8,"28":7,"29":8,"30":1,"31":8,"32":8,"33":1,"34":7,"35":7,"36":7,"37":0,"38":0,"39":0,"40":0,"41":0,"42":0,"43":0,"44":0,"45":0,"46":0,"47":0,"48":0,"49":0,"50":0,"51":0,"52":0,"53":0,"54":0,"55":0,"56":0,"57":0,"58":0,"59":0,"60":0,"61":0,"62":0,"63":0,"64":0,"65":0,"66":0,"67":0,"68":0,"69":0,"70":0,"71":0,"72":0,"73":1,"74":1,"75":1,"76":1,"77":1},"f":{"0":2,"1":2,"2":1,"3":9,"4":0,"5":1},"b":{"0":[2],"1":[0,2],"2":[0],"3":[2],"4":[2],"5":[2,0],"6":[2,2],"7":[0,1],"8":[0,9],"9":[9,9],"10":[9,0],"11":[0,9],"12":[9,0],"13":[9,0],"14":[0,0],"15":[1,8],"16":[9,2],"17":[7,1],"18":[1,7],"19":[1,7],"20":[7,7],"21":[7,7],"22":[0,0],"23":[0,0],"24":[0,0],"25":[0,0],"26":[0,0],"27":[0,0],"28":[0,0],"29":[0,0],"30":[0,0],"31":[0,0],"32":[0,0],"33":[0,0],"34":[0,0],"35":[0,0],"36":[0,0],"37":[0,0],"38":[0,0],"39":[0,0],"40":[0,0],"41":[0,0],"42":[0,0],"43":[0,0],"44":[0,0]},"_coverageSchema":"1a1c01bbd47fc00a2c39e90264f33305004495a9","hash":"7ac6c4b6083bf01d18508c85ea8b2dc1ba78915b"}
,"C:\\Users\\grknc\\Desktop\\bmök\\Proje2\\mini-crm\\src\\services\\orderService.js": {"path":"C:\\Users\\grknc\\Desktop\\bmök\\Proje2\\mini-crm\\src\\services\\orderService.js","statementMap":{"0":{"start":{"line":3,"column":59},"end":{"line":3,"column":79}},"1":{"start":{"line":4,"column":15},"end":{"line":4,"column":39}},"2":{"start":{"line":7,"column":2},"end":{"line":10,"column":5}},"3":{"start":{"line":14,"column":63},"end":{"line":14,"column":70}},"4":{"start":{"line":16,"column":19},"end":{"line":16,"column":59}},"5":{"start":{"line":18,"column":2},"end":{"line":55,"column":3}},"6":{"start":{"line":19,"column":26},"end":{"line":19,"column":36}},"7":{"start":{"line":21,"column":4},"end":{"line":41,"column":5}},"8":{"start":{"line":22,"column":6},"end":{"line":26,"column":7}},"9":{"start":{"line":23,"column":20},"end":{"line":23,"column":78}},"10":{"start":{"line":24,"column":8},"end":{"line":24,"column":29}},"11":{"start":{"line":25,"column":8},"end":{"line":25,"column":18}},"12":{"start":{"line":28,"column":30},"end":{"line":34,"column":8}},"13":{"start":{"line":36,"column":6},"end":{"line":36,"column":43}},"14":{"start":{"line":38,"column":6},"end":{"line":40,"column":9}},"15":{"start":{"line":43,"column":18},"end":{"line":47,"column":6}},"16":{"start":{"line":49,"column":4},"end":{"line":52,"column":7}},"17":{"start":{"line":54,"column":4},"end":{"line":54,"column":17}},"18":{"start":{"line":58,"column":2},"end":{"line":173,"column":5}},"19":{"start":{"line":59,"column":26},"end":{"line":59,"column":36}},"20":{"start":{"line":61,"column":4},"end":{"line":84,"column":5}},"21":{"start":{"line":62,"column":6},"end":{"line":66,"column":7}},"22":{"start":{"line":63,"column":20},"end":{"line":63,"column":78}},"23":{"start":{"line":64,"column":8},"end":{"line":64,"column":29}},"24":{"start":{"line":65,"column":8},"end":{"line":65,"column":18}},"25":{"start":{"line":68,"column":30},"end":{"line":77,"column":7}},"26":{"start":{"line":79,"column":6},"end":{"line":79,"column":43}},"27":{"start":{"line":81,"column":6},"end":{"line":83,"column":9}},"28":{"start":{"line":86,"column":28},"end":{"line":91,"column":69}},"29":{"start":{"line":87,"column":19},"end":{"line":90,"column":7}},"30":{"start":{"line":91,"column":21},"end":{"line":91,"column":68}},"31":{"start":{"line":93,"column":4},"end":{"line":97,"column":5}},"32":{"start":{"line":93,"column":63},"end":{"line":93,"column":110}},"33":{"start":{"line":94,"column":18},"end":{"line":94,"column":65}},"34":{"start":{"line":95,"column":6},"end":{"line":95,"column":27}},"35":{"start":{"line":96,"column":6},"end":{"line":96,"column":16}},"36":{"start":{"line":99,"column":25},"end":{"line":99,"column":34}},"37":{"start":{"line":100,"column":4},"end":{"line":102,"column":5}},"38":{"start":{"line":101,"column":6},"end":{"line":101,"column":90}},"39":{"start":{"line":104,"column":23},"end":{"line":104,"column":54}},"40":{"start":{"line":106,"column":21},"end":{"line":110,"column":6}},"41":{"start":{"line":112,"column":4},"end":{"line":119,"column":5}},"42":{"start":{"line":113,"column":20},"end":{"line":113,"column":54}},"43":{"start":{"line":113,"column":48},"end":{"line":113,"column":52}},"44":{"start":{"line":114,"column":22},"end":{"line":114,"column":63}},"45":{"start":{"line":114,"column":48},"end":{"line":114,"column":62}},"46":{"start":{"line":115,"column":18},"end":{"line":115,"column":46}},"47":{"start":{"line":116,"column":6},"end":{"line":116,"column":27}},"48":{"start":{"line":117,"column":6},"end":{"line":117,"column":51}},"49":{"start":{"line":118,"column":6},"end":{"line":118,"column":16}},"50":{"start":{"line":121,"column":24},"end":{"line":121,"column":25}},"51":{"start":{"line":122,"column":30},"end":{"line":122,"column":32}},"52":{"start":{"line":124,"column":4},"end":{"line":149,"column":5}},"53":{"start":{"line":125,"column":18},"end":{"line":125,"column":40}},"54":{"start":{"line":127,"column":6},"end":{"line":137,"column":7}},"55":{"start":{"line":128,"column":29},"end":{"line":128,"column":57}},"56":{"start":{"line":129,"column":8},"end":{"line":134,"column":9}},"57":{"start":{"line":130,"column":22},"end":{"line":130,"column":48}},"58":{"start":{"line":131,"column":10},"end":{"line":131,"column":31}},"59":{"start":{"line":132,"column":10},"end":{"line":132,"column":85}},"60":{"start":{"line":133,"column":10},"end":{"line":133,"column":20}},"61":{"start":{"line":136,"column":8},"end":{"line":136,"column":82}},"62":{"start":{"line":139,"column":24},"end":{"line":139,"column":39}},"63":{"start":{"line":140,"column":24},"end":{"line":140,"column":39}},"64":{"start":{"line":141,"column":6},"end":{"line":141,"column":33}},"65":{"start":{"line":143,"column":6},"end":{"line":148,"column":9}},"66":{"start":{"line":151,"column":18},"end":{"line":158,"column":5}},"67":{"start":{"line":160,"column":4},"end":{"line":163,"column":6}},"68":{"start":{"line":161,"column":36},"end":{"line":161,"column":63}},"69":{"start":{"line":165,"column":4},"end":{"line":170,"column":7}},"70":{"start":{"line":172,"column":4},"end":{"line":172,"column":17}},"71":{"start":{"line":176,"column":0},"end":{"line":179,"column":2}}},"fnMap":{"0":{"name":"listOrders","decl":{"start":{"line":6,"column":15},"end":{"line":6,"column":25}},"loc":{"start":{"line":6,"column":28},"end":{"line":11,"column":1}},"line":6},"1":{"name":"createOrder","decl":{"start":{"line":13,"column":15},"end":{"line":13,"column":26}},"loc":{"start":{"line":13,"column":36},"end":{"line":174,"column":1}},"line":13},"2":{"name":"(anonymous_2)","decl":{"start":{"line":58,"column":31},"end":{"line":58,"column":32}},"loc":{"start":{"line":58,"column":44},"end":{"line":173,"column":3}},"line":58},"3":{"name":"(anonymous_3)","decl":{"start":{"line":87,"column":11},"end":{"line":87,"column":12}},"loc":{"start":{"line":87,"column":19},"end":{"line":90,"column":7}},"line":87},"4":{"name":"(anonymous_4)","decl":{"start":{"line":91,"column":14},"end":{"line":91,"column":15}},"loc":{"start":{"line":91,"column":21},"end":{"line":91,"column":68}},"line":91},"5":{"name":"(anonymous_5)","decl":{"start":{"line":93,"column":56},"end":{"line":93,"column":57}},"loc":{"start":{"line":93,"column":63},"end":{"line":93,"column":110}},"line":93},"6":{"name":"(anonymous_6)","decl":{"start":{"line":113,"column":41},"end":{"line":113,"column":42}},"loc":{"start":{"line":113,"column":48},"end":{"line":113,"column":52}},"line":113},"7":{"name":"(anonymous_7)","decl":{"start":{"line":114,"column":40},"end":{"line":114,"column":41}},"loc":{"start":{"line":114,"column":48},"end":{"line":114,"column":62}},"line":114},"8":{"name":"(anonymous_8)","decl":{"start":{"line":161,"column":28},"end":{"line":161,"column":29}},"loc":{"start":{"line":161,"column":36},"end":{"line":161,"column":63}},"line":161}},"branchMap":{"0":{"loc":{"start":{"line":16,"column":19},"end":{"line":16,"column":59}},"type":"binary-expr","locations":[{"start":{"line":16,"column":19},"end":{"line":16,"column":39}},{"start":{"line":16,"column":43},"end":{"line":16,"column":59}}],"line":16},"1":{"loc":{"start":{"line":18,"column":2},"end":{"line":55,"column":3}},"type":"if","locations":[{"start":{"line":18,"column":2},"end":{"line":55,"column":3}},{"start":{},"end":{}}],"line":18},"2":{"loc":{"start":{"line":21,"column":4},"end":{"line":41,"column":5}},"type":"if","locations":[{"start":{"line":21,"column":4},"end":{"line":41,"column":5}},{"start":{},"end":{}}],"line":21},"3":{"loc":{"start":{"line":22,"column":6},"end":{"line":26,"column":7}},"type":"if","locations":[{"start":{"line":22,"column":6},"end":{"line":26,"column":7}},{"start":{},"end":{}}],"line":22},"4":{"loc":{"start":{"line":22,"column":10},"end":{"line":22,"column":42}},"type":"binary-expr","locations":[{"start":{"line":22,"column":10},"end":{"line":22,"column":19}},{"start":{"line":22,"column":23},"end":{"line":22,"column":42}}],"line":22},"5":{"loc":{"start":{"line":30,"column":18},"end":{"line":30,"column":43}},"type":"binary-expr","locations":[{"start":{"line":30,"column":18},"end":{"line":30,"column":35}},{"start":{"line":30,"column":39},"end":{"line":30,"column":43}}],"line":30},"6":{"loc":{"start":{"line":31,"column":15},"end":{"line":31,"column":37}},"type":"binary-expr","locations":[{"start":{"line":31,"column":15},"end":{"line":31,"column":29}},{"start":{"line":31,"column":33},"end":{"line":31,"column":37}}],"line":31},"7":{"loc":{"start":{"line":32,"column":15},"end":{"line":32,"column":37}},"type":"binary-expr","locations":[{"start":{"line":32,"column":15},"end":{"line":32,"column":29}},{"start":{"line":32,"column":33},"end":{"line":32,"column":37}}],"line":32},"8":{"loc":{"start":{"line":33,"column":17},"end":{"line":33,"column":41}},"type":"binary-expr","locations":[{"start":{"line":33,"column":17},"end":{"line":33,"column":33}},{"start":{"line":33,"column":37},"end":{"line":33,"column":41}}],"line":33},"9":{"loc":{"start":{"line":45,"column":19},"end":{"line":45,"column":38}},"type":"binary-expr","locations":[{"start":{"line":45,"column":19},"end":{"line":45,"column":30}},{"start":{"line":45,"column":34},"end":{"line":45,"column":38}}],"line":45},"10":{"loc":{"start":{"line":46,"column":14},"end":{"line":46,"column":33}},"type":"binary-expr","locations":[{"start":{"line":46,"column":14},"end":{"line":46,"column":20}},{"start":{"line":46,"column":24},"end":{"line":46,"column":33}}],"line":46},"11":{"loc":{"start":{"line":61,"column":4},"end":{"line":84,"column":5}},"type":"if","locations":[{"start":{"line":61,"column":4},"end":{"line":84,"column":5}},{"start":{},"end":{}}],"line":61},"12":{"loc":{"start":{"line":62,"column":6},"end":{"line":66,"column":7}},"type":"if","locations":[{"start":{"line":62,"column":6},"end":{"line":66,"column":7}},{"start":{},"end":{}}],"line":62},"13":{"loc":{"start":{"line":62,"column":10},"end":{"line":62,"column":42}},"type":"binary-expr","locations":[{"start":{"line":62,"column":10},"end":{"line":62,"column":19}},{"start":{"line":62,"column":23},"end":{"line":62,"column":42}}],"line":62},"14":{"loc":{"start":{"line":71,"column":20},"end":{"line":71,"column":45}},"type":"binary-expr","locations":[{"start":{"line":71,"column":20},"end":{"line":71,"column":37}},{"start":{"line":71,"column":41},"end":{"line":71,"column":45}}],"line":71},"15":{"loc":{"start":{"line":72,"column":17},"end":{"line":72,"column":39}},"type":"binary-expr","locations":[{"start":{"line":72,"column":17},"end":{"line":72,"column":31}},{"start":{"line":72,"column":35},"end":{"line":72,"column":39}}],"line":72},"16":{"loc":{"start":{"line":73,"column":17},"end":{"line":73,"column":39}},"type":"binary-expr","locations":[{"start":{"line":73,"column":17},"end":{"line":73,"column":31}},{"start":{"line":73,"column":35},"end":{"line":73,"column":39}}],"line":73},"17":{"loc":{"start":{"line":74,"column":19},"end":{"line":74,"column":43}},"type":"binary-expr","locations":[{"start":{"line":74,"column":19},"end":{"line":74,"column":35}},{"start":{"line":74,"column":39},"end":{"line":74,"column":43}}],"line":74},"18":{"loc":{"start":{"line":91,"column":21},"end":{"line":91,"column":68}},"type":"binary-expr","locations":[{"start":{"line":91,"column":21},"end":{"line":91,"column":49}},{"start":{"line":91,"column":53},"end":{"line":91,"column":68}}],"line":91},"19":{"loc":{"start":{"line":93,"column":4},"end":{"line":97,"column":5}},"type":"if","locations":[{"start":{"line":93,"column":4},"end":{"line":97,"column":5}},{"start":{},"end":{}}],"line":93},"20":{"loc":{"start":{"line":93,"column":8},"end":{"line":93,"column":111}},"type":"binary-expr","locations":[{"start":{"line":93,"column":8},"end":{"line":93,"column":31}},{"start":{"line":93,"column":35},"end":{"line":93,"column":111}}],"line":93},"21":{"loc":{"start":{"line":93,"column":63},"end":{"line":93,"column":110}},"type":"binary-expr","locations":[{"start":{"line":93,"column":63},"end":{"line":93,"column":91}},{"start":{"line":93,"column":95},"end":{"line":93,"column":110}}],"line":93},"22":{"loc":{"start":{"line":101,"column":38},"end":{"line":101,"column":73}},"type":"binary-expr","locations":[{"start":{"line":101,"column":38},"end":{"line":101,"column":68}},{"start":{"line":101,"column":72},"end":{"line":101,"column":73}}],"line":101},"23":{"loc":{"start":{"line":112,"column":4},"end":{"line":119,"column":5}},"type":"if","locations":[{"start":{"line":112,"column":4},"end":{"line":119,"column":5}},{"start":{},"end":{}}],"line":112},"24":{"loc":{"start":{"line":127,"column":6},"end":{"line":137,"column":7}},"type":"if","locations":[{"start":{"line":127,"column":6},"end":{"line":137,"column":7}},{"start":{},"end":{}}],"line":127},"25":{"loc":{"start":{"line":128,"column":36},"end":{"line":128,"column":56}},"type":"binary-expr","locations":[{"start":{"line":128,"column":36},"end":{"line":128,"column":51}},{"start":{"line":128,"column":55},"end":{"line":128,"column":56}}],"line":128},"26":{"loc":{"start":{"line":129,"column":8},"end":{"line":134,"column":9}},"type":"if","locations":[{"start":{"line":129,"column":8},"end":{"line":134,"column":9}},{"start":{},"end":{}}],"line":129},"27":{"loc":{"start":{"line":155,"column":16},"end":{"line":155,"column":35}},"type":"binary-expr","locations":[{"start":{"line":155,"column":16},"end":{"line":155,"column":22}},{"start":{"line":155,"column":26},"end":{"line":155,"column":35}}],"line":155}},"s":{"0":1,"1":1,"2":1,"3":5,"4":5,"5":5,"6":3,"7":3,"8":2,"9":1,"10":1,"11":1,"12":1,"13":1,"14":1,"15":2,"16":2,"17":2,"18":2,"19":2,"20":2,"21":0,"22":0,"23":0,"24":0,"25":0,"26":0,"27":0,"28":2,"29":3,"30":3,"31":2,"32":3,"33":0,"34":0,"35":0,"36":2,"37":2,"38":3,"39":2,"40":2,"41":2,"42":0,"43":0,"44":0,"45":0,"46":0,"47":0,"48":0,"49":0,"50":2,"51":2,"52":2,"53":3,"54":3,"55":2,"56":2,"57":1,"58":1,"59":1,"60":1,"61":1,"62":2,"63":2,"64":2,"65":2,"66":1,"67":1,"68":2,"69":1,"70":1,"71":1},"f":{"0":1,"1":5,"2":2,"3":3,"4":3,"5":3,"6":0,"7":0,"8":2},"b":{"0":[5,2],"1":[3,2],"2":[2,1],"3":[1,1],"4":[2,2],"5":[1,1],"6":[1,1],"7":[1,0],"8":[1,1],"9":[2,0],"10":[2,1],"11":[0,2],"12":[0,0],"13":[0,0],"14":[0,0],"15":[0,0],"16":[0,0],"17":[0,0],"18":[3,3],"19":[0,2],"20":[2,2],"21":[3,3],"22":[3,3],"23":[0,2],"24":[2,1],"25":[2,0],"26":[1,1],"27":[1,1]},"_coverageSchema":"1a1c01bbd47fc00a2c39e90264f33305004495a9","hash":"2df11dd1dda8eb9b3e85f35f70e32fe8a40e4728"}
,"C:\\Users\\grknc\\Desktop\\bmök\\Proje2\\mini-crm\\src\\services\\productService.js": {"path":"C:\\Users\\grknc\\Desktop\\bmök\\Proje2\\mini-crm\\src\\services\\productService.js","statementMap":{"0":{"start":{"line":3,"column":20},"end":{"line":3,"column":40}},"1":{"start":{"line":4,"column":15},"end":{"line":4,"column":39}},"2":{"start":{"line":7,"column":2},"end":{"line":10,"column":5}},"3":{"start":{"line":14,"column":18},"end":{"line":14,"column":44}},"4":{"start":{"line":15,"column":2},"end":{"line":19,"column":3}},"5":{"start":{"line":16,"column":16},"end":{"line":16,"column":44}},"6":{"start":{"line":17,"column":4},"end":{"line":17,"column":25}},"7":{"start":{"line":18,"column":4},"end":{"line":18,"column":14}},"8":{"start":{"line":20,"column":2},"end":{"line":20,"column":17}},"9":{"start":{"line":24,"column":15},"end":{"line":24,"column":49}},"10":{"start":{"line":25,"column":14},"end":{"line":25,"column":47}},"11":{"start":{"line":26,"column":16},"end":{"line":26,"column":38}},"12":{"start":{"line":27,"column":19},"end":{"line":27,"column":69}},"13":{"start":{"line":28,"column":20},"end":{"line":28,"column":73}},"14":{"start":{"line":29,"column":21},"end":{"line":29,"column":50}},"15":{"start":{"line":30,"column":24},"end":{"line":30,"column":46}},"16":{"start":{"line":32,"column":2},"end":{"line":36,"column":3}},"17":{"start":{"line":33,"column":16},"end":{"line":33,"column":44}},"18":{"start":{"line":34,"column":4},"end":{"line":34,"column":25}},"19":{"start":{"line":35,"column":4},"end":{"line":35,"column":14}},"20":{"start":{"line":38,"column":2},"end":{"line":42,"column":3}},"21":{"start":{"line":39,"column":16},"end":{"line":39,"column":43}},"22":{"start":{"line":40,"column":4},"end":{"line":40,"column":25}},"23":{"start":{"line":41,"column":4},"end":{"line":41,"column":14}},"24":{"start":{"line":44,"column":2},"end":{"line":48,"column":3}},"25":{"start":{"line":45,"column":16},"end":{"line":45,"column":43}},"26":{"start":{"line":46,"column":4},"end":{"line":46,"column":25}},"27":{"start":{"line":47,"column":4},"end":{"line":47,"column":14}},"28":{"start":{"line":50,"column":2},"end":{"line":57,"column":3}},"29":{"start":{"line":51,"column":15},"end":{"line":51,"column":36}},"30":{"start":{"line":52,"column":4},"end":{"line":56,"column":5}},"31":{"start":{"line":53,"column":18},"end":{"line":53,"column":90}},"32":{"start":{"line":54,"column":6},"end":{"line":54,"column":27}},"33":{"start":{"line":55,"column":6},"end":{"line":55,"column":16}},"34":{"start":{"line":59,"column":17},"end":{"line":59,"column":58}},"35":{"start":{"line":60,"column":2},"end":{"line":64,"column":3}},"36":{"start":{"line":61,"column":16},"end":{"line":61,"column":51}},"37":{"start":{"line":62,"column":4},"end":{"line":62,"column":25}},"38":{"start":{"line":63,"column":4},"end":{"line":63,"column":14}},"39":{"start":{"line":66,"column":18},"end":{"line":75,"column":4}},"40":{"start":{"line":77,"column":2},"end":{"line":77,"column":79}},"41":{"start":{"line":79,"column":2},"end":{"line":79,"column":17}},"42":{"start":{"line":83,"column":18},"end":{"line":83,"column":38}},"43":{"start":{"line":85,"column":16},"end":{"line":85,"column":18}},"44":{"start":{"line":87,"column":2},"end":{"line":94,"column":3}},"45":{"start":{"line":88,"column":4},"end":{"line":88,"column":51}},"46":{"start":{"line":89,"column":4},"end":{"line":93,"column":5}},"47":{"start":{"line":90,"column":18},"end":{"line":90,"column":46}},"48":{"start":{"line":91,"column":6},"end":{"line":91,"column":27}},"49":{"start":{"line":92,"column":6},"end":{"line":92,"column":16}},"50":{"start":{"line":96,"column":2},"end":{"line":104,"column":3}},"51":{"start":{"line":97,"column":18},"end":{"line":97,"column":39}},"52":{"start":{"line":98,"column":4},"end":{"line":102,"column":5}},"53":{"start":{"line":99,"column":18},"end":{"line":99,"column":45}},"54":{"start":{"line":100,"column":6},"end":{"line":100,"column":27}},"55":{"start":{"line":101,"column":6},"end":{"line":101,"column":16}},"56":{"start":{"line":103,"column":4},"end":{"line":103,"column":24}},"57":{"start":{"line":106,"column":2},"end":{"line":108,"column":3}},"58":{"start":{"line":107,"column":4},"end":{"line":107,"column":68}},"59":{"start":{"line":110,"column":2},"end":{"line":112,"column":3}},"60":{"start":{"line":111,"column":4},"end":{"line":111,"column":71}},"61":{"start":{"line":114,"column":2},"end":{"line":116,"column":3}},"62":{"start":{"line":115,"column":4},"end":{"line":115,"column":47}},"63":{"start":{"line":118,"column":2},"end":{"line":120,"column":3}},"64":{"start":{"line":119,"column":4},"end":{"line":119,"column":51}},"65":{"start":{"line":122,"column":2},"end":{"line":130,"column":3}},"66":{"start":{"line":123,"column":15},"end":{"line":123,"column":44}},"67":{"start":{"line":124,"column":4},"end":{"line":128,"column":5}},"68":{"start":{"line":125,"column":18},"end":{"line":125,"column":53}},"69":{"start":{"line":126,"column":6},"end":{"line":126,"column":27}},"70":{"start":{"line":127,"column":6},"end":{"line":127,"column":16}},"71":{"start":{"line":129,"column":4},"end":{"line":129,"column":29}},"72":{"start":{"line":133,"column":2},"end":{"line":135,"column":3}},"73":{"start":{"line":134,"column":4},"end":{"line":134,"column":31}},"74":{"start":{"line":137,"column":2},"end":{"line":137,"column":30}},"75":{"start":{"line":139,"column":2},"end":{"line":139,"column":61}},"76":{"start":{"line":141,"column":2},"end":{"line":141,"column":17}},"77":{"start":{"line":144,"column":0},"end":{"line":149,"column":2}}},"fnMap":{"0":{"name":"listProducts","decl":{"start":{"line":6,"column":15},"end":{"line":6,"column":27}},"loc":{"start":{"line":6,"column":30},"end":{"line":11,"column":1}},"line":6},"1":{"name":"getProduct","decl":{"start":{"line":13,"column":15},"end":{"line":13,"column":25}},"loc":{"start":{"line":13,"column":30},"end":{"line":21,"column":1}},"line":13},"2":{"name":"createProduct","decl":{"start":{"line":23,"column":15},"end":{"line":23,"column":28}},"loc":{"start":{"line":23,"column":38},"end":{"line":80,"column":1}},"line":23},"3":{"name":"updateProduct","decl":{"start":{"line":82,"column":15},"end":{"line":82,"column":28}},"loc":{"start":{"line":82,"column":42},"end":{"line":142,"column":1}},"line":82}},"branchMap":{"0":{"loc":{"start":{"line":15,"column":2},"end":{"line":19,"column":3}},"type":"if","locations":[{"start":{"line":15,"column":2},"end":{"line":19,"column":3}},{"start":{},"end":{}}],"line":15},"1":{"loc":{"start":{"line":24,"column":22},"end":{"line":24,"column":41}},"type":"binary-expr","locations":[{"start":{"line":24,"column":22},"end":{"line":24,"column":35}},{"start":{"line":24,"column":39},"end":{"line":24,"column":41}}],"line":24},"2":{"loc":{"start":{"line":25,"column":21},"end":{"line":25,"column":39}},"type":"binary-expr","locations":[{"start":{"line":25,"column":21},"end":{"line":25,"column":33}},{"start":{"line":25,"column":37},"end":{"line":25,"column":39}}],"line":25},"3":{"loc":{"start":{"line":27,"column":19},"end":{"line":27,"column":69}},"type":"binary-expr","locations":[{"start":{"line":27,"column":19},"end":{"line":27,"column":60}},{"start":{"line":27,"column":64},"end":{"line":27,"column":69}}],"line":27},"4":{"loc":{"start":{"line":27,"column":26},"end":{"line":27,"column":52}},"type":"binary-expr","locations":[{"start":{"line":27,"column":26},"end":{"line":27,"column":43}},{"start":{"line":27,"column":47},"end":{"line":27,"column":52}}],"line":27},"5":{"loc":{"start":{"line":28,"column":20},"end":{"line":28,"column":73}},"type":"binary-expr","locations":[{"start":{"line":28,"column":20},"end":{"line":28,"column":63}},{"start":{"line":28,"column":67},"end":{"line":28,"column":73}}],"line":28},"6":{"loc":{"start":{"line":28,"column":27},"end":{"line":28,"column":55}},"type":"binary-expr","locations":[{"start":{"line":28,"column":27},"end":{"line":28,"column":45}},{"start":{"line":28,"column":49},"end":{"line":28,"column":55}}],"line":28},"7":{"loc":{"start":{"line":32,"column":2},"end":{"line":36,"column":3}},"type":"if","locations":[{"start":{"line":32,"column":2},"end":{"line":36,"column":3}},{"start":{},"end":{}}],"line":32},"8":{"loc":{"start":{"line":38,"column":2},"end":{"line":42,"column":3}},"type":"if","locations":[{"start":{"line":38,"column":2},"end":{"line":42,"column":3}},{"start":{},"end":{}}],"line":38},"9":{"loc":{"start":{"line":44,"column":2},"end":{"line":48,"column":3}},"type":"if","locations":[{"start":{"line":44,"column":2},"end":{"line":48,"column":3}},{"start":{},"end":{}}],"line":44},"10":{"loc":{"start":{"line":44,"column":6},"end":{"line":44,"column":42}},"type":"binary-expr","locations":[{"start":{"line":44,"column":6},"end":{"line":44,"column":29}},{"start":{"line":44,"column":33},"end":{"line":44,"column":42}}],"line":44},"11":{"loc":{"start":{"line":50,"column":2},"end":{"line":57,"column":3}},"type":"if","locations":[{"start":{"line":50,"column":2},"end":{"line":57,"column":3}},{"start":{},"end":{}}],"line":50},"12":{"loc":{"start":{"line":52,"column":4},"end":{"line":56,"column":5}},"type":"if","locations":[{"start":{"line":52,"column":4},"end":{"line":56,"column":5}},{"start":{},"end":{}}],"line":52},"13":{"loc":{"start":{"line":52,"column":8},"end":{"line":52,"column":38}},"type":"binary-expr","locations":[{"start":{"line":52,"column":8},"end":{"line":52,"column":28}},{"start":{"line":52,"column":32},"end":{"line":52,"column":38}}],"line":52},"14":{"loc":{"start":{"line":60,"column":2},"end":{"line":64,"column":3}},"type":"if","locations":[{"start":{"line":60,"column":2},"end":{"line":64,"column":3}},{"start":{},"end":{}}],"line":60},"15":{"loc":{"start":{"line":73,"column":19},"end":{"line":73,"column":60}},"type":"cond-expr","locations":[{"start":{"line":73,"column":32},"end":{"line":73,"column":53}},{"start":{"line":73,"column":56},"end":{"line":73,"column":60}}],"line":73},"16":{"loc":{"start":{"line":87,"column":2},"end":{"line":94,"column":3}},"type":"if","locations":[{"start":{"line":87,"column":2},"end":{"line":94,"column":3}},{"start":{},"end":{}}],"line":87},"17":{"loc":{"start":{"line":88,"column":24},"end":{"line":88,"column":42}},"type":"binary-expr","locations":[{"start":{"line":88,"column":24},"end":{"line":88,"column":36}},{"start":{"line":88,"column":40},"end":{"line":88,"column":42}}],"line":88},"18":{"loc":{"start":{"line":89,"column":4},"end":{"line":93,"column":5}},"type":"if","locations":[{"start":{"line":89,"column":4},"end":{"line":93,"column":5}},{"start":{},"end":{}}],"line":89},"19":{"loc":{"start":{"line":96,"column":2},"end":{"line":104,"column":3}},"type":"if","locations":[{"start":{"line":96,"column":2},"end":{"line":104,"column":3}},{"start":{},"end":{}}],"line":96},"20":{"loc":{"start":{"line":98,"column":4},"end":{"line":102,"column":5}},"type":"if","locations":[{"start":{"line":98,"column":4},"end":{"line":102,"column":5}},{"start":{},"end":{}}],"line":98},"21":{"loc":{"start":{"line":98,"column":8},"end":{"line":98,"column":44}},"type":"binary-expr","locations":[{"start":{"line":98,"column":8},"end":{"line":98,"column":31}},{"start":{"line":98,"column":35},"end":{"line":98,"column":44}}],"line":98},"22":{"loc":{"start":{"line":106,"column":2},"end":{"line":108,"column":3}},"type":"if","locations":[{"start":{"line":106,"column":2},"end":{"line":108,"column":3}},{"start":{},"end":{}}],"line":106},"23":{"loc":{"start":{"line":107,"column":21},"end":{"line":107,"column":67}},"type":"binary-expr","locations":[{"start":{"line":107,"column":21},"end":{"line":107,"column":58}},{"start":{"line":107,"column":62},"end":{"line":107,"column":67}}],"line":107},"24":{"loc":{"start":{"line":107,"column":28},"end":{"line":107,"column":50}},"type":"binary-expr","locations":[{"start":{"line":107,"column":28},"end":{"line":107,"column":44}},{"start":{"line":107,"column":48},"end":{"line":107,"column":50}}],"line":107},"25":{"loc":{"start":{"line":110,"column":2},"end":{"line":112,"column":3}},"type":"if","locations":[{"start":{"line":110,"column":2},"end":{"line":112,"column":3}},{"start":{},"end":{}}],"line":110},"26":{"loc":{"start":{"line":111,"column":22},"end":{"line":111,"column":70}},"type":"binary-expr","locations":[{"start":{"line":111,"column":22},"end":{"line":111,"column":60}},{"start":{"line":111,"column":64},"end":{"line":111,"column":70}}],"line":111},"27":{"loc":{"start":{"line":111,"column":29},"end":{"line":111,"column":52}},"type":"binary-expr","locations":[{"start":{"line":111,"column":29},"end":{"line":111,"column":46}},{"start":{"line":111,"column":50},"end":{"line":111,"column":52}}],"line":111},"28":{"loc":{"start":{"line":114,"column":2},"end":{"line":116,"column":3}},"type":"if","locations":[{"start":{"line":114,"column":2},"end":{"line":116,"column":3}},{"start":{},"end":{}}],"line":114},"29":{"loc":{"start":{"line":118,"column":2},"end":{"line":120,"column":3}},"type":"if","locations":[{"start":{"line":118,"column":2},"end":{"line":120,"column":3}},{"start":{},"end":{}}],"line":118},"30":{"loc":{"start":{"line":122,"column":2},"end":{"line":130,"column":3}},"type":"if","locations":[{"start":{"line":122,"column":2},"end":{"line":130,"column":3}},{"start":{},"end":{}}],"line":122},"31":{"loc":{"start":{"line":124,"column":4},"end":{"line":128,"column":5}},"type":"if","locations":[{"start":{"line":124,"column":4},"end":{"line":128,"column":5}},{"start":{},"end":{}}],"line":124},"32":{"loc":{"start":{"line":124,"column":8},"end":{"line":124,"column":38}},"type":"binary-expr","locations":[{"start":{"line":124,"column":8},"end":{"line":124,"column":28}},{"start":{"line":124,"column":32},"end":{"line":124,"column":38}}],"line":124},"33":{"loc":{"start":{"line":133,"column":2},"end":{"line":135,"column":3}},"type":"if","locations":[{"start":{"line":133,"column":2},"end":{"line":135,"column":3}},{"start":{},"end":{}}],"line":133}},"s":{"0":1,"1":1,"2":0,"3":2,"4":2,"5":0,"6":0,"7":0,"8":2,"9":5,"10":5,"11":5,"12":5,"13":5,"14":5,"15":5,"16":5,"17":0,"18":0,"19":0,"20":5,"21":0,"22":0,"23":0,"24":5,"25":0,"26":0,"27":0,"28":5,"29":3,"30":3,"31":0,"32":0,"33":0,"34":5,"35":5,"36":1,"37":1,"38":1,"39":4,"40":4,"41":4,"42":0,"43":0,"44":0,"45":0,"46":0,"47":0,"48":0,"49":0,"50":0,"51":0,"52":0,"53":0,"54":0,"55":0,"56":0,"57":0,"58":0,"59":0,"60":0,"61":0,"62":0,"63":0,"64":0,"65":0,"66":0,"67":0,"68":0,"69":0,"70":0,"71":0,"72":0,"73":0,"74":0,"75":0,"76":0,"77":1},"f":{"0":0,"1":2,"2":5,"3":0},"b":{"0":[0,2],"1":[5,0],"2":[5,0],"3":[5,0],"4":[5,5],"5":[5,0],"6":[5,5],"7":[0,5],"8":[0,5],"9":[0,5],"10":[5,5],"11":[3,2],"12":[0,3],"13":[3,3],"14":[1,4],"15":[3,1],"16":[0,0],"17":[0,0],"18":[0,0],"19":[0,0],"20":[0,0],"21":[0,0],"22":[0,0],"23":[0,0],"24":[0,0],"25":[0,0],"26":[0,0],"27":[0,0],"28":[0,0],"29":[0,0],"30":[0,0],"31":[0,0],"32":[0,0],"33":[0,0]},"_coverageSchema":"1a1c01bbd47fc00a2c39e90264f33305004495a9","hash":"79b8e22409f87d1648a4d1f150a1df3f84ddd668"}
}
