TN:
SF:src\app.js
FN:18,(anonymous_0)
FN:27,(anonymous_1)
FN:44,(anonymous_2)
FNF:3
FNH:1
FNDA:0,(anonymous_0)
FNDA:0,(anonymous_1)
FNDA:3,(anonymous_2)
DA:4,1
DA:5,1
DA:6,1
DA:8,1
DA:9,1
DA:11,1
DA:13,1
DA:14,1
DA:17,1
DA:18,0
DA:19,0
DA:21,0
DA:27,0
DA:28,0
DA:37,0
DA:41,1
DA:42,1
DA:44,1
DA:45,3
DA:47,3
DA:54,3
DA:61,1
LF:22
LH:16
BRDA:17,0,0,0
BRDA:17,0,1,1
BRDA:45,1,0,3
BRDA:45,1,1,0
BRDA:55,2,0,3
BRDA:55,2,1,0
BRF:6
BRH:3
end_of_record
TN:
SF:src\config\index.js
FN:10,(anonymous_0)
FN:15,(anonymous_1)
FNF:2
FNH:2
FNDA:2,(anonymous_0)
FNDA:1,(anonymous_1)
DA:4,1
DA:6,1
DA:8,1
DA:10,1
DA:11,2
DA:12,2
DA:15,1
DA:16,1
DA:17,1
DA:18,1
DA:21,1
DA:23,1
DA:27,1
DA:35,1
LF:14
LH:14
BRDA:8,0,0,1
BRDA:8,0,1,0
BRDA:12,1,0,2
BRDA:12,1,1,0
BRDA:15,2,0,0
BRDA:16,3,0,0
BRDA:16,3,1,1
BRDA:16,4,0,1
BRDA:16,4,1,1
BRDA:16,4,2,1
BRDA:18,5,0,1
BRDA:18,5,1,0
BRDA:23,6,0,1
BRDA:23,6,1,0
BRDA:28,7,0,1
BRDA:28,7,1,0
BRDA:30,8,0,1
BRDA:30,8,1,0
BRDA:31,9,0,1
BRDA:31,9,1,0
BRDA:32,10,0,1
BRDA:32,10,1,0
BRDA:42,11,0,1
BRDA:42,11,1,0
BRDA:43,12,0,0
BRDA:43,12,1,0
BRDA:43,13,0,0
BRDA:43,13,1,0
BRDA:50,14,0,1
BRDA:50,14,1,0
BRF:30
BRH:14
end_of_record
TN:
SF:src\lib\logger.js
FN:19,(anonymous_0)
FN:25,(anonymous_1)
FN:26,(anonymous_2)
FN:54,(anonymous_3)
FN:55,(anonymous_4)
FNF:5
FNH:4
FNDA:1,(anonymous_0)
FNDA:12,(anonymous_1)
FNDA:12,(anonymous_2)
FNDA:3,(anonymous_3)
FNDA:0,(anonymous_4)
DA:3,1
DA:4,1
DA:5,1
DA:6,1
DA:8,1
DA:9,1
DA:10,1
DA:15,1
DA:16,1
DA:20,1
DA:21,1
DA:22,1
DA:26,12
DA:28,12
DA:29,12
DA:31,12
DA:32,9
DA:35,3
DA:36,3
DA:37,3
DA:39,3
DA:54,3
DA:55,0
DA:57,0
DA:62,1
DA:96,1
LF:26
LH:24
BRDA:19,0,0,0
BRDA:21,1,0,1
BRDA:21,1,1,0
BRDA:29,2,0,12
BRDA:29,2,1,0
BRDA:31,3,0,9
BRDA:31,3,1,3
BRDA:31,4,0,12
BRDA:31,4,1,12
BRDA:31,4,2,9
BRDA:35,5,0,3
BRDA:35,5,1,0
BRDA:36,6,0,3
BRDA:36,6,1,0
BRDA:36,6,2,0
BRDA:63,7,0,1
BRDA:63,7,1,0
BRDA:65,8,0,1
BRDA:65,8,1,1
BRDA:66,9,0,1
BRDA:66,9,1,0
BRF:21
BRH:13
end_of_record
TN:
SF:src\middlewares\requestContext.js
FN:5,requestContext
FNF:1
FNH:1
FNDA:14,requestContext
DA:3,1
DA:5,1
DA:6,14
DA:8,14
DA:12,14
DA:13,14
DA:14,14
LF:7
LH:7
BRDA:8,0,0,0
BRDA:8,0,1,14
BRDA:8,1,0,14
BRDA:8,1,1,0
BRF:4
BRH:2
end_of_record
TN:
SF:src\models\customer.js
FN:3,(anonymous_0)
FNF:1
FNH:1
FNDA:1,(anonymous_0)
DA:3,1
DA:4,1
DA:56,1
LF:3
LH:3
BRF:0
BRH:0
end_of_record
TN:
SF:src\models\index.js
FN:10,(anonymous_0)
FNF:1
FNH:0
FNDA:0,(anonymous_0)
DA:3,1
DA:4,1
DA:5,1
DA:8,1
DA:10,0
DA:12,1
DA:31,1
DA:33,1
DA:34,1
DA:36,1
DA:37,1
DA:40,1
DA:41,1
DA:43,1
LF:14
LH:13
BRDA:8,0,0,1
BRDA:8,0,1,0
BRDA:12,1,0,1
BRDA:12,1,1,0
BRF:4
BRH:2
end_of_record
TN:
SF:src\models\order.js
FN:3,(anonymous_0)
FNF:1
FNH:1
FNDA:1,(anonymous_0)
DA:3,1
DA:4,1
DA:36,1
LF:3
LH:3
BRF:0
BRH:0
end_of_record
TN:
SF:src\routes\customers.js
FN:8,(anonymous_0)
FN:19,(anonymous_1)
FN:34,(anonymous_2)
FN:44,(anonymous_3)
FN:59,(anonymous_4)
FNF:5
FNH:3
FNDA:2,(anonymous_0)
FNDA:0,(anonymous_1)
FNDA:7,(anonymous_2)
FNDA:0,(anonymous_3)
FNDA:1,(anonymous_4)
DA:3,1
DA:4,1
DA:5,1
DA:8,1
DA:9,2
DA:10,2
DA:11,2
DA:12,2
DA:14,0
DA:19,1
DA:20,0
DA:21,0
DA:22,0
DA:23,0
DA:26,0
DA:27,0
DA:29,0
DA:34,1
DA:35,7
DA:36,7
DA:37,5
DA:39,2
DA:44,1
DA:45,0
DA:46,0
DA:47,0
DA:48,0
DA:51,0
DA:52,0
DA:54,0
DA:59,1
DA:60,1
DA:61,1
DA:62,1
DA:63,0
DA:66,1
DA:67,1
DA:69,0
DA:73,1
LF:39
LH:22
BRDA:22,0,0,0
BRDA:22,0,1,0
BRDA:22,1,0,0
BRDA:22,1,1,0
BRDA:47,2,0,0
BRDA:47,2,1,0
BRDA:47,3,0,0
BRDA:47,3,1,0
BRDA:62,4,0,0
BRDA:62,4,1,1
BRDA:62,5,0,1
BRDA:62,5,1,1
BRF:12
BRH:3
end_of_record
TN:
SF:src\routes\orders.js
FN:8,(anonymous_0)
FN:18,(anonymous_1)
FNF:2
FNH:2
FNDA:1,(anonymous_0)
FNDA:3,(anonymous_1)
DA:3,1
DA:4,1
DA:5,1
DA:8,1
DA:9,1
DA:10,1
DA:11,1
DA:13,0
DA:18,1
DA:19,3
DA:20,3
DA:21,2
DA:23,1
DA:27,1
LF:14
LH:13
BRF:0
BRH:0
end_of_record
TN:
SF:src\services\customerService.js
FN:8,normalizePhone
FN:26,normalizeEmail
FN:41,httpError
FN:48,listCustomers
FN:60,getCustomerById
FN:72,createCustomer
FN:131,updateCustomer
FN:202,deleteCustomer
FNF:8
FNH:7
FNDA:7,normalizePhone
FNDA:7,normalizeEmail
FNDA:2,httpError
FNDA:2,listCustomers
FNDA:1,getCustomerById
FNDA:7,createCustomer
FNDA:0,updateCustomer
FNDA:1,deleteCustomer
DA:3,1
DA:4,1
DA:5,1
DA:9,7
DA:11,1
DA:12,1
DA:14,1
DA:15,1
DA:17,1
DA:18,1
DA:19,1
DA:21,1
DA:23,1
DA:27,7
DA:29,5
DA:30,5
DA:33,5
DA:38,5
DA:42,2
DA:43,2
DA:44,2
DA:45,2
DA:49,2
DA:50,2
DA:52,2
DA:61,1
DA:65,1
DA:66,0
DA:69,1
DA:73,7
DA:74,0
DA:77,7
DA:78,7
DA:79,0
DA:83,7
DA:87,7
DA:88,7
DA:90,7
DA:91,1
DA:95,6
DA:96,6
DA:97,6
DA:99,6
DA:106,6
DA:107,1
DA:114,5
DA:119,5
DA:128,5
DA:132,0
DA:133,0
DA:136,0
DA:137,0
DA:139,0
DA:140,0
DA:141,0
DA:142,0
DA:145,0
DA:146,0
DA:147,0
DA:150,0
DA:151,0
DA:154,0
DA:155,0
DA:158,0
DA:159,0
DA:162,0
DA:163,0
DA:168,0
DA:170,0
DA:172,0
DA:173,0
DA:175,0
DA:176,0
DA:177,0
DA:178,0
DA:180,0
DA:188,0
DA:189,0
DA:196,0
DA:198,0
DA:199,0
DA:203,1
DA:205,1
DA:207,1
DA:208,1
DA:211,1
LF:86
LH:50
BRDA:9,0,0,6
BRDA:9,0,1,1
BRDA:9,1,0,7
BRDA:9,1,1,1
BRDA:12,2,0,0
BRDA:12,2,1,1
BRDA:15,3,0,0
BRDA:15,3,1,1
BRDA:17,4,0,0
BRDA:17,4,1,1
BRDA:18,5,0,1
BRDA:18,5,1,0
BRDA:19,6,0,0
BRDA:19,6,1,1
BRDA:21,7,0,0
BRDA:21,7,1,1
BRDA:27,8,0,2
BRDA:27,8,1,5
BRDA:27,9,0,7
BRDA:27,9,1,5
BRDA:30,10,0,0
BRDA:30,10,1,5
BRDA:33,11,0,5
BRDA:33,11,1,5
BRDA:33,11,2,5
BRDA:33,11,3,5
BRDA:38,12,0,5
BRDA:38,12,1,0
BRDA:41,13,0,2
BRDA:44,14,0,0
BRDA:44,14,1,2
BRDA:48,15,0,0
BRDA:48,16,0,2
BRDA:48,17,0,2
BRDA:49,18,0,2
BRDA:49,18,1,0
BRDA:50,19,0,2
BRDA:50,19,1,2
BRDA:65,20,0,0
BRDA:65,20,1,1
BRDA:73,21,0,0
BRDA:73,21,1,7
BRDA:73,22,0,7
BRDA:73,22,1,7
BRDA:77,23,0,7
BRDA:77,23,1,0
BRDA:78,24,0,0
BRDA:78,24,1,7
BRDA:83,25,0,7
BRDA:83,25,1,0
BRDA:83,26,0,7
BRDA:83,26,1,0
BRDA:85,27,0,0
BRDA:85,27,1,0
BRDA:90,28,0,1
BRDA:90,28,1,6
BRDA:90,29,0,7
BRDA:90,29,1,2
BRDA:96,30,0,5
BRDA:96,30,1,1
BRDA:97,31,0,1
BRDA:97,31,1,5
BRDA:106,32,0,1
BRDA:106,32,1,5
BRDA:124,33,0,5
BRDA:124,33,1,5
BRDA:125,34,0,5
BRDA:125,34,1,5
BRDA:132,35,0,0
BRDA:132,35,1,0
BRDA:132,36,0,0
BRDA:132,36,1,0
BRDA:139,37,0,0
BRDA:139,37,1,0
BRDA:140,38,0,0
BRDA:140,38,1,0
BRDA:141,39,0,0
BRDA:141,39,1,0
BRDA:145,40,0,0
BRDA:145,40,1,0
BRDA:146,41,0,0
BRDA:146,41,1,0
BRDA:147,42,0,0
BRDA:147,42,1,0
BRDA:150,43,0,0
BRDA:150,43,1,0
BRDA:154,44,0,0
BRDA:154,44,1,0
BRDA:158,45,0,0
BRDA:158,45,1,0
BRDA:159,46,0,0
BRDA:159,46,1,0
BRDA:162,47,0,0
BRDA:162,47,1,0
BRDA:163,48,0,0
BRDA:163,48,1,0
BRDA:168,49,0,0
BRDA:168,49,1,0
BRDA:170,50,0,0
BRDA:170,50,1,0
BRDA:172,51,0,0
BRDA:172,51,1,0
BRDA:172,52,0,0
BRDA:172,52,1,0
BRDA:175,53,0,0
BRDA:175,53,1,0
BRDA:175,54,0,0
BRDA:175,54,1,0
BRDA:177,55,0,0
BRDA:177,55,1,0
BRDA:178,56,0,0
BRDA:178,56,1,0
BRDA:188,57,0,0
BRDA:188,57,1,0
BRF:114
BRH:49
end_of_record
TN:
SF:src\services\orderService.js
FN:6,listOrders
FN:13,createOrder
FNF:2
FNH:2
FNDA:1,listOrders
FNDA:3,createOrder
DA:3,1
DA:4,1
DA:7,1
DA:14,3
DA:16,3
DA:18,3
DA:19,2
DA:20,1
DA:21,1
DA:22,1
DA:25,1
DA:33,1
DA:35,1
DA:40,2
DA:46,2
DA:51,2
DA:54,1
LF:17
LH:17
BRDA:18,0,0,2
BRDA:18,0,1,1
BRDA:19,1,0,1
BRDA:19,1,1,1
BRDA:19,2,0,2
BRDA:19,2,1,2
BRDA:27,3,0,1
BRDA:27,3,1,1
BRDA:28,4,0,1
BRDA:28,4,1,1
BRDA:29,5,0,1
BRDA:29,5,1,0
BRDA:30,6,0,1
BRDA:30,6,1,1
BRDA:42,7,0,2
BRDA:42,7,1,0
BRDA:43,8,0,2
BRDA:43,8,1,1
BRF:18
BRH:16
end_of_record
