TN:
SF:src\app.js
FN:19,(anonymous_0)
FN:28,(anonymous_1)
FN:46,(anonymous_2)
FNF:3
FNH:1
FNDA:0,(anonymous_0)
FNDA:0,(anonymous_1)
FNDA:5,(anonymous_2)
DA:4,1
DA:5,1
DA:6,1
DA:8,1
DA:9,1
DA:10,1
DA:12,1
DA:14,1
DA:15,1
DA:18,1
DA:19,0
DA:20,0
DA:22,0
DA:28,0
DA:29,0
DA:38,0
DA:42,1
DA:43,1
DA:44,1
DA:46,1
DA:47,5
DA:49,5
DA:56,5
DA:63,1
LF:24
LH:18
BRDA:18,0,0,0
BRDA:18,0,1,1
BRDA:47,1,0,5
BRDA:47,1,1,0
BRDA:57,2,0,5
BRDA:57,2,1,0
BRF:6
BRH:3
end_of_record
TN:
SF:src\config\index.js
FN:10,(anonymous_0)
FN:15,(anonymous_1)
FNF:2
FNH:2
FNDA:2,(anonymous_0)
FNDA:1,(anonymous_1)
DA:4,1
DA:6,1
DA:8,1
DA:10,1
DA:11,2
DA:12,2
DA:15,1
DA:16,1
DA:17,1
DA:18,1
DA:21,1
DA:23,1
DA:25,1
DA:33,1
LF:14
LH:14
BRDA:8,0,0,1
BRDA:8,0,1,0
BRDA:12,1,0,2
BRDA:12,1,1,0
BRDA:15,2,0,0
BRDA:16,3,0,0
BRDA:16,3,1,1
BRDA:16,4,0,1
BRDA:16,4,1,1
BRDA:16,4,2,1
BRDA:18,5,0,1
BRDA:18,5,1,0
BRDA:23,6,0,1
BRDA:23,6,1,0
BRDA:26,7,0,1
BRDA:26,7,1,0
BRDA:28,8,0,1
BRDA:28,8,1,0
BRDA:29,9,0,1
BRDA:29,9,1,0
BRDA:30,10,0,1
BRDA:30,10,1,0
BRDA:40,11,0,1
BRDA:40,11,1,0
BRDA:40,12,0,0
BRDA:40,12,1,0
BRDA:40,13,0,0
BRDA:40,13,1,0
BRDA:47,14,0,1
BRDA:47,14,1,0
BRF:30
BRH:14
end_of_record
TN:
SF:src\helpers\customerNormalizer.js
FN:3,normalizePhone
FN:21,normalizeEmail
FNF:2
FNH:2
FNDA:18,normalizePhone
FNDA:18,normalizeEmail
DA:4,18
DA:6,8
DA:7,8
DA:9,7
DA:10,7
DA:12,7
DA:13,7
DA:14,7
DA:16,7
DA:18,5
DA:22,18
DA:24,14
DA:25,14
DA:28,13
DA:33,13
DA:36,2
LF:16
LH:16
BRDA:4,0,0,10
BRDA:4,0,1,8
BRDA:4,1,0,18
BRDA:4,1,1,9
BRDA:7,2,0,1
BRDA:7,2,1,7
BRDA:10,3,0,0
BRDA:10,3,1,7
BRDA:12,4,0,1
BRDA:12,4,1,6
BRDA:13,5,0,2
BRDA:13,5,1,5
BRDA:14,6,0,3
BRDA:14,6,1,4
BRDA:16,7,0,2
BRDA:16,7,1,5
BRDA:22,8,0,4
BRDA:22,8,1,14
BRDA:22,9,0,18
BRDA:22,9,1,15
BRDA:25,10,0,1
BRDA:25,10,1,13
BRDA:28,11,0,13
BRDA:28,11,1,11
BRDA:28,11,2,10
BRDA:28,11,3,9
BRDA:33,12,0,8
BRDA:33,12,1,5
BRF:28
BRH:27
end_of_record
TN:
SF:src\lib\logger.js
FN:17,(anonymous_0)
FN:23,(anonymous_1)
FN:24,(anonymous_2)
FN:52,(anonymous_3)
FN:53,(anonymous_4)
FNF:5
FNH:4
FNDA:1,(anonymous_0)
FNDA:21,(anonymous_1)
FNDA:21,(anonymous_2)
FNDA:5,(anonymous_3)
FNDA:0,(anonymous_4)
DA:3,1
DA:4,1
DA:5,1
DA:6,1
DA:8,1
DA:9,1
DA:10,1
DA:13,1
DA:14,1
DA:18,1
DA:19,1
DA:20,1
DA:24,21
DA:26,21
DA:27,21
DA:29,21
DA:30,16
DA:33,5
DA:34,5
DA:35,5
DA:37,5
DA:52,5
DA:53,0
DA:55,0
DA:60,1
DA:94,1
LF:26
LH:24
BRDA:17,0,0,0
BRDA:19,1,0,1
BRDA:19,1,1,0
BRDA:27,2,0,21
BRDA:27,2,1,0
BRDA:29,3,0,16
BRDA:29,3,1,5
BRDA:29,4,0,21
BRDA:29,4,1,21
BRDA:29,4,2,16
BRDA:33,5,0,5
BRDA:33,5,1,0
BRDA:34,6,0,5
BRDA:34,6,1,0
BRDA:34,6,2,0
BRDA:61,7,0,1
BRDA:61,7,1,0
BRDA:63,8,0,1
BRDA:63,8,1,1
BRDA:64,9,0,1
BRDA:64,9,1,0
BRF:21
BRH:13
end_of_record
TN:
SF:src\middlewares\requestContext.js
FN:5,requestContext
FNF:1
FNH:1
FNDA:25,requestContext
DA:3,1
DA:5,1
DA:6,25
DA:7,25
DA:9,25
DA:10,25
DA:11,25
LF:7
LH:7
BRDA:7,0,0,0
BRDA:7,0,1,25
BRDA:7,1,0,25
BRDA:7,1,1,0
BRF:4
BRH:2
end_of_record
TN:
SF:src\models\customer.js
FN:3,(anonymous_0)
FNF:1
FNH:1
FNDA:1,(anonymous_0)
DA:3,1
DA:4,1
DA:56,1
LF:3
LH:3
BRF:0
BRH:0
end_of_record
TN:
SF:src\models\index.js
FN:10,(anonymous_0)
FNF:1
FNH:0
FNDA:0,(anonymous_0)
DA:3,1
DA:4,1
DA:5,1
DA:8,1
DA:10,0
DA:12,1
DA:31,1
DA:33,1
DA:34,1
DA:36,1
DA:37,1
DA:38,1
DA:39,1
DA:41,1
DA:42,1
DA:44,1
DA:45,1
DA:47,1
DA:48,1
DA:50,1
LF:20
LH:19
BRDA:8,0,0,1
BRDA:8,0,1,0
BRDA:12,1,0,1
BRDA:12,1,1,0
BRF:4
BRH:2
end_of_record
TN:
SF:src\models\order.js
FN:3,(anonymous_0)
FNF:1
FNH:1
FNDA:1,(anonymous_0)
DA:3,1
DA:4,1
DA:36,1
LF:3
LH:3
BRF:0
BRH:0
end_of_record
TN:
SF:src\models\orderItem.js
FN:3,(anonymous_0)
FNF:1
FNH:1
FNDA:1,(anonymous_0)
DA:3,1
DA:4,1
DA:45,1
LF:3
LH:3
BRF:0
BRH:0
end_of_record
TN:
SF:src\models\product.js
FN:3,(anonymous_0)
FNF:1
FNH:1
FNDA:1,(anonymous_0)
DA:3,1
DA:4,1
DA:65,1
LF:3
LH:3
BRF:0
BRH:0
end_of_record
TN:
SF:src\routes\customers.js
FN:8,(anonymous_0)
FN:19,(anonymous_1)
FN:34,(anonymous_2)
FN:44,(anonymous_3)
FN:59,(anonymous_4)
FNF:5
FNH:3
FNDA:2,(anonymous_0)
FNDA:0,(anonymous_1)
FNDA:9,(anonymous_2)
FNDA:0,(anonymous_3)
FNDA:1,(anonymous_4)
DA:3,1
DA:4,1
DA:5,1
DA:8,1
DA:9,2
DA:10,2
DA:11,2
DA:12,2
DA:14,0
DA:19,1
DA:20,0
DA:21,0
DA:22,0
DA:23,0
DA:26,0
DA:27,0
DA:29,0
DA:34,1
DA:35,9
DA:36,9
DA:37,7
DA:39,2
DA:44,1
DA:45,0
DA:46,0
DA:47,0
DA:48,0
DA:51,0
DA:52,0
DA:54,0
DA:59,1
DA:60,1
DA:61,1
DA:62,1
DA:63,0
DA:66,1
DA:67,1
DA:69,0
DA:73,1
LF:39
LH:22
BRDA:22,0,0,0
BRDA:22,0,1,0
BRDA:22,1,0,0
BRDA:22,1,1,0
BRDA:47,2,0,0
BRDA:47,2,1,0
BRDA:47,3,0,0
BRDA:47,3,1,0
BRDA:62,4,0,0
BRDA:62,4,1,1
BRDA:62,5,0,1
BRDA:62,5,1,1
BRF:12
BRH:3
end_of_record
TN:
SF:src\routes\orders.js
FN:8,(anonymous_0)
FN:18,(anonymous_1)
FNF:2
FNH:2
FNDA:1,(anonymous_0)
FNDA:5,(anonymous_1)
DA:3,1
DA:4,1
DA:5,1
DA:8,1
DA:9,1
DA:10,1
DA:11,1
DA:13,0
DA:18,1
DA:19,5
DA:20,5
DA:21,3
DA:23,2
DA:27,1
LF:14
LH:13
BRF:0
BRH:0
end_of_record
TN:
SF:src\routes\products.js
FN:8,(anonymous_0)
FN:18,(anonymous_1)
FN:28,(anonymous_2)
FN:38,(anonymous_3)
FNF:4
FNH:2
FNDA:0,(anonymous_0)
FNDA:2,(anonymous_1)
FNDA:5,(anonymous_2)
FNDA:0,(anonymous_3)
DA:3,1
DA:4,1
DA:5,1
DA:8,1
DA:9,0
DA:10,0
DA:11,0
DA:13,0
DA:18,1
DA:19,2
DA:20,2
DA:21,2
DA:23,0
DA:28,1
DA:29,5
DA:30,5
DA:31,4
DA:33,1
DA:38,1
DA:39,0
DA:40,0
DA:41,0
DA:43,0
DA:47,1
LF:24
LH:15
BRF:0
BRH:0
end_of_record
TN:
SF:src\services\customerService.js
FN:8,httpError
FN:15,listCustomers
FN:27,getCustomerById
FN:39,createCustomer
FN:95,updateCustomer
FN:161,deleteCustomer
FNF:6
FNH:5
FNDA:2,httpError
FNDA:2,listCustomers
FNDA:1,getCustomerById
FNDA:9,createCustomer
FNDA:0,updateCustomer
FNDA:1,deleteCustomer
DA:3,1
DA:4,1
DA:5,1
DA:6,1
DA:9,2
DA:10,2
DA:11,2
DA:12,2
DA:16,2
DA:17,2
DA:19,2
DA:28,1
DA:32,1
DA:33,0
DA:36,1
DA:40,9
DA:41,0
DA:44,9
DA:45,9
DA:46,0
DA:50,9
DA:54,9
DA:55,9
DA:57,9
DA:58,1
DA:62,8
DA:63,8
DA:64,8
DA:66,8
DA:73,8
DA:74,1
DA:78,7
DA:83,7
DA:92,7
DA:96,0
DA:97,0
DA:100,0
DA:101,0
DA:103,0
DA:104,0
DA:105,0
DA:106,0
DA:109,0
DA:110,0
DA:111,0
DA:114,0
DA:115,0
DA:118,0
DA:119,0
DA:122,0
DA:123,0
DA:126,0
DA:127,0
DA:131,0
DA:132,0
DA:134,0
DA:135,0
DA:137,0
DA:138,0
DA:139,0
DA:140,0
DA:142,0
DA:150,0
DA:151,0
DA:155,0
DA:157,0
DA:158,0
DA:162,1
DA:164,1
DA:166,1
DA:167,1
DA:170,1
LF:72
LH:36
BRDA:8,0,0,2
BRDA:11,1,0,0
BRDA:11,1,1,2
BRDA:15,2,0,0
BRDA:15,3,0,2
BRDA:15,4,0,2
BRDA:16,5,0,2
BRDA:16,5,1,0
BRDA:17,6,0,2
BRDA:17,6,1,2
BRDA:32,7,0,0
BRDA:32,7,1,1
BRDA:40,8,0,0
BRDA:40,8,1,9
BRDA:40,9,0,9
BRDA:40,9,1,9
BRDA:44,10,0,9
BRDA:44,10,1,0
BRDA:45,11,0,0
BRDA:45,11,1,9
BRDA:50,12,0,9
BRDA:50,12,1,0
BRDA:50,13,0,9
BRDA:50,13,1,0
BRDA:52,14,0,0
BRDA:52,14,1,0
BRDA:57,15,0,1
BRDA:57,15,1,8
BRDA:57,16,0,9
BRDA:57,16,1,2
BRDA:63,17,0,7
BRDA:63,17,1,1
BRDA:64,18,0,1
BRDA:64,18,1,7
BRDA:73,19,0,1
BRDA:73,19,1,7
BRDA:88,20,0,7
BRDA:88,20,1,7
BRDA:89,21,0,7
BRDA:89,21,1,7
BRDA:96,22,0,0
BRDA:96,22,1,0
BRDA:96,23,0,0
BRDA:96,23,1,0
BRDA:103,24,0,0
BRDA:103,24,1,0
BRDA:104,25,0,0
BRDA:104,25,1,0
BRDA:105,26,0,0
BRDA:105,26,1,0
BRDA:109,27,0,0
BRDA:109,27,1,0
BRDA:110,28,0,0
BRDA:110,28,1,0
BRDA:111,29,0,0
BRDA:111,29,1,0
BRDA:114,30,0,0
BRDA:114,30,1,0
BRDA:118,31,0,0
BRDA:118,31,1,0
BRDA:122,32,0,0
BRDA:122,32,1,0
BRDA:123,33,0,0
BRDA:123,33,1,0
BRDA:126,34,0,0
BRDA:126,34,1,0
BRDA:127,35,0,0
BRDA:127,35,1,0
BRDA:131,36,0,0
BRDA:131,36,1,0
BRDA:132,37,0,0
BRDA:132,37,1,0
BRDA:134,38,0,0
BRDA:134,38,1,0
BRDA:134,39,0,0
BRDA:134,39,1,0
BRDA:137,40,0,0
BRDA:137,40,1,0
BRDA:137,41,0,0
BRDA:137,41,1,0
BRDA:139,42,0,0
BRDA:139,42,1,0
BRDA:140,43,0,0
BRDA:140,43,1,0
BRDA:150,44,0,0
BRDA:150,44,1,0
BRF:86
BRH:29
end_of_record
TN:
SF:src\services\orderService.js
FN:6,listOrders
FN:13,createOrder
FN:58,(anonymous_2)
FN:87,(anonymous_3)
FN:91,(anonymous_4)
FN:93,(anonymous_5)
FN:113,(anonymous_6)
FN:114,(anonymous_7)
FN:161,(anonymous_8)
FNF:9
FNH:7
FNDA:1,listOrders
FNDA:5,createOrder
FNDA:2,(anonymous_2)
FNDA:3,(anonymous_3)
FNDA:3,(anonymous_4)
FNDA:3,(anonymous_5)
FNDA:0,(anonymous_6)
FNDA:0,(anonymous_7)
FNDA:2,(anonymous_8)
DA:3,1
DA:4,1
DA:7,1
DA:14,5
DA:16,5
DA:18,5
DA:19,3
DA:21,3
DA:22,2
DA:23,1
DA:24,1
DA:25,1
DA:28,1
DA:36,1
DA:38,1
DA:43,2
DA:49,2
DA:54,2
DA:58,2
DA:59,2
DA:61,2
DA:62,0
DA:63,0
DA:64,0
DA:65,0
DA:68,0
DA:79,0
DA:81,0
DA:86,2
DA:87,3
DA:91,3
DA:93,3
DA:94,0
DA:95,0
DA:96,0
DA:99,2
DA:100,2
DA:101,3
DA:104,2
DA:106,2
DA:112,2
DA:113,0
DA:114,0
DA:115,0
DA:116,0
DA:117,0
DA:118,0
DA:121,2
DA:122,2
DA:124,2
DA:125,3
DA:127,3
DA:128,2
DA:129,2
DA:130,1
DA:131,1
DA:132,1
DA:133,1
DA:136,1
DA:139,2
DA:140,2
DA:141,2
DA:143,2
DA:151,1
DA:160,1
DA:161,2
DA:165,1
DA:172,1
DA:176,1
LF:69
LH:53
BRDA:16,0,0,5
BRDA:16,0,1,2
BRDA:18,1,0,3
BRDA:18,1,1,2
BRDA:21,2,0,2
BRDA:21,2,1,1
BRDA:22,3,0,1
BRDA:22,3,1,1
BRDA:22,4,0,2
BRDA:22,4,1,2
BRDA:30,5,0,1
BRDA:30,5,1,1
BRDA:31,6,0,1
BRDA:31,6,1,1
BRDA:32,7,0,1
BRDA:32,7,1,0
BRDA:33,8,0,1
BRDA:33,8,1,1
BRDA:45,9,0,2
BRDA:45,9,1,0
BRDA:46,10,0,2
BRDA:46,10,1,1
BRDA:61,11,0,0
BRDA:61,11,1,2
BRDA:62,12,0,0
BRDA:62,12,1,0
BRDA:62,13,0,0
BRDA:62,13,1,0
BRDA:71,14,0,0
BRDA:71,14,1,0
BRDA:72,15,0,0
BRDA:72,15,1,0
BRDA:73,16,0,0
BRDA:73,16,1,0
BRDA:74,17,0,0
BRDA:74,17,1,0
BRDA:91,18,0,3
BRDA:91,18,1,3
BRDA:93,19,0,0
BRDA:93,19,1,2
BRDA:93,20,0,2
BRDA:93,20,1,2
BRDA:93,21,0,3
BRDA:93,21,1,3
BRDA:101,22,0,3
BRDA:101,22,1,3
BRDA:112,23,0,0
BRDA:112,23,1,2
BRDA:127,24,0,2
BRDA:127,24,1,1
BRDA:128,25,0,2
BRDA:128,25,1,0
BRDA:129,26,0,1
BRDA:129,26,1,1
BRDA:155,27,0,1
BRDA:155,27,1,1
BRF:56
BRH:38
end_of_record
TN:
SF:src\services\productService.js
FN:6,listProducts
FN:13,getProduct
FN:23,createProduct
FN:82,updateProduct
FNF:4
FNH:2
FNDA:0,listProducts
FNDA:2,getProduct
FNDA:5,createProduct
FNDA:0,updateProduct
DA:3,1
DA:4,1
DA:7,0
DA:14,2
DA:15,2
DA:16,0
DA:17,0
DA:18,0
DA:20,2
DA:24,5
DA:25,5
DA:26,5
DA:27,5
DA:28,5
DA:29,5
DA:30,5
DA:32,5
DA:33,0
DA:34,0
DA:35,0
DA:38,5
DA:39,0
DA:40,0
DA:41,0
DA:44,5
DA:45,0
DA:46,0
DA:47,0
DA:50,5
DA:51,3
DA:52,3
DA:53,0
DA:54,0
DA:55,0
DA:59,5
DA:60,5
DA:61,1
DA:62,1
DA:63,1
DA:66,4
DA:77,4
DA:79,4
DA:83,0
DA:85,0
DA:87,0
DA:88,0
DA:89,0
DA:90,0
DA:91,0
DA:92,0
DA:96,0
DA:97,0
DA:98,0
DA:99,0
DA:100,0
DA:101,0
DA:103,0
DA:106,0
DA:107,0
DA:110,0
DA:111,0
DA:114,0
DA:115,0
DA:118,0
DA:119,0
DA:122,0
DA:123,0
DA:124,0
DA:125,0
DA:126,0
DA:127,0
DA:129,0
DA:133,0
DA:134,0
DA:137,0
DA:139,0
DA:141,0
DA:144,1
LF:78
LH:27
BRDA:15,0,0,0
BRDA:15,0,1,2
BRDA:24,1,0,5
BRDA:24,1,1,0
BRDA:25,2,0,5
BRDA:25,2,1,0
BRDA:27,3,0,5
BRDA:27,3,1,0
BRDA:27,4,0,5
BRDA:27,4,1,5
BRDA:28,5,0,5
BRDA:28,5,1,0
BRDA:28,6,0,5
BRDA:28,6,1,5
BRDA:32,7,0,0
BRDA:32,7,1,5
BRDA:38,8,0,0
BRDA:38,8,1,5
BRDA:44,9,0,0
BRDA:44,9,1,5
BRDA:44,10,0,5
BRDA:44,10,1,5
BRDA:50,11,0,3
BRDA:50,11,1,2
BRDA:52,12,0,0
BRDA:52,12,1,3
BRDA:52,13,0,3
BRDA:52,13,1,3
BRDA:60,14,0,1
BRDA:60,14,1,4
BRDA:73,15,0,3
BRDA:73,15,1,1
BRDA:87,16,0,0
BRDA:87,16,1,0
BRDA:88,17,0,0
BRDA:88,17,1,0
BRDA:89,18,0,0
BRDA:89,18,1,0
BRDA:96,19,0,0
BRDA:96,19,1,0
BRDA:98,20,0,0
BRDA:98,20,1,0
BRDA:98,21,0,0
BRDA:98,21,1,0
BRDA:106,22,0,0
BRDA:106,22,1,0
BRDA:107,23,0,0
BRDA:107,23,1,0
BRDA:107,24,0,0
BRDA:107,24,1,0
BRDA:110,25,0,0
BRDA:110,25,1,0
BRDA:111,26,0,0
BRDA:111,26,1,0
BRDA:111,27,0,0
BRDA:111,27,1,0
BRDA:114,28,0,0
BRDA:114,28,1,0
BRDA:118,29,0,0
BRDA:118,29,1,0
BRDA:122,30,0,0
BRDA:122,30,1,0
BRDA:124,31,0,0
BRDA:124,31,1,0
BRDA:124,32,0,0
BRDA:124,32,1,0
BRDA:133,33,0,0
BRDA:133,33,1,0
BRF:68
BRH:23
end_of_record
